#
# A fatal error has been detected by the Java Runtime Environment:
#
#  EXCEPTION_ACCESS_VIOLATION (0xc0000005) at pc=0x0000000000000001, pid=15344, tid=13124
#
# JRE version: OpenJDK Runtime Environment (11.0.4+11) (build 11.0.4+11)
# Java VM: OpenJDK 64-Bit Server VM (11.0.4+11, mixed mode, tiered, compressed oops, g1 gc, windows-amd64)
# Problematic frame:
# C  0x0000000000000001
#
# No core dump will be written. Minidumps are not enabled by default on client versions of Windows
#
# If you would like to submit a bug report, please visit:
#   https://github.com/AdoptOpenJDK/openjdk-build/issues
# The crash happened outside the Java Virtual Machine in native code.
# See problematic frame for where to report the bug.
#

---------------  S U M M A R Y ------------

Command Line: --module-path=C:\Users\Jake Yeo\.m2\repository\org\openjfx\javafx-base\17.0.2\javafx-base-17.0.2-win.jar;C:\Users\Jake Yeo\.m2\repository\org\openjfx\javafx-base\17.0.2\javafx-base-17.0.2.jar;C:\Users\Jake Yeo\.m2\repository\org\openjfx\javafx-controls\17.0.2\javafx-controls-17.0.2-win.jar;C:\Users\Jake Yeo\.m2\repository\org\openjfx\javafx-controls\17.0.2\javafx-controls-17.0.2.jar;C:\Users\Jake Yeo\.m2\repository\org\openjfx\javafx-fxml\17.0.2\javafx-fxml-17.0.2-win.jar;C:\Users\Jake Yeo\.m2\repository\org\openjfx\javafx-fxml\17.0.2\javafx-fxml-17.0.2.jar;C:\Users\Jake Yeo\.m2\repository\org\openjfx\javafx-graphics\17.0.2\javafx-graphics-17.0.2-win.jar;C:\Users\Jake Yeo\.m2\repository\org\openjfx\javafx-graphics\17.0.2\javafx-graphics-17.0.2.jar;C:\Users\Jake Yeo\.m2\repository\org\openjfx\javafx-media\17.0.2\javafx-media-17.0.2-win.jar;C:\Users\Jake Yeo\.m2\repository\org\openjfx\javafx-media\17.0.2\javafx-media-17.0.2.jar;C:\Users\Jake Yeo\.m2\repository\org\openjfx\javafx-swing\17.0.2\javafx-swing-17.0.2-win.jar;C:\Users\Jake Yeo\.m2\repository\org\openjfx\javafx-swing\17.0.2\javafx-swing-17.0.2.jar;C:\Users\Jake Yeo\.m2\repository\org\openjfx\javafx-web\17.0.2\javafx-web-17.0.2-win.jar;C:\Users\Jake Yeo\.m2\repository\org\openjfx\javafx-web\17.0.2\javafx-web-17.0.2.jar --add-modules=javafx.base,javafx.controls,javafx.fxml,javafx.graphics,javafx.media,javafx.swing,javafx.web apprunner.AppRunner

Host: Intel(R) Core(TM) i7-7700HQ CPU @ 2.80GHz, 8 cores, 15G,  Windows 10 , 64 bit Build 19041 (10.0.19041.1566)
Time: Mon Apr 11 00:45:00 2022 Mountain Daylight Time elapsed time: 20 seconds (0d 0h 0m 20s)

---------------  T H R E A D  ---------------

Current thread (0x000001b418ae9000):  JavaThread "JavaFX Application Thread" [_thread_in_native, id=13124, stack(0x00000019a4500000,0x00000019a4600000)]

Stack: [0x00000019a4500000,0x00000019a4600000],  sp=0x00000019a45fbfd8,  free space=1007k
Native frames: (J=compiled Java code, j=interpreted, Vv=VM code, C=native code)
C  0x0000000000000001

Java frames: (J=compiled Java code, j=interpreted, Vv=VM code)
J 6055  com.sun.media.jfxmediaimpl.platform.gstreamer.GSTMediaPlayer.gstGetPresentationTime(J[D)I javafx.media (0 bytes) @ 0x000001b407da7f9f [0x000001b407da7f40+0x000000000000005f]
J 5962 c1 com.sun.media.jfxmediaimpl.platform.gstreamer.GSTMediaPlayer.playerGetPresentationTime()D javafx.media (32 bytes) @ 0x000001b400767634 [0x000001b4007674e0+0x0000000000000154]
J 6099 c1 javafx.scene.media.MediaPlayer.getCurrentTime()Ljavafx/util/Duration; javafx.media (158 bytes) @ 0x000001b4011c120c [0x000001b4011bf540+0x0000000000001ccc]
j  model.MusicPlayerManager.getCurrentTimeInSeconds()D+3
j  controller.MusicPlayerViewController$9.invalidated(Ljavafx/beans/Observable;)V+7
j  com.sun.javafx.binding.ExpressionHelper$SingleInvalidation.fireValueChangedEvent()V+8 javafx.base
J 2445 c1 javafx.beans.property.ReadOnlyObjectWrapper.fireValueChangedEvent()V javafx.base (19 bytes) @ 0x000001b4005c4ffc [0x000001b4005c4c00+0x00000000000003fc]
J 1765 c1 javafx.beans.property.ObjectPropertyBase.set(Ljava/lang/Object;)V javafx.base (76 bytes) @ 0x000001b400911c0c [0x000001b4009113c0+0x000000000000084c]
j  javafx.scene.media.MediaPlayer.setCurrentTime(Ljavafx/util/Duration;)V+5 javafx.media
j  javafx.scene.media.MediaPlayer.updateTime()V+59 javafx.media
j  javafx.scene.media.MediaTimerTask.lambda$run$0(Ljavafx/scene/media/MediaPlayer;)V+7 javafx.media
j  javafx.scene.media.MediaTimerTask$$Lambda$819.run()V+4 javafx.media
J 5223 c1 com.sun.javafx.application.PlatformImpl$$Lambda$105.run()Ljava/lang/Object; javafx.graphics (8 bytes) @ 0x000001b400fc55a4 [0x000001b400fc5460+0x0000000000000144]
v  ~StubRoutines::call_stub
J 3379  java.security.AccessController.doPrivileged(Ljava/security/PrivilegedAction;Ljava/security/AccessControlContext;)Ljava/lang/Object; java.base@11.0.4 (0 bytes) @ 0x000001b407c6d4b6 [0x000001b407c6d440+0x0000000000000076]
J 4923 c1 com.sun.javafx.application.PlatformImpl.lambda$runLater$11(Ljava/lang/Runnable;Ljava/security/AccessControlContext;)V javafx.graphics (41 bytes) @ 0x000001b400f0584c [0x000001b400f05560+0x00000000000002ec]
J 4297 c1 com.sun.javafx.application.PlatformImpl$$Lambda$104.run()V javafx.graphics (12 bytes) @ 0x000001b400d6b5c4 [0x000001b400d6b540+0x0000000000000084]
J 4787 c1 com.sun.glass.ui.InvokeLaterDispatcher$Future.run()V javafx.graphics (91 bytes) @ 0x000001b400eaff94 [0x000001b400eafe80+0x0000000000000114]
v  ~StubRoutines::call_stub
j  com.sun.glass.ui.win.WinApplication._runLoop(Ljava/lang/Runnable;)V+0 javafx.graphics
j  com.sun.glass.ui.win.WinApplication.lambda$runLoop$3(ILjava/lang/Runnable;)V+8 javafx.graphics
j  com.sun.glass.ui.win.WinApplication$$Lambda$93.run()V+12 javafx.graphics
j  java.lang.Thread.run()V+11 java.base@11.0.4
v  ~StubRoutines::call_stub

siginfo: EXCEPTION_ACCESS_VIOLATION (0xc0000005), data execution prevention violation at address 0x0000000000000001


Register to memory mapping:

RIP=0x0000000000000001 is an unknown value
RAX=0x000001b421faa2b0 points into unknown readable memory: f0 1b fa 21 b4 01 00 00
RBX=0x000001b4214e1060 points into unknown readable memory: 30 c6 b5 1f b4 01 00 00
RCX=0x000001b421faa3c0 points into unknown readable memory: 01 00 00 00 00 00 00 00
RDX=0x00000019a45fc018 is pointing into the stack for thread: 0x000001b418ae9000
RSP=0x00000019a45fbfd8 is pointing into the stack for thread: 0x000001b418ae9000
RBP=0x00000019a45fc169 is pointing into the stack for thread: 0x000001b418ae9000
RSI=0x000000000000ac44 is an unknown value
RDI=0x0 is NULL
R8 =0x0000000000000001 is an unknown value
R9 =0x0 is NULL
R10=0x0000000000000001 is an unknown value
R11=0x00000019a45fc2b0 is pointing into the stack for thread: 0x000001b418ae9000
R12=0x0000000000000003 is an unknown value
R13=0x00000000510ff400 is an unknown value
R14=0x0 is NULL
R15=0x00000019a45fc258 is pointing into the stack for thread: 0x000001b418ae9000


Registers:
RAX=0x000001b421faa2b0, RBX=0x000001b4214e1060, RCX=0x000001b421faa3c0, RDX=0x00000019a45fc018
RSP=0x00000019a45fbfd8, RBP=0x00000019a45fc169, RSI=0x000000000000ac44, RDI=0x0000000000000000
R8 =0x0000000000000001, R9 =0x0000000000000000, R10=0x0000000000000001, R11=0x00000019a45fc2b0
R12=0x0000000000000003, R13=0x00000000510ff400, R14=0x0000000000000000, R15=0x00000019a45fc258
RIP=0x0000000000000001, EFLAGS=0x0000000000010206

Top of Stack: (sp=0x00000019a45fbfd8)
0x00000019a45fbfd8:   00007ffc1a988dc6 000001b4214e1060
0x00000019a45fbfe8:   000000000000ac44 0000000000000000
0x00000019a45fbff8:   000000000000ac44 0000000000000000
0x00000019a45fc008:   00007ffc1a9a8ab0 000001b4213bc330
0x00000019a45fc018:   000000000000ac44 000001b468777530
0x00000019a45fc028:   0000000000000000 000001b4213bc330
0x00000019a45fc038:   00007ffc1a9a48c7 000001b4213bc330
0x00000019a45fc048:   0000000000000059 000001b46cec0b00
0x00000019a45fc058:   0000000000000000 0000000000075240
0x00000019a45fc068:   00007ffc1a9a6a10 0000000000000000
0x00000019a45fc078:   000001b4712a8c40 00000019a45fc438
0x00000019a45fc088:   00007ffc578bb86b 000001b419575d60
0x00000019a45fc098:   00007ffc1a9bf3de 000001b419575d60
0x00000019a45fc0a8:   ffffffffffffffff 00000019a45fc140
0x00000019a45fc0b8:   0000000000000000 000001b4214e1060
0x00000019a45fc0c8:   00007ffc1a959e06 0000000000000098 

Instructions: (pc=0x0000000000000001)
0xffffffffffffff01:   


Stack slot to memory mapping:
stack at sp + 0 slots: 0x00007ffc1a988dc6 gstreamer-lite.dll
stack at sp + 1 slots: 0x000001b4214e1060 points into unknown readable memory: 30 c6 b5 1f b4 01 00 00
stack at sp + 2 slots: 0x000000000000ac44 is an unknown value
stack at sp + 3 slots: 0x0 is NULL
stack at sp + 4 slots: 0x000000000000ac44 is an unknown value
stack at sp + 5 slots: 0x0 is NULL
stack at sp + 6 slots: 0x00007ffc1a9a8ab0 gstreamer-lite.dll
stack at sp + 7 slots: 0x000001b4213bc330 points into unknown readable memory: 00 4b 74 1f b4 01 00 00


---------------  P R O C E S S  ---------------

Threads class SMR info:
_java_thread_list=0x000001b421a0a780, length=24, elements={
0x000001b473488800, 0x000001b4170fd800, 0x000001b417107000, 0x000001b4179c8800,
0x000001b4179ca800, 0x000001b4179cc800, 0x000001b4179d0000, 0x000001b4179d1000,
0x000001b4179a1000, 0x000001b4181e7800, 0x000001b418460800, 0x000001b418073800,
0x000001b418104000, 0x000001b418ae9000, 0x000001b418a9f800, 0x000001b41921f800,
0x000001b42102a000, 0x000001b4213a4800, 0x000001b4213a2800, 0x000001b4213a5000,
0x000001b4213a2000, 0x000001b46fe7d800, 0x000001b46fe84000, 0x000001b46fe86000
}

Java Threads: ( => current thread )
  0x000001b473488800 JavaThread "main" [_thread_blocked, id=12576, stack(0x00000019a2f00000,0x00000019a3000000)]
  0x000001b4170fd800 JavaThread "Reference Handler" daemon [_thread_blocked, id=13420, stack(0x00000019a3600000,0x00000019a3700000)]
  0x000001b417107000 JavaThread "Finalizer" daemon [_thread_blocked, id=15064, stack(0x00000019a3700000,0x00000019a3800000)]
  0x000001b4179c8800 JavaThread "Signal Dispatcher" daemon [_thread_blocked, id=2252, stack(0x00000019a3800000,0x00000019a3900000)]
  0x000001b4179ca800 JavaThread "Attach Listener" daemon [_thread_blocked, id=9712, stack(0x00000019a3900000,0x00000019a3a00000)]
  0x000001b4179cc800 JavaThread "C2 CompilerThread0" daemon [_thread_blocked, id=9688, stack(0x00000019a3a00000,0x00000019a3b00000)]
  0x000001b4179d0000 JavaThread "C1 CompilerThread0" daemon [_thread_blocked, id=11644, stack(0x00000019a3b00000,0x00000019a3c00000)]
  0x000001b4179d1000 JavaThread "Sweeper thread" daemon [_thread_blocked, id=9548, stack(0x00000019a3c00000,0x00000019a3d00000)]
  0x000001b4179a1000 JavaThread "Common-Cleaner" daemon [_thread_blocked, id=14140, stack(0x00000019a3d00000,0x00000019a3e00000)]
  0x000001b4181e7800 JavaThread "Service Thread" daemon [_thread_blocked, id=956, stack(0x00000019a4000000,0x00000019a4100000)]
  0x000001b418460800 JavaThread "JavaFX-Launcher" [_thread_blocked, id=14564, stack(0x00000019a4200000,0x00000019a4300000)]
  0x000001b418073800 JavaThread "QuantumRenderer-0" daemon [_thread_blocked, id=8912, stack(0x00000019a4300000,0x00000019a4400000)]
  0x000001b418104000 JavaThread "InvokeLaterDispatcher" daemon [_thread_blocked, id=9916, stack(0x00000019a4400000,0x00000019a4500000)]
=>0x000001b418ae9000 JavaThread "JavaFX Application Thread" [_thread_in_native, id=13124, stack(0x00000019a4500000,0x00000019a4600000)]
  0x000001b418a9f800 JavaThread "Thread-3" daemon [_thread_in_native, id=1408, stack(0x00000019a4900000,0x00000019a4a00000)]
  0x000001b41921f800 JavaThread "Prism Font Disposer" daemon [_thread_blocked, id=9348, stack(0x00000019a4f00000,0x00000019a5000000)]
  0x000001b42102a000 JavaThread "Disposer" daemon [_thread_blocked, id=6720, stack(0x00000019a3f00000,0x00000019a4000000)]
  0x000001b4213a4800 JavaThread "JFXMedia Player EventQueueThread" daemon [_thread_blocked, id=12784, stack(0x00000019a5800000,0x00000019a5900000)]
  0x000001b4213a2800 JavaThread "Media Resource Disposer" daemon [_thread_blocked, id=9228, stack(0x00000019a6200000,0x00000019a6300000)]
  0x000001b4213a5000 JavaThread "Cleaner-0" daemon [_thread_blocked, id=10596, stack(0x00000019a6a00000,0x00000019a6b00000)]
  0x000001b4213a2000 JavaThread "Thread-12" daemon [_thread_in_native, id=14116, stack(0x00000019a5100000,0x00000019a5200000)]
  0x000001b46fe7d800 JavaThread "Keep-Alive-SocketCleaner" daemon [_thread_blocked, id=5164, stack(0x00000019a8400000,0x00000019a8500000)]
  0x000001b46fe84000 JavaThread "Timer-0" daemon [_thread_blocked, id=14064, stack(0x00000019a8600000,0x00000019a8700000)]
  0x000001b46fe86000 JavaThread "URL-Loader-21" daemon [_thread_blocked, id=9500, stack(0x00000019a6d00000,0x00000019a6e00000)]

Other Threads:
  0x000001b4170fb000 VMThread "VM Thread" [stack: 0x00000019a3500000,0x00000019a3600000] [id=7688]
  0x000001b417baf000 WatcherThread [stack: 0x00000019a4100000,0x00000019a4200000] [id=2152]
  0x000001b4734a1000 GCTaskThread "GC Thread#0" [stack: 0x00000019a3000000,0x00000019a3100000] [id=8264]
  0x000001b418abf000 GCTaskThread "GC Thread#1" [stack: 0x00000019a4a00000,0x00000019a4b00000] [id=11776]
  0x000001b418c6a800 GCTaskThread "GC Thread#2" [stack: 0x00000019a4b00000,0x00000019a4c00000] [id=1180]
  0x000001b418cf1000 GCTaskThread "GC Thread#3" [stack: 0x00000019a4c00000,0x00000019a4d00000] [id=11460]
  0x000001b418a97000 GCTaskThread "GC Thread#4" [stack: 0x00000019a4d00000,0x00000019a4e00000] [id=8084]
  0x000001b418a98000 GCTaskThread "GC Thread#5" [stack: 0x00000019a4e00000,0x00000019a4f00000] [id=11200]
  0x000001b4734fd800 ConcurrentGCThread "G1 Main Marker" [stack: 0x00000019a3100000,0x00000019a3200000] [id=10720]
  0x000001b4734ff800 ConcurrentGCThread "G1 Conc#0" [stack: 0x00000019a3200000,0x00000019a3300000] [id=11768]
  0x000001b41f86c800 ConcurrentGCThread "G1 Conc#1" [stack: 0x00000019a5000000,0x00000019a5100000] [id=4976]
  0x000001b416fe8000 ConcurrentGCThread "G1 Refine#0" [stack: 0x00000019a3300000,0x00000019a3400000] [id=8752]
  0x000001b416fe9000 ConcurrentGCThread "G1 Young RemSet Sampling" [stack: 0x00000019a3400000,0x00000019a3500000] [id=12044]

Threads with active compile tasks:

VM state:not at safepoint (normal execution)

VM Mutex/Monitor currently owned by a thread: None

Heap address: 0x0000000701c00000, size: 4068 MB, Compressed Oops mode: Zero based, Oop shift amount: 3
Narrow klass base: 0x0000000800000000, Narrow klass shift: 0
Compressed class space size: 1073741824 Address: 0x0000000800000000

Heap:
 garbage-first heap   total 262144K, used 43256K [0x0000000701c00000, 0x0000000800000000)
  region size 1024K, 9 young (9216K), 6 survivors (6144K)
 Metaspace       used 39462K, capacity 41232K, committed 41344K, reserved 1085440K
  class space    used 4955K, capacity 5720K, committed 5760K, reserved 1048576K
Heap Regions: E=young(eden), S=young(survivor), O=old, HS=humongous(starts), HC=humongous(continues), CS=collection set, F=free, A=archive, TAMS=top-at-mark-start (previous, next)
|   0|0x0000000701c00000, 0x0000000701d00000, 0x0000000701d00000|100%| O|  |TAMS 0x0000000701d00000, 0x0000000701c00000| Untracked 
|   1|0x0000000701d00000, 0x0000000701e00000, 0x0000000701e00000|100%|HS|  |TAMS 0x0000000701e00000, 0x0000000701d00000| Complete 
|   2|0x0000000701e00000, 0x0000000701f00000, 0x0000000701f00000|100%|HC|  |TAMS 0x0000000701f00000, 0x0000000701e00000| Complete 
|   3|0x0000000701f00000, 0x0000000702000000, 0x0000000702000000|100%|HC|  |TAMS 0x0000000702000000, 0x0000000701f00000| Complete 
|   4|0x0000000702000000, 0x0000000702100000, 0x0000000702100000|100%|HS|  |TAMS 0x0000000702100000, 0x0000000702000000| Complete 
|   5|0x0000000702100000, 0x0000000702200000, 0x0000000702200000|100%|HC|  |TAMS 0x0000000702200000, 0x0000000702100000| Complete 
|   6|0x0000000702200000, 0x0000000702300000, 0x0000000702300000|100%|HS|  |TAMS 0x0000000702300000, 0x0000000702200000| Complete 
|   7|0x0000000702300000, 0x0000000702400000, 0x0000000702400000|100%|HC|  |TAMS 0x0000000702400000, 0x0000000702300000| Complete 
|   8|0x0000000702400000, 0x0000000702500000, 0x0000000702500000|100%|HS|  |TAMS 0x0000000702500000, 0x0000000702400000| Complete 
|   9|0x0000000702500000, 0x0000000702600000, 0x0000000702600000|100%|HC|  |TAMS 0x0000000702600000, 0x0000000702500000| Complete 
|  10|0x0000000702600000, 0x0000000702700000, 0x0000000702700000|100%|HC|  |TAMS 0x0000000702700000, 0x0000000702600000| Complete 
|  11|0x0000000702700000, 0x0000000702800000, 0x0000000702800000|100%| O|  |TAMS 0x0000000702800000, 0x0000000702700000| Untracked 
|  12|0x0000000702800000, 0x0000000702900000, 0x0000000702900000|100%| O|  |TAMS 0x0000000702900000, 0x0000000702800000| Untracked 
|  13|0x0000000702900000, 0x0000000702a00000, 0x0000000702a00000|100%|HS|  |TAMS 0x0000000702a00000, 0x0000000702900000| Complete 
|  14|0x0000000702a00000, 0x0000000702b00000, 0x0000000702b00000|100%|HC|  |TAMS 0x0000000702b00000, 0x0000000702a00000| Complete 
|  15|0x0000000702b00000, 0x0000000702c00000, 0x0000000702c00000|100%|HS|  |TAMS 0x0000000702c00000, 0x0000000702b00000| Complete 
|  16|0x0000000702c00000, 0x0000000702d00000, 0x0000000702d00000|100%|HC|  |TAMS 0x0000000702d00000, 0x0000000702c00000| Complete 
|  17|0x0000000702d00000, 0x0000000702e00000, 0x0000000702e00000|100%|HC|  |TAMS 0x0000000702e00000, 0x0000000702d00000| Complete 
|  18|0x0000000702e00000, 0x0000000702f00000, 0x0000000702f00000|100%|HC|  |TAMS 0x0000000702f00000, 0x0000000702e00000| Complete 
|  19|0x0000000702f00000, 0x0000000703000000, 0x0000000703000000|100%|HS|  |TAMS 0x0000000703000000, 0x0000000702f00000| Complete 
|  20|0x0000000703000000, 0x0000000703100000, 0x0000000703100000|100%|HC|  |TAMS 0x0000000703100000, 0x0000000703000000| Complete 
|  21|0x0000000703100000, 0x0000000703200000, 0x0000000703200000|100%|HC|  |TAMS 0x0000000703200000, 0x0000000703100000| Complete 
|  22|0x0000000703200000, 0x0000000703300000, 0x0000000703300000|100%| O|  |TAMS 0x0000000703300000, 0x0000000703200000| Untracked 
|  23|0x0000000703300000, 0x0000000703400000, 0x0000000703400000|100%| O|  |TAMS 0x0000000703400000, 0x0000000703300000| Untracked 
|  24|0x0000000703400000, 0x0000000703500000, 0x0000000703500000|100%| O|  |TAMS 0x0000000703500000, 0x0000000703400000| Untracked 
|  25|0x0000000703500000, 0x0000000703600000, 0x0000000703600000|100%| O|  |TAMS 0x0000000703600000, 0x0000000703500000| Untracked 
|  26|0x0000000703600000, 0x0000000703700000, 0x0000000703700000|100%| O|  |TAMS 0x0000000703700000, 0x0000000703600000| Untracked 
|  27|0x0000000703700000, 0x0000000703800000, 0x0000000703800000|100%| O|  |TAMS 0x0000000703800000, 0x0000000703700000| Untracked 
|  28|0x0000000703800000, 0x0000000703900000, 0x0000000703900000|100%| O|  |TAMS 0x0000000703900000, 0x0000000703800000| Untracked 
|  29|0x0000000703900000, 0x0000000703a00000, 0x0000000703a00000|100%| O|  |TAMS 0x0000000703a00000, 0x0000000703900000| Untracked 
|  30|0x0000000703a00000, 0x0000000703b00000, 0x0000000703b00000|100%| O|  |TAMS 0x0000000703b00000, 0x0000000703a00000| Untracked 
|  31|0x0000000703b00000, 0x0000000703c00000, 0x0000000703c00000|100%| O|  |TAMS 0x0000000703c00000, 0x0000000703b00000| Untracked 
|  32|0x0000000703c00000, 0x0000000703d00000, 0x0000000703d00000|100%| O|  |TAMS 0x0000000703d00000, 0x0000000703c00000| Untracked 
|  33|0x0000000703d00000, 0x0000000703e00000, 0x0000000703e00000|100%| O|  |TAMS 0x0000000703e00000, 0x0000000703d00000| Untracked 
|  34|0x0000000703e00000, 0x0000000703f00000, 0x0000000703f00000|100%| O|  |TAMS 0x0000000703f00000, 0x0000000703e00000| Untracked 
|  35|0x0000000703f00000, 0x0000000703f3a000, 0x0000000704000000| 22%| O|  |TAMS 0x0000000703f3a000, 0x0000000703f00000| Untracked 
|  36|0x0000000704000000, 0x0000000704000000, 0x0000000704100000|  0%| F|  |TAMS 0x0000000704000000, 0x0000000704000000| Untracked 
|  37|0x0000000704100000, 0x0000000704100000, 0x0000000704200000|  0%| F|  |TAMS 0x0000000704100000, 0x0000000704100000| Untracked 
|  38|0x0000000704200000, 0x0000000704200000, 0x0000000704300000|  0%| F|  |TAMS 0x0000000704200000, 0x0000000704200000| Untracked 
|  39|0x0000000704300000, 0x0000000704300000, 0x0000000704400000|  0%| F|  |TAMS 0x0000000704300000, 0x0000000704300000| Untracked 
|  40|0x0000000704400000, 0x0000000704400000, 0x0000000704500000|  0%| F|  |TAMS 0x0000000704400000, 0x0000000704400000| Untracked 
|  41|0x0000000704500000, 0x0000000704500000, 0x0000000704600000|  0%| F|  |TAMS 0x0000000704500000, 0x0000000704500000| Untracked 
|  42|0x0000000704600000, 0x0000000704600000, 0x0000000704700000|  0%| F|  |TAMS 0x0000000704600000, 0x0000000704600000| Untracked 
|  43|0x0000000704700000, 0x0000000704700000, 0x0000000704800000|  0%| F|  |TAMS 0x0000000704700000, 0x0000000704700000| Untracked 
|  44|0x0000000704800000, 0x0000000704800000, 0x0000000704900000|  0%| F|  |TAMS 0x0000000704800000, 0x0000000704800000| Untracked 
|  45|0x0000000704900000, 0x0000000704900000, 0x0000000704a00000|  0%| F|  |TAMS 0x0000000704900000, 0x0000000704900000| Untracked 
|  46|0x0000000704a00000, 0x0000000704a00000, 0x0000000704b00000|  0%| F|  |TAMS 0x0000000704a00000, 0x0000000704a00000| Untracked 
|  47|0x0000000704b00000, 0x0000000704b00000, 0x0000000704c00000|  0%| F|  |TAMS 0x0000000704b00000, 0x0000000704b00000| Untracked 
|  48|0x0000000704c00000, 0x0000000704c00000, 0x0000000704d00000|  0%| F|  |TAMS 0x0000000704c00000, 0x0000000704c00000| Untracked 
|  49|0x0000000704d00000, 0x0000000704d00000, 0x0000000704e00000|  0%| F|  |TAMS 0x0000000704d00000, 0x0000000704d00000| Untracked 
|  50|0x0000000704e00000, 0x0000000704e00000, 0x0000000704f00000|  0%| F|  |TAMS 0x0000000704e00000, 0x0000000704e00000| Untracked 
|  51|0x0000000704f00000, 0x0000000704f00000, 0x0000000705000000|  0%| F|  |TAMS 0x0000000704f00000, 0x0000000704f00000| Untracked 
|  52|0x0000000705000000, 0x0000000705000000, 0x0000000705100000|  0%| F|  |TAMS 0x0000000705000000, 0x0000000705000000| Untracked 
|  53|0x0000000705100000, 0x0000000705100000, 0x0000000705200000|  0%| F|  |TAMS 0x0000000705100000, 0x0000000705100000| Untracked 
|  54|0x0000000705200000, 0x0000000705200000, 0x0000000705300000|  0%| F|  |TAMS 0x0000000705200000, 0x0000000705200000| Untracked 
|  55|0x0000000705300000, 0x0000000705300000, 0x0000000705400000|  0%| F|  |TAMS 0x0000000705300000, 0x0000000705300000| Untracked 
|  56|0x0000000705400000, 0x0000000705400000, 0x0000000705500000|  0%| F|  |TAMS 0x0000000705400000, 0x0000000705400000| Untracked 
|  57|0x0000000705500000, 0x0000000705500000, 0x0000000705600000|  0%| F|  |TAMS 0x0000000705500000, 0x0000000705500000| Untracked 
|  58|0x0000000705600000, 0x0000000705600000, 0x0000000705700000|  0%| F|  |TAMS 0x0000000705600000, 0x0000000705600000| Untracked 
|  59|0x0000000705700000, 0x0000000705700000, 0x0000000705800000|  0%| F|  |TAMS 0x0000000705700000, 0x0000000705700000| Untracked 
|  60|0x0000000705800000, 0x0000000705800000, 0x0000000705900000|  0%| F|  |TAMS 0x0000000705800000, 0x0000000705800000| Untracked 
|  61|0x0000000705900000, 0x0000000705900000, 0x0000000705a00000|  0%| F|  |TAMS 0x0000000705900000, 0x0000000705900000| Untracked 
|  62|0x0000000705a00000, 0x0000000705a00000, 0x0000000705b00000|  0%| F|  |TAMS 0x0000000705a00000, 0x0000000705a00000| Untracked 
|  63|0x0000000705b00000, 0x0000000705b00000, 0x0000000705c00000|  0%| F|  |TAMS 0x0000000705b00000, 0x0000000705b00000| Untracked 
|  64|0x0000000705c00000, 0x0000000705c00000, 0x0000000705d00000|  0%| F|  |TAMS 0x0000000705c00000, 0x0000000705c00000| Untracked 
|  65|0x0000000705d00000, 0x0000000705d00000, 0x0000000705e00000|  0%| F|  |TAMS 0x0000000705d00000, 0x0000000705d00000| Untracked 
|  66|0x0000000705e00000, 0x0000000705e00000, 0x0000000705f00000|  0%| F|  |TAMS 0x0000000705e00000, 0x0000000705e00000| Untracked 
|  67|0x0000000705f00000, 0x0000000705f00000, 0x0000000706000000|  0%| F|  |TAMS 0x0000000705f00000, 0x0000000705f00000| Untracked 
|  68|0x0000000706000000, 0x0000000706000000, 0x0000000706100000|  0%| F|  |TAMS 0x0000000706000000, 0x0000000706000000| Untracked 
|  69|0x0000000706100000, 0x0000000706100000, 0x0000000706200000|  0%| F|  |TAMS 0x0000000706100000, 0x0000000706100000| Untracked 
|  70|0x0000000706200000, 0x0000000706200000, 0x0000000706300000|  0%| F|  |TAMS 0x0000000706200000, 0x0000000706200000| Untracked 
|  71|0x0000000706300000, 0x0000000706300000, 0x0000000706400000|  0%| F|  |TAMS 0x0000000706300000, 0x0000000706300000| Untracked 
|  72|0x0000000706400000, 0x0000000706400000, 0x0000000706500000|  0%| F|  |TAMS 0x0000000706400000, 0x0000000706400000| Untracked 
|  73|0x0000000706500000, 0x0000000706500000, 0x0000000706600000|  0%| F|  |TAMS 0x0000000706500000, 0x0000000706500000| Untracked 
|  74|0x0000000706600000, 0x0000000706600000, 0x0000000706700000|  0%| F|  |TAMS 0x0000000706600000, 0x0000000706600000| Untracked 
|  75|0x0000000706700000, 0x0000000706700000, 0x0000000706800000|  0%| F|  |TAMS 0x0000000706700000, 0x0000000706700000| Untracked 
|  76|0x0000000706800000, 0x0000000706800000, 0x0000000706900000|  0%| F|  |TAMS 0x0000000706800000, 0x0000000706800000| Untracked 
|  77|0x0000000706900000, 0x0000000706900000, 0x0000000706a00000|  0%| F|  |TAMS 0x0000000706900000, 0x0000000706900000| Untracked 
|  78|0x0000000706a00000, 0x0000000706a00000, 0x0000000706b00000|  0%| F|  |TAMS 0x0000000706a00000, 0x0000000706a00000| Untracked 
|  79|0x0000000706b00000, 0x0000000706b00000, 0x0000000706c00000|  0%| F|  |TAMS 0x0000000706b00000, 0x0000000706b00000| Untracked 
|  80|0x0000000706c00000, 0x0000000706c00000, 0x0000000706d00000|  0%| F|  |TAMS 0x0000000706c00000, 0x0000000706c00000| Untracked 
|  81|0x0000000706d00000, 0x0000000706d00000, 0x0000000706e00000|  0%| F|  |TAMS 0x0000000706d00000, 0x0000000706d00000| Untracked 
|  82|0x0000000706e00000, 0x0000000706e00000, 0x0000000706f00000|  0%| F|  |TAMS 0x0000000706e00000, 0x0000000706e00000| Untracked 
|  83|0x0000000706f00000, 0x0000000706f00000, 0x0000000707000000|  0%| F|  |TAMS 0x0000000706f00000, 0x0000000706f00000| Untracked 
|  84|0x0000000707000000, 0x0000000707000000, 0x0000000707100000|  0%| F|  |TAMS 0x0000000707000000, 0x0000000707000000| Untracked 
|  85|0x0000000707100000, 0x0000000707100000, 0x0000000707200000|  0%| F|  |TAMS 0x0000000707100000, 0x0000000707100000| Untracked 
|  86|0x0000000707200000, 0x0000000707200000, 0x0000000707300000|  0%| F|  |TAMS 0x0000000707200000, 0x0000000707200000| Untracked 
|  87|0x0000000707300000, 0x0000000707300000, 0x0000000707400000|  0%| F|  |TAMS 0x0000000707300000, 0x0000000707300000| Untracked 
|  88|0x0000000707400000, 0x0000000707400000, 0x0000000707500000|  0%| F|  |TAMS 0x0000000707400000, 0x0000000707400000| Untracked 
|  89|0x0000000707500000, 0x0000000707500000, 0x0000000707600000|  0%| F|  |TAMS 0x0000000707500000, 0x0000000707500000| Untracked 
|  90|0x0000000707600000, 0x0000000707600000, 0x0000000707700000|  0%| F|  |TAMS 0x0000000707600000, 0x0000000707600000| Untracked 
|  91|0x0000000707700000, 0x0000000707700000, 0x0000000707800000|  0%| F|  |TAMS 0x0000000707700000, 0x0000000707700000| Untracked 
|  92|0x0000000707800000, 0x0000000707800000, 0x0000000707900000|  0%| F|  |TAMS 0x0000000707800000, 0x0000000707800000| Untracked 
|  93|0x0000000707900000, 0x0000000707900000, 0x0000000707a00000|  0%| F|  |TAMS 0x0000000707900000, 0x0000000707900000| Untracked 
|  94|0x0000000707a00000, 0x0000000707a00000, 0x0000000707b00000|  0%| F|  |TAMS 0x0000000707a00000, 0x0000000707a00000| Untracked 
|  95|0x0000000707b00000, 0x0000000707b00000, 0x0000000707c00000|  0%| F|  |TAMS 0x0000000707b00000, 0x0000000707b00000| Untracked 
|  96|0x0000000707c00000, 0x0000000707c00000, 0x0000000707d00000|  0%| F|  |TAMS 0x0000000707c00000, 0x0000000707c00000| Untracked 
|  97|0x0000000707d00000, 0x0000000707d00000, 0x0000000707e00000|  0%| F|  |TAMS 0x0000000707d00000, 0x0000000707d00000| Untracked 
|  98|0x0000000707e00000, 0x0000000707e00000, 0x0000000707f00000|  0%| F|  |TAMS 0x0000000707e00000, 0x0000000707e00000| Untracked 
|  99|0x0000000707f00000, 0x0000000707f00000, 0x0000000708000000|  0%| F|  |TAMS 0x0000000707f00000, 0x0000000707f00000| Untracked 
| 100|0x0000000708000000, 0x0000000708000000, 0x0000000708100000|  0%| F|  |TAMS 0x0000000708000000, 0x0000000708000000| Untracked 
| 101|0x0000000708100000, 0x0000000708100000, 0x0000000708200000|  0%| F|  |TAMS 0x0000000708100000, 0x0000000708100000| Untracked 
| 102|0x0000000708200000, 0x0000000708200000, 0x0000000708300000|  0%| F|  |TAMS 0x0000000708200000, 0x0000000708200000| Untracked 
| 103|0x0000000708300000, 0x0000000708300000, 0x0000000708400000|  0%| F|  |TAMS 0x0000000708300000, 0x0000000708300000| Untracked 
| 104|0x0000000708400000, 0x0000000708400000, 0x0000000708500000|  0%| F|  |TAMS 0x0000000708400000, 0x0000000708400000| Untracked 
| 105|0x0000000708500000, 0x0000000708500000, 0x0000000708600000|  0%| F|  |TAMS 0x0000000708500000, 0x0000000708500000| Untracked 
| 106|0x0000000708600000, 0x0000000708600000, 0x0000000708700000|  0%| F|  |TAMS 0x0000000708600000, 0x0000000708600000| Untracked 
| 107|0x0000000708700000, 0x0000000708700000, 0x0000000708800000|  0%| F|  |TAMS 0x0000000708700000, 0x0000000708700000| Untracked 
| 108|0x0000000708800000, 0x0000000708800000, 0x0000000708900000|  0%| F|  |TAMS 0x0000000708800000, 0x0000000708800000| Untracked 
| 109|0x0000000708900000, 0x0000000708900000, 0x0000000708a00000|  0%| F|  |TAMS 0x0000000708900000, 0x0000000708900000| Untracked 
| 110|0x0000000708a00000, 0x0000000708a00000, 0x0000000708b00000|  0%| F|  |TAMS 0x0000000708a00000, 0x0000000708a00000| Untracked 
| 111|0x0000000708b00000, 0x0000000708b00000, 0x0000000708c00000|  0%| F|  |TAMS 0x0000000708b00000, 0x0000000708b00000| Untracked 
| 112|0x0000000708c00000, 0x0000000708c00000, 0x0000000708d00000|  0%| F|  |TAMS 0x0000000708c00000, 0x0000000708c00000| Untracked 
| 113|0x0000000708d00000, 0x0000000708d00000, 0x0000000708e00000|  0%| F|  |TAMS 0x0000000708d00000, 0x0000000708d00000| Untracked 
| 114|0x0000000708e00000, 0x0000000708e00000, 0x0000000708f00000|  0%| F|  |TAMS 0x0000000708e00000, 0x0000000708e00000| Untracked 
| 115|0x0000000708f00000, 0x0000000708f00000, 0x0000000709000000|  0%| F|  |TAMS 0x0000000708f00000, 0x0000000708f00000| Untracked 
| 116|0x0000000709000000, 0x0000000709000000, 0x0000000709100000|  0%| F|  |TAMS 0x0000000709000000, 0x0000000709000000| Untracked 
| 117|0x0000000709100000, 0x0000000709100000, 0x0000000709200000|  0%| F|  |TAMS 0x0000000709100000, 0x0000000709100000| Untracked 
| 118|0x0000000709200000, 0x0000000709200000, 0x0000000709300000|  0%| F|  |TAMS 0x0000000709200000, 0x0000000709200000| Untracked 
| 119|0x0000000709300000, 0x0000000709300000, 0x0000000709400000|  0%| F|  |TAMS 0x0000000709300000, 0x0000000709300000| Untracked 
| 120|0x0000000709400000, 0x0000000709400000, 0x0000000709500000|  0%| F|  |TAMS 0x0000000709400000, 0x0000000709400000| Untracked 
| 121|0x0000000709500000, 0x0000000709500000, 0x0000000709600000|  0%| F|  |TAMS 0x0000000709500000, 0x0000000709500000| Untracked 
| 122|0x0000000709600000, 0x0000000709600000, 0x0000000709700000|  0%| F|  |TAMS 0x0000000709600000, 0x0000000709600000| Untracked 
| 123|0x0000000709700000, 0x0000000709700000, 0x0000000709800000|  0%| F|  |TAMS 0x0000000709700000, 0x0000000709700000| Untracked 
| 124|0x0000000709800000, 0x0000000709800000, 0x0000000709900000|  0%| F|  |TAMS 0x0000000709800000, 0x0000000709800000| Untracked 
| 125|0x0000000709900000, 0x0000000709900000, 0x0000000709a00000|  0%| F|  |TAMS 0x0000000709900000, 0x0000000709900000| Untracked 
| 126|0x0000000709a00000, 0x0000000709a00000, 0x0000000709b00000|  0%| F|  |TAMS 0x0000000709a00000, 0x0000000709a00000| Untracked 
| 127|0x0000000709b00000, 0x0000000709b00000, 0x0000000709c00000|  0%| F|  |TAMS 0x0000000709b00000, 0x0000000709b00000| Untracked 
| 128|0x0000000709c00000, 0x0000000709c00000, 0x0000000709d00000|  0%| F|  |TAMS 0x0000000709c00000, 0x0000000709c00000| Untracked 
| 129|0x0000000709d00000, 0x0000000709d00000, 0x0000000709e00000|  0%| F|  |TAMS 0x0000000709d00000, 0x0000000709d00000| Untracked 
| 130|0x0000000709e00000, 0x0000000709e00000, 0x0000000709f00000|  0%| F|  |TAMS 0x0000000709e00000, 0x0000000709e00000| Untracked 
| 131|0x0000000709f00000, 0x0000000709f00000, 0x000000070a000000|  0%| F|  |TAMS 0x0000000709f00000, 0x0000000709f00000| Untracked 
| 132|0x000000070a000000, 0x000000070a004030, 0x000000070a100000|  1%| S|CS|TAMS 0x000000070a000000, 0x000000070a000000| Complete 
| 133|0x000000070a100000, 0x000000070a200000, 0x000000070a200000|100%| S|CS|TAMS 0x000000070a100000, 0x000000070a100000| Complete 
| 134|0x000000070a200000, 0x000000070a300000, 0x000000070a300000|100%| S|CS|TAMS 0x000000070a200000, 0x000000070a200000| Complete 
| 135|0x000000070a300000, 0x000000070a400000, 0x000000070a400000|100%| S|CS|TAMS 0x000000070a300000, 0x000000070a300000| Complete 
| 136|0x000000070a400000, 0x000000070a500000, 0x000000070a500000|100%| S|CS|TAMS 0x000000070a400000, 0x000000070a400000| Complete 
| 137|0x000000070a500000, 0x000000070a600000, 0x000000070a600000|100%| S|CS|TAMS 0x000000070a500000, 0x000000070a500000| Complete 
| 138|0x000000070a600000, 0x000000070a600000, 0x000000070a700000|  0%| F|  |TAMS 0x000000070a600000, 0x000000070a600000| Untracked 
| 139|0x000000070a700000, 0x000000070a700000, 0x000000070a800000|  0%| F|  |TAMS 0x000000070a700000, 0x000000070a700000| Untracked 
| 140|0x000000070a800000, 0x000000070a800000, 0x000000070a900000|  0%| F|  |TAMS 0x000000070a800000, 0x000000070a800000| Untracked 
| 141|0x000000070a900000, 0x000000070a900000, 0x000000070aa00000|  0%| F|  |TAMS 0x000000070a900000, 0x000000070a900000| Untracked 
| 142|0x000000070aa00000, 0x000000070aa00000, 0x000000070ab00000|  0%| F|  |TAMS 0x000000070aa00000, 0x000000070aa00000| Untracked 
| 143|0x000000070ab00000, 0x000000070ab00000, 0x000000070ac00000|  0%| F|  |TAMS 0x000000070ab00000, 0x000000070ab00000| Untracked 
| 144|0x000000070ac00000, 0x000000070ac00000, 0x000000070ad00000|  0%| F|  |TAMS 0x000000070ac00000, 0x000000070ac00000| Untracked 
| 145|0x000000070ad00000, 0x000000070ad00000, 0x000000070ae00000|  0%| F|  |TAMS 0x000000070ad00000, 0x000000070ad00000| Untracked 
| 146|0x000000070ae00000, 0x000000070ae00000, 0x000000070af00000|  0%| F|  |TAMS 0x000000070ae00000, 0x000000070ae00000| Untracked 
| 147|0x000000070af00000, 0x000000070af00000, 0x000000070b000000|  0%| F|  |TAMS 0x000000070af00000, 0x000000070af00000| Untracked 
| 148|0x000000070b000000, 0x000000070b000000, 0x000000070b100000|  0%| F|  |TAMS 0x000000070b000000, 0x000000070b000000| Untracked 
| 149|0x000000070b100000, 0x000000070b100000, 0x000000070b200000|  0%| F|  |TAMS 0x000000070b100000, 0x000000070b100000| Untracked 
| 150|0x000000070b200000, 0x000000070b200000, 0x000000070b300000|  0%| F|  |TAMS 0x000000070b200000, 0x000000070b200000| Untracked 
| 151|0x000000070b300000, 0x000000070b300000, 0x000000070b400000|  0%| F|  |TAMS 0x000000070b300000, 0x000000070b300000| Untracked 
| 152|0x000000070b400000, 0x000000070b400000, 0x000000070b500000|  0%| F|  |TAMS 0x000000070b400000, 0x000000070b400000| Untracked 
| 153|0x000000070b500000, 0x000000070b500000, 0x000000070b600000|  0%| F|  |TAMS 0x000000070b500000, 0x000000070b500000| Untracked 
| 154|0x000000070b600000, 0x000000070b600000, 0x000000070b700000|  0%| F|  |TAMS 0x000000070b600000, 0x000000070b600000| Untracked 
| 155|0x000000070b700000, 0x000000070b700000, 0x000000070b800000|  0%| F|  |TAMS 0x000000070b700000, 0x000000070b700000| Untracked 
| 156|0x000000070b800000, 0x000000070b800000, 0x000000070b900000|  0%| F|  |TAMS 0x000000070b800000, 0x000000070b800000| Untracked 
| 157|0x000000070b900000, 0x000000070b900000, 0x000000070ba00000|  0%| F|  |TAMS 0x000000070b900000, 0x000000070b900000| Untracked 
| 158|0x000000070ba00000, 0x000000070ba00000, 0x000000070bb00000|  0%| F|  |TAMS 0x000000070ba00000, 0x000000070ba00000| Untracked 
| 159|0x000000070bb00000, 0x000000070bb00000, 0x000000070bc00000|  0%| F|  |TAMS 0x000000070bb00000, 0x000000070bb00000| Untracked 
| 160|0x000000070bc00000, 0x000000070bc00000, 0x000000070bd00000|  0%| F|  |TAMS 0x000000070bc00000, 0x000000070bc00000| Untracked 
| 161|0x000000070bd00000, 0x000000070bd00000, 0x000000070be00000|  0%| F|  |TAMS 0x000000070bd00000, 0x000000070bd00000| Untracked 
| 162|0x000000070be00000, 0x000000070be00000, 0x000000070bf00000|  0%| F|  |TAMS 0x000000070be00000, 0x000000070be00000| Untracked 
| 163|0x000000070bf00000, 0x000000070bf00000, 0x000000070c000000|  0%| F|  |TAMS 0x000000070bf00000, 0x000000070bf00000| Untracked 
| 164|0x000000070c000000, 0x000000070c000000, 0x000000070c100000|  0%| F|  |TAMS 0x000000070c000000, 0x000000070c000000| Untracked 
| 165|0x000000070c100000, 0x000000070c100000, 0x000000070c200000|  0%| F|  |TAMS 0x000000070c100000, 0x000000070c100000| Untracked 
| 166|0x000000070c200000, 0x000000070c200000, 0x000000070c300000|  0%| F|  |TAMS 0x000000070c200000, 0x000000070c200000| Untracked 
| 167|0x000000070c300000, 0x000000070c300000, 0x000000070c400000|  0%| F|  |TAMS 0x000000070c300000, 0x000000070c300000| Untracked 
| 168|0x000000070c400000, 0x000000070c400000, 0x000000070c500000|  0%| F|  |TAMS 0x000000070c400000, 0x000000070c400000| Untracked 
| 169|0x000000070c500000, 0x000000070c500000, 0x000000070c600000|  0%| F|  |TAMS 0x000000070c500000, 0x000000070c500000| Untracked 
| 170|0x000000070c600000, 0x000000070c600000, 0x000000070c700000|  0%| F|  |TAMS 0x000000070c600000, 0x000000070c600000| Untracked 
| 171|0x000000070c700000, 0x000000070c700000, 0x000000070c800000|  0%| F|  |TAMS 0x000000070c700000, 0x000000070c700000| Untracked 
| 172|0x000000070c800000, 0x000000070c800000, 0x000000070c900000|  0%| F|  |TAMS 0x000000070c800000, 0x000000070c800000| Untracked 
| 173|0x000000070c900000, 0x000000070c900000, 0x000000070ca00000|  0%| F|  |TAMS 0x000000070c900000, 0x000000070c900000| Untracked 
| 174|0x000000070ca00000, 0x000000070ca00000, 0x000000070cb00000|  0%| F|  |TAMS 0x000000070ca00000, 0x000000070ca00000| Untracked 
| 175|0x000000070cb00000, 0x000000070cb00000, 0x000000070cc00000|  0%| F|  |TAMS 0x000000070cb00000, 0x000000070cb00000| Untracked 
| 176|0x000000070cc00000, 0x000000070cc00000, 0x000000070cd00000|  0%| F|  |TAMS 0x000000070cc00000, 0x000000070cc00000| Untracked 
| 177|0x000000070cd00000, 0x000000070cd00000, 0x000000070ce00000|  0%| F|  |TAMS 0x000000070cd00000, 0x000000070cd00000| Untracked 
| 178|0x000000070ce00000, 0x000000070ce00000, 0x000000070cf00000|  0%| F|  |TAMS 0x000000070ce00000, 0x000000070ce00000| Untracked 
| 179|0x000000070cf00000, 0x000000070cf00000, 0x000000070d000000|  0%| F|  |TAMS 0x000000070cf00000, 0x000000070cf00000| Untracked 
| 180|0x000000070d000000, 0x000000070d000000, 0x000000070d100000|  0%| F|  |TAMS 0x000000070d000000, 0x000000070d000000| Untracked 
| 181|0x000000070d100000, 0x000000070d100000, 0x000000070d200000|  0%| F|  |TAMS 0x000000070d100000, 0x000000070d100000| Untracked 
| 182|0x000000070d200000, 0x000000070d200000, 0x000000070d300000|  0%| F|  |TAMS 0x000000070d200000, 0x000000070d200000| Untracked 
| 183|0x000000070d300000, 0x000000070d300000, 0x000000070d400000|  0%| F|  |TAMS 0x000000070d300000, 0x000000070d300000| Untracked 
| 184|0x000000070d400000, 0x000000070d400000, 0x000000070d500000|  0%| F|  |TAMS 0x000000070d400000, 0x000000070d400000| Untracked 
| 185|0x000000070d500000, 0x000000070d500000, 0x000000070d600000|  0%| F|  |TAMS 0x000000070d500000, 0x000000070d500000| Untracked 
| 186|0x000000070d600000, 0x000000070d600000, 0x000000070d700000|  0%| F|  |TAMS 0x000000070d600000, 0x000000070d600000| Untracked 
| 187|0x000000070d700000, 0x000000070d700000, 0x000000070d800000|  0%| F|  |TAMS 0x000000070d700000, 0x000000070d700000| Untracked 
| 188|0x000000070d800000, 0x000000070d800000, 0x000000070d900000|  0%| F|  |TAMS 0x000000070d800000, 0x000000070d800000| Untracked 
| 189|0x000000070d900000, 0x000000070d900000, 0x000000070da00000|  0%| F|  |TAMS 0x000000070d900000, 0x000000070d900000| Untracked 
| 190|0x000000070da00000, 0x000000070da00000, 0x000000070db00000|  0%| F|  |TAMS 0x000000070da00000, 0x000000070da00000| Untracked 
| 191|0x000000070db00000, 0x000000070db00000, 0x000000070dc00000|  0%| F|  |TAMS 0x000000070db00000, 0x000000070db00000| Untracked 
| 192|0x000000070dc00000, 0x000000070dc00000, 0x000000070dd00000|  0%| F|  |TAMS 0x000000070dc00000, 0x000000070dc00000| Untracked 
| 193|0x000000070dd00000, 0x000000070dd00000, 0x000000070de00000|  0%| F|  |TAMS 0x000000070dd00000, 0x000000070dd00000| Untracked 
| 194|0x000000070de00000, 0x000000070de00000, 0x000000070df00000|  0%| F|  |TAMS 0x000000070de00000, 0x000000070de00000| Untracked 
| 195|0x000000070df00000, 0x000000070df00000, 0x000000070e000000|  0%| F|  |TAMS 0x000000070df00000, 0x000000070df00000| Untracked 
| 196|0x000000070e000000, 0x000000070e000000, 0x000000070e100000|  0%| F|  |TAMS 0x000000070e000000, 0x000000070e000000| Untracked 
| 197|0x000000070e100000, 0x000000070e100000, 0x000000070e200000|  0%| F|  |TAMS 0x000000070e100000, 0x000000070e100000| Untracked 
| 198|0x000000070e200000, 0x000000070e200000, 0x000000070e300000|  0%| F|  |TAMS 0x000000070e200000, 0x000000070e200000| Untracked 
| 199|0x000000070e300000, 0x000000070e300000, 0x000000070e400000|  0%| F|  |TAMS 0x000000070e300000, 0x000000070e300000| Untracked 
| 200|0x000000070e400000, 0x000000070e400000, 0x000000070e500000|  0%| F|  |TAMS 0x000000070e400000, 0x000000070e400000| Untracked 
| 201|0x000000070e500000, 0x000000070e500000, 0x000000070e600000|  0%| F|  |TAMS 0x000000070e500000, 0x000000070e500000| Untracked 
| 202|0x000000070e600000, 0x000000070e600000, 0x000000070e700000|  0%| F|  |TAMS 0x000000070e600000, 0x000000070e600000| Untracked 
| 203|0x000000070e700000, 0x000000070e700000, 0x000000070e800000|  0%| F|  |TAMS 0x000000070e700000, 0x000000070e700000| Untracked 
| 204|0x000000070e800000, 0x000000070e800000, 0x000000070e900000|  0%| F|  |TAMS 0x000000070e800000, 0x000000070e800000| Untracked 
| 205|0x000000070e900000, 0x000000070e900000, 0x000000070ea00000|  0%| F|  |TAMS 0x000000070e900000, 0x000000070e900000| Untracked 
| 206|0x000000070ea00000, 0x000000070ea00000, 0x000000070eb00000|  0%| F|  |TAMS 0x000000070ea00000, 0x000000070ea00000| Untracked 
| 207|0x000000070eb00000, 0x000000070eb00000, 0x000000070ec00000|  0%| F|  |TAMS 0x000000070eb00000, 0x000000070eb00000| Untracked 
| 208|0x000000070ec00000, 0x000000070ec00000, 0x000000070ed00000|  0%| F|  |TAMS 0x000000070ec00000, 0x000000070ec00000| Untracked 
| 209|0x000000070ed00000, 0x000000070ed00000, 0x000000070ee00000|  0%| F|  |TAMS 0x000000070ed00000, 0x000000070ed00000| Untracked 
| 210|0x000000070ee00000, 0x000000070ee00000, 0x000000070ef00000|  0%| F|  |TAMS 0x000000070ee00000, 0x000000070ee00000| Untracked 
| 211|0x000000070ef00000, 0x000000070ef00000, 0x000000070f000000|  0%| F|  |TAMS 0x000000070ef00000, 0x000000070ef00000| Untracked 
| 212|0x000000070f000000, 0x000000070f000000, 0x000000070f100000|  0%| F|  |TAMS 0x000000070f000000, 0x000000070f000000| Untracked 
| 213|0x000000070f100000, 0x000000070f100000, 0x000000070f200000|  0%| F|  |TAMS 0x000000070f100000, 0x000000070f100000| Untracked 
| 214|0x000000070f200000, 0x000000070f200000, 0x000000070f300000|  0%| F|  |TAMS 0x000000070f200000, 0x000000070f200000| Untracked 
| 215|0x000000070f300000, 0x000000070f300000, 0x000000070f400000|  0%| F|  |TAMS 0x000000070f300000, 0x000000070f300000| Untracked 
| 216|0x000000070f400000, 0x000000070f400000, 0x000000070f500000|  0%| F|  |TAMS 0x000000070f400000, 0x000000070f400000| Untracked 
| 217|0x000000070f500000, 0x000000070f500000, 0x000000070f600000|  0%| F|  |TAMS 0x000000070f500000, 0x000000070f500000| Untracked 
| 218|0x000000070f600000, 0x000000070f600000, 0x000000070f700000|  0%| F|  |TAMS 0x000000070f600000, 0x000000070f600000| Untracked 
| 219|0x000000070f700000, 0x000000070f700000, 0x000000070f800000|  0%| F|  |TAMS 0x000000070f700000, 0x000000070f700000| Untracked 
| 220|0x000000070f800000, 0x000000070f800000, 0x000000070f900000|  0%| F|  |TAMS 0x000000070f800000, 0x000000070f800000| Untracked 
| 221|0x000000070f900000, 0x000000070f900000, 0x000000070fa00000|  0%| F|  |TAMS 0x000000070f900000, 0x000000070f900000| Untracked 
| 222|0x000000070fa00000, 0x000000070fa00000, 0x000000070fb00000|  0%| F|  |TAMS 0x000000070fa00000, 0x000000070fa00000| Untracked 
| 223|0x000000070fb00000, 0x000000070fb00000, 0x000000070fc00000|  0%| F|  |TAMS 0x000000070fb00000, 0x000000070fb00000| Untracked 
| 224|0x000000070fc00000, 0x000000070fc00000, 0x000000070fd00000|  0%| F|  |TAMS 0x000000070fc00000, 0x000000070fc00000| Untracked 
| 225|0x000000070fd00000, 0x000000070fd00000, 0x000000070fe00000|  0%| F|  |TAMS 0x000000070fd00000, 0x000000070fd00000| Untracked 
| 226|0x000000070fe00000, 0x000000070fe00000, 0x000000070ff00000|  0%| F|  |TAMS 0x000000070fe00000, 0x000000070fe00000| Untracked 
| 227|0x000000070ff00000, 0x000000070ff00000, 0x0000000710000000|  0%| F|  |TAMS 0x000000070ff00000, 0x000000070ff00000| Untracked 
| 228|0x0000000710000000, 0x0000000710000000, 0x0000000710100000|  0%| F|  |TAMS 0x0000000710000000, 0x0000000710000000| Untracked 
| 229|0x0000000710100000, 0x0000000710100000, 0x0000000710200000|  0%| F|  |TAMS 0x0000000710100000, 0x0000000710100000| Untracked 
| 230|0x0000000710200000, 0x0000000710200000, 0x0000000710300000|  0%| F|  |TAMS 0x0000000710200000, 0x0000000710200000| Untracked 
| 231|0x0000000710300000, 0x0000000710300000, 0x0000000710400000|  0%| F|  |TAMS 0x0000000710300000, 0x0000000710300000| Untracked 
| 232|0x0000000710400000, 0x0000000710400000, 0x0000000710500000|  0%| F|  |TAMS 0x0000000710400000, 0x0000000710400000| Untracked 
| 233|0x0000000710500000, 0x0000000710500000, 0x0000000710600000|  0%| F|  |TAMS 0x0000000710500000, 0x0000000710500000| Untracked 
| 234|0x0000000710600000, 0x0000000710600000, 0x0000000710700000|  0%| F|  |TAMS 0x0000000710600000, 0x0000000710600000| Untracked 
| 235|0x0000000710700000, 0x0000000710700000, 0x0000000710800000|  0%| F|  |TAMS 0x0000000710700000, 0x0000000710700000| Untracked 
| 236|0x0000000710800000, 0x0000000710800000, 0x0000000710900000|  0%| F|  |TAMS 0x0000000710800000, 0x0000000710800000| Untracked 
| 237|0x0000000710900000, 0x0000000710900000, 0x0000000710a00000|  0%| F|  |TAMS 0x0000000710900000, 0x0000000710900000| Untracked 
| 238|0x0000000710a00000, 0x0000000710a00000, 0x0000000710b00000|  0%| F|  |TAMS 0x0000000710a00000, 0x0000000710a00000| Untracked 
| 239|0x0000000710b00000, 0x0000000710b00000, 0x0000000710c00000|  0%| F|  |TAMS 0x0000000710b00000, 0x0000000710b00000| Untracked 
| 240|0x0000000710c00000, 0x0000000710c00000, 0x0000000710d00000|  0%| F|  |TAMS 0x0000000710c00000, 0x0000000710c00000| Untracked 
| 241|0x0000000710d00000, 0x0000000710d00000, 0x0000000710e00000|  0%| F|  |TAMS 0x0000000710d00000, 0x0000000710d00000| Untracked 
| 242|0x0000000710e00000, 0x0000000710e00000, 0x0000000710f00000|  0%| F|  |TAMS 0x0000000710e00000, 0x0000000710e00000| Untracked 
| 243|0x0000000710f00000, 0x0000000710f00000, 0x0000000711000000|  0%| F|  |TAMS 0x0000000710f00000, 0x0000000710f00000| Untracked 
| 244|0x0000000711000000, 0x0000000711000000, 0x0000000711100000|  0%| F|  |TAMS 0x0000000711000000, 0x0000000711000000| Untracked 
| 245|0x0000000711100000, 0x0000000711100000, 0x0000000711200000|  0%| F|  |TAMS 0x0000000711100000, 0x0000000711100000| Untracked 
| 246|0x0000000711200000, 0x0000000711200000, 0x0000000711300000|  0%| F|  |TAMS 0x0000000711200000, 0x0000000711200000| Untracked 
| 247|0x0000000711300000, 0x0000000711300000, 0x0000000711400000|  0%| F|  |TAMS 0x0000000711300000, 0x0000000711300000| Untracked 
| 248|0x0000000711400000, 0x0000000711400000, 0x0000000711500000|  0%| F|  |TAMS 0x0000000711400000, 0x0000000711400000| Untracked 
| 249|0x0000000711500000, 0x0000000711500000, 0x0000000711600000|  0%| F|  |TAMS 0x0000000711500000, 0x0000000711500000| Untracked 
| 250|0x0000000711600000, 0x0000000711600000, 0x0000000711700000|  0%| F|  |TAMS 0x0000000711600000, 0x0000000711600000| Untracked 
| 251|0x0000000711700000, 0x0000000711700000, 0x0000000711800000|  0%| F|  |TAMS 0x0000000711700000, 0x0000000711700000| Untracked 
| 252|0x0000000711800000, 0x0000000711800000, 0x0000000711900000|  0%| F|  |TAMS 0x0000000711800000, 0x0000000711800000| Untracked 
| 253|0x0000000711900000, 0x0000000711a00000, 0x0000000711a00000|100%| E|  |TAMS 0x0000000711900000, 0x0000000711900000| Complete 
| 254|0x0000000711a00000, 0x0000000711b00000, 0x0000000711b00000|100%| E|CS|TAMS 0x0000000711a00000, 0x0000000711a00000| Complete 
| 255|0x0000000711b00000, 0x0000000711c00000, 0x0000000711c00000|100%| E|CS|TAMS 0x0000000711b00000, 0x0000000711b00000| Complete 

Card table byte_map: [0x000001b47c5d0000,0x000001b47cdd0000] _byte_map_base: 0x000001b478dc2000

Marking Bits (Prev, Next): (CMBitMap*) 0x000001b4734ec9a8, (CMBitMap*) 0x000001b4734ec9e0
 Prev Bits: [0x000001b40f000000, 0x000001b412f90000)
 Next Bits: [0x000001b412f90000, 0x000001b416f20000)

Polling page: 0x000001b471380000

Metaspace:

Usage:
  Non-class:     34.68 MB capacity,    33.70 MB ( 97%) used,   804.54 KB (  2%) free+waste,   201.25 KB ( <1%) overhead. 
      Class:      5.59 MB capacity,     4.84 MB ( 87%) used,   663.77 KB ( 12%) free+waste,   100.25 KB (  2%) overhead. 
       Both:     40.27 MB capacity,    38.54 MB ( 96%) used,     1.43 MB (  4%) free+waste,   301.50 KB ( <1%) overhead. 

Virtual space:
  Non-class space:       36.00 MB reserved,      34.75 MB ( 97%) committed 
      Class space:        1.00 GB reserved,       5.63 MB ( <1%) committed 
             Both:        1.04 GB reserved,      40.38 MB (  4%) committed 

Chunk freelists:
   Non-Class:  8.00 KB
       Class:  0 bytes
        Both:  8.00 KB

CodeHeap 'non-profiled nmethods': size=120000Kb used=2930Kb max_used=2930Kb free=117069Kb
 bounds [0x000001b407ad0000, 0x000001b407db0000, 0x000001b40f000000]
CodeHeap 'profiled nmethods': size=120000Kb used=12430Kb max_used=12430Kb free=107569Kb
 bounds [0x000001b4005a0000, 0x000001b4011d0000, 0x000001b407ad0000]
CodeHeap 'non-nmethods': size=5760Kb used=1493Kb max_used=1516Kb free=4266Kb
 bounds [0x000001b400000000, 0x000001b400270000, 0x000001b4005a0000]
 total_blobs=8612 nmethods=5512 adapters=880
 compilation: enabled
              stopped_count=0, restarted_count=0
 full_count=0

Compilation events (10 events):
Event: 20.227 Thread 0x000001b4179d0000 6108       3       com.sun.prism.impl.BaseGraphics::fill (137 bytes)
Event: 20.228 Thread 0x000001b4179d0000 nmethod 6108 0x000001b4011c9690 code [0x000001b4011c9880, 0x000001b4011c9e60]
Event: 20.320 Thread 0x000001b4179d0000 6109       3       javafx.scene.text.Text::textProperty (27 bytes)
Event: 20.321 Thread 0x000001b4179d0000 nmethod 6109 0x000001b4011ca010 code [0x000001b4011ca200, 0x000001b4011ca798]
Event: 20.435 Thread 0x000001b4179cc800 6110       4       com.sun.javafx.geom.transform.AffineBase::is2D (24 bytes)
Event: 20.436 Thread 0x000001b4179cc800 nmethod 6110 0x000001b407dac510 code [0x000001b407dac6a0, 0x000001b407dac718]
Event: 20.627 Thread 0x000001b4179d0000 6111       1       com.sun.javafx.geom.transform.Affine2D::getDegree (4 bytes)
Event: 20.627 Thread 0x000001b4179d0000 nmethod 6111 0x000001b407dac790 code [0x000001b407dac940, 0x000001b407daca58]
Event: 20.721 Thread 0x000001b4179d0000 6112       3       javafx.scene.text.Text::setText (17 bytes)
Event: 20.721 Thread 0x000001b4179d0000 nmethod 6112 0x000001b4011ca990 code [0x000001b4011cab80, 0x000001b4011cb0a0]

GC Heap History (10 events):
Event: 1.413 GC heap before
{Heap before GC invocations=1 (full 0):
 garbage-first heap   total 262144K, used 60669K [0x0000000701c00000, 0x0000000800000000)
  region size 1024K, 43 young (44032K), 3 survivors (3072K)
 Metaspace       used 20505K, capacity 21225K, committed 21248K, reserved 1067008K
  class space    used 2530K, capacity 2801K, committed 2816K, reserved 1048576K
}
Event: 1.420 GC heap after
{Heap after GC invocations=2 (full 0):
 garbage-first heap   total 262144K, used 24166K [0x0000000701c00000, 0x0000000800000000)
  region size 1024K, 10 young (10240K), 10 survivors (10240K)
 Metaspace       used 20505K, capacity 21225K, committed 21248K, reserved 1067008K
  class space    used 2530K, capacity 2801K, committed 2816K, reserved 1048576K
}
Event: 2.933 GC heap before
{Heap before GC invocations=3 (full 0):
 garbage-first heap   total 262144K, used 76390K [0x0000000701c00000, 0x0000000800000000)
  region size 1024K, 58 young (59392K), 10 survivors (10240K)
 Metaspace       used 33736K, capacity 35105K, committed 35200K, reserved 1079296K
  class space    used 4402K, capacity 4990K, committed 4992K, reserved 1048576K
}
Event: 2.945 GC heap after
{Heap after GC invocations=4 (full 0):
 garbage-first heap   total 262144K, used 36379K [0x0000000701c00000, 0x0000000800000000)
  region size 1024K, 7 young (7168K), 7 survivors (7168K)
 Metaspace       used 33736K, capacity 35105K, committed 35200K, reserved 1079296K
  class space    used 4402K, capacity 4990K, committed 4992K, reserved 1048576K
}
Event: 3.062 GC heap before
{Heap before GC invocations=4 (full 0):
 garbage-first heap   total 262144K, used 42523K [0x0000000701c00000, 0x0000000800000000)
  region size 1024K, 14 young (14336K), 7 survivors (7168K)
 Metaspace       used 34117K, capacity 35467K, committed 35584K, reserved 1079296K
  class space    used 4451K, capacity 5026K, committed 5120K, reserved 1048576K
}
Event: 3.069 GC heap after
{Heap after GC invocations=5 (full 0):
 garbage-first heap   total 262144K, used 37096K [0x0000000701c00000, 0x0000000800000000)
  region size 1024K, 1 young (1024K), 1 survivors (1024K)
 Metaspace       used 34117K, capacity 35467K, committed 35584K, reserved 1079296K
  class space    used 4451K, capacity 5026K, committed 5120K, reserved 1048576K
}
Event: 11.097 GC heap before
{Heap before GC invocations=6 (full 0):
 garbage-first heap   total 262144K, used 139496K [0x0000000701c00000, 0x0000000800000000)
  region size 1024K, 90 young (92160K), 1 survivors (1024K)
 Metaspace       used 39192K, capacity 40949K, committed 41088K, reserved 1085440K
  class space    used 4950K, capacity 5715K, committed 5760K, reserved 1048576K
}
Event: 11.103 GC heap after
{Heap after GC invocations=7 (full 0):
 garbage-first heap   total 262144K, used 41384K [0x0000000701c00000, 0x0000000800000000)
  region size 1024K, 6 young (6144K), 6 survivors (6144K)
 Metaspace       used 39192K, capacity 40949K, committed 41088K, reserved 1085440K
  class space    used 4950K, capacity 5715K, committed 5760K, reserved 1048576K
}
Event: 18.413 GC heap before
{Heap before GC invocations=7 (full 0):
 garbage-first heap   total 262144K, used 156072K [0x0000000701c00000, 0x0000000800000000)
  region size 1024K, 118 young (120832K), 6 survivors (6144K)
 Metaspace       used 39418K, capacity 41221K, committed 41344K, reserved 1085440K
  class space    used 4952K, capacity 5715K, committed 5760K, reserved 1048576K
}
Event: 18.417 GC heap after
{Heap after GC invocations=8 (full 0):
 garbage-first heap   total 262144K, used 41208K [0x0000000701c00000, 0x0000000800000000)
  region size 1024K, 6 young (6144K), 6 survivors (6144K)
 Metaspace       used 39418K, capacity 41221K, committed 41344K, reserved 1085440K
  class space    used 4952K, capacity 5715K, committed 5760K, reserved 1048576K
}

Deoptimization events (10 events):
Event: 11.524 Thread 0x000001b418073800 DEOPT PACKING pc=0x000001b407d19a34 sp=0x00000019a43fd2f0
Event: 11.524 Thread 0x000001b418073800 DEOPT UNPACKING pc=0x000001b4000291af sp=0x00000019a43fd278 mode 2
Event: 11.524 Thread 0x000001b418073800 Uncommon trap: trap_request=0xffffffde fr.pc=0x000001b407d19a34 relative=0x0000000000000114
Event: 11.524 Thread 0x000001b418073800 Uncommon trap: reason=class_check action=maybe_recompile pc=0x000001b407d19a34 method=jdk.internal.misc.Unsafe.allocateUninitializedArray(Ljava/lang/Class;I)Ljava/lang/Object; @ 48 c2
Event: 11.524 Thread 0x000001b418073800 DEOPT PACKING pc=0x000001b407d19a34 sp=0x00000019a43fd2f0
Event: 11.524 Thread 0x000001b418073800 DEOPT UNPACKING pc=0x000001b4000291af sp=0x00000019a43fd278 mode 2
Event: 11.636 Thread 0x000001b418073800 Uncommon trap: trap_request=0xffffffde fr.pc=0x000001b407d19a34 relative=0x0000000000000114
Event: 11.636 Thread 0x000001b418073800 Uncommon trap: reason=class_check action=maybe_recompile pc=0x000001b407d19a34 method=jdk.internal.misc.Unsafe.allocateUninitializedArray(Ljava/lang/Class;I)Ljava/lang/Object; @ 48 c2
Event: 11.636 Thread 0x000001b418073800 DEOPT PACKING pc=0x000001b407d19a34 sp=0x00000019a43fd2f0
Event: 11.636 Thread 0x000001b418073800 DEOPT UNPACKING pc=0x000001b4000291af sp=0x00000019a43fd278 mode 2

Classes redefined (0 events):
No events

Internal exceptions (10 events):
Event: 9.513 Thread 0x000001b418ae9000 Exception <a 'java/io/FileNotFoundException'{0x000000070cce9f78}> (0x000000070cce9f78) thrown at [c:/cygwin64/tmp/openjdk-jdk11u-windows-x64-hotspot/workspace/build/src/src/hotspot/share/prims/jni.cpp, line 615]
Event: 9.723 Thread 0x000001b418ae9000 Exception <a 'java/lang/NoSuchMethodError'{0x000000070c760698}: 'java.lang.Object java.lang.invoke.DirectMethodHandle$Holder.invokeStatic(java.lang.Object, java.lang.Object, java.lang.Object, java.lang.Object, java.lang.Object, java.lang.Object, java.lang
Event: 9.725 Thread 0x000001b418ae9000 Exception <a 'java/lang/NoSuchMethodError'{0x000000070c77a688}: 'java.lang.Object java.lang.invoke.DirectMethodHandle$Holder.invokeStatic(java.lang.Object, java.lang.Object, java.lang.Object, java.lang.Object, java.lang.Object, java.lang.Object, java.lang
Event: 9.727 Thread 0x000001b418ae9000 Exception <a 'java/lang/NoSuchMethodError'{0x000000070c626480}: 'java.lang.Object java.lang.invoke.DirectMethodHandle$Holder.invokeSpecial(java.lang.Object, java.lang.Object, int, int, int, java.lang.Object, java.lang.Object)'> (0x000000070c626480) thrown
Event: 9.727 Thread 0x000001b418ae9000 Exception <a 'java/lang/NoSuchMethodError'{0x000000070c629910}: 'java.lang.Object java.lang.invoke.DelegatingMethodHandle$Holder.reinvoke_L(java.lang.Object, int, int, int, java.lang.Object, java.lang.Object)'> (0x000000070c629910) thrown at [c:/cygwin64/
Event: 9.728 Thread 0x000001b418ae9000 Exception <a 'java/lang/NoSuchMethodError'{0x000000070c63a158}: 'java.lang.Object java.lang.invoke.DirectMethodHandle$Holder.invokeSpecial(java.lang.Object, java.lang.Object, int, java.lang.Object, java.lang.Object)'> (0x000000070c63a158) thrown at [c:/cy
Event: 10.854 Thread 0x000001b418ae9000 Exception <a 'java/lang/NoSuchMethodError'{0x000000070c6aa1c0}: 'java.lang.Object java.lang.invoke.DirectMethodHandle$Holder.invokeStatic(java.lang.Object, java.lang.Object, int, int, int, int, int, java.lang.Object)'> (0x000000070c6aa1c0) thrown at [c:/c
Event: 10.854 Thread 0x000001b418ae9000 Exception <a 'java/lang/NoSuchMethodError'{0x000000070c6b0b30}: 'java.lang.Object java.lang.invoke.Invokers$Holder.linkToTargetMethod(java.lang.Object, int, int, int, int, int, java.lang.Object, java.lang.Object)'> (0x000000070c6b0b30) thrown at [c:/cygwi
Event: 10.855 Thread 0x000001b418ae9000 Exception <a 'java/lang/NoSuchMethodError'{0x000000070c6bac08}: 'java.lang.Object java.lang.invoke.DirectMethodHandle$Holder.invokeStatic(java.lang.Object, java.lang.Object, java.lang.Object, int, int, int, int, int)'> (0x000000070c6bac08) thrown at [c:/c
Event: 10.855 Thread 0x000001b418ae9000 Exception <a 'java/lang/NoSuchMethodError'{0x000000070c6c1478}: 'java.lang.Object java.lang.invoke.Invokers$Holder.linkToTargetMethod(java.lang.Object, java.lang.Object, int, int, int, int, int, java.lang.Object)'> (0x000000070c6c1478) thrown at [c:/cygwi

Events (10 events):
Event: 18.437 Thread 0x000001b42177f000 Thread exited: 0x000001b42177f000
Event: 18.547 Thread 0x000001b46fe7e800 Thread added: 0x000001b46fe7e800
Event: 18.547 Executing VM operation: RevokeBias
Event: 18.548 Executing VM operation: RevokeBias done
Event: 18.548 loading class sun/net/www/protocol/http/HttpURLConnection$StreamingOutputStream
Event: 18.548 Thread 0x000001b46fe7e800 Thread exited: 0x000001b46fe7e800
Event: 18.548 loading class sun/net/www/protocol/http/HttpURLConnection$StreamingOutputStream done
Event: 18.548 loading class com/sun/webkit/network/URLLoader
Event: 18.548 loading class com/sun/webkit/network/URLLoader done
Event: 19.467 Thread 0x000001b421786800 Thread exited: 0x000001b421786800


Dynamic libraries:
0x00007ff7f39b0000 - 0x00007ff7f39fa000 	C:\Program Files\AdoptOpenJDK\jdk-11.0.4.11-hotspot\bin\java.exe
0x00007ffc57890000 - 0x00007ffc57a85000 	C:\WINDOWS\SYSTEM32\ntdll.dll
0x00007ffc55fa0000 - 0x00007ffc5605e000 	C:\WINDOWS\System32\KERNEL32.DLL
0x00007ffc553c0000 - 0x00007ffc55688000 	C:\WINDOWS\System32\KERNELBASE.dll
0x00007ffc56490000 - 0x00007ffc56630000 	C:\WINDOWS\System32\USER32.dll
0x00007ffc54fb0000 - 0x00007ffc54fd2000 	C:\WINDOWS\System32\win32u.dll
0x00007ffc57010000 - 0x00007ffc5703b000 	C:\WINDOWS\System32\GDI32.dll
0x00007ffc55210000 - 0x00007ffc5531b000 	C:\WINDOWS\System32\gdi32full.dll
0x00007ffc55170000 - 0x00007ffc5520d000 	C:\WINDOWS\System32\msvcp_win.dll
0x00007ffc55070000 - 0x00007ffc55170000 	C:\WINDOWS\System32\ucrtbase.dll
0x00007ffc54360000 - 0x00007ffc545fa000 	C:\WINDOWS\WinSxS\amd64_microsoft.windows.common-controls_6595b64144ccf1df_6.0.19041.1110_none_60b5254171f9507e\COMCTL32.dll
0x00007ffc576d0000 - 0x00007ffc5776e000 	C:\WINDOWS\System32\msvcrt.dll
0x00007ffc55aa0000 - 0x00007ffc55ad0000 	C:\WINDOWS\System32\IMM32.DLL
0x00007ffc38530000 - 0x00007ffc38546000 	C:\Program Files\AdoptOpenJDK\jdk-11.0.4.11-hotspot\bin\vcruntime140.dll
0x00007ffc183a0000 - 0x00007ffc1843b000 	C:\Program Files\AdoptOpenJDK\jdk-11.0.4.11-hotspot\bin\msvcp140.dll
0x00007ffc13900000 - 0x00007ffc143b6000 	C:\Program Files\AdoptOpenJDK\jdk-11.0.4.11-hotspot\bin\server\jvm.dll
0x00007ffc572f0000 - 0x00007ffc5739e000 	C:\WINDOWS\System32\ADVAPI32.dll
0x00007ffc57250000 - 0x00007ffc572ec000 	C:\WINDOWS\System32\sechost.dll
0x00007ffc56ec0000 - 0x00007ffc56fe5000 	C:\WINDOWS\System32\RPCRT4.dll
0x00007ffc566e0000 - 0x00007ffc566e8000 	C:\WINDOWS\System32\PSAPI.DLL
0x00007ffc397f0000 - 0x00007ffc397f9000 	C:\WINDOWS\SYSTEM32\WSOCK32.dll
0x00007ffc40f90000 - 0x00007ffc40fb7000 	C:\WINDOWS\SYSTEM32\WINMM.dll
0x00007ffc4a120000 - 0x00007ffc4a12a000 	C:\WINDOWS\SYSTEM32\VERSION.dll
0x00007ffc56e40000 - 0x00007ffc56eab000 	C:\WINDOWS\System32\WS2_32.dll
0x00007ffc534a0000 - 0x00007ffc534b2000 	C:\WINDOWS\SYSTEM32\kernel.appcore.dll
0x00007ffc48320000 - 0x00007ffc48330000 	C:\Program Files\AdoptOpenJDK\jdk-11.0.4.11-hotspot\bin\verify.dll
0x00007ffc54a30000 - 0x00007ffc54c14000 	C:\WINDOWS\SYSTEM32\DBGHELP.DLL
0x00007ffc548a0000 - 0x00007ffc548cc000 	C:\WINDOWS\SYSTEM32\dbgcore.DLL
0x00007ffc54fe0000 - 0x00007ffc55062000 	C:\WINDOWS\System32\bcryptPrimitives.dll
0x00007ffc26a70000 - 0x00007ffc26a98000 	C:\Program Files\AdoptOpenJDK\jdk-11.0.4.11-hotspot\bin\java.dll
0x00007ffc2af90000 - 0x00007ffc2afa6000 	C:\Program Files\AdoptOpenJDK\jdk-11.0.4.11-hotspot\bin\zip.dll
0x00007ffc47ee0000 - 0x00007ffc47eea000 	C:\Program Files\AdoptOpenJDK\jdk-11.0.4.11-hotspot\bin\jimage.dll
0x00007ffc566f0000 - 0x00007ffc56e34000 	C:\WINDOWS\System32\SHELL32.dll
0x00007ffc4f850000 - 0x00007ffc4ffe4000 	C:\WINDOWS\SYSTEM32\windows.storage.dll
0x00007ffc56060000 - 0x00007ffc563b4000 	C:\WINDOWS\System32\combase.dll
0x00007ffc542c0000 - 0x00007ffc542ec000 	C:\WINDOWS\SYSTEM32\Wldp.dll
0x00007ffc574f0000 - 0x00007ffc5759d000 	C:\WINDOWS\System32\SHCORE.dll
0x00007ffc57160000 - 0x00007ffc571b5000 	C:\WINDOWS\System32\shlwapi.dll
0x00007ffc54ef0000 - 0x00007ffc54f0f000 	C:\WINDOWS\SYSTEM32\profapi.dll
0x00007ffc26bd0000 - 0x00007ffc26be9000 	C:\Program Files\AdoptOpenJDK\jdk-11.0.4.11-hotspot\bin\net.dll
0x00007ffc492f0000 - 0x00007ffc493f9000 	C:\WINDOWS\SYSTEM32\WINHTTP.dll
0x00007ffc3d330000 - 0x00007ffc3d51c000 	C:\WINDOWS\SYSTEM32\urlmon.dll
0x00007ffc3d200000 - 0x00007ffc3d228000 	C:\WINDOWS\SYSTEM32\srvcli.dll
0x00007ffc53e70000 - 0x00007ffc53e7c000 	C:\WINDOWS\SYSTEM32\netutils.dll
0x00007ffc3d730000 - 0x00007ffc3d9e1000 	C:\WINDOWS\SYSTEM32\iertutil.dll
0x00007ffc54010000 - 0x00007ffc5407a000 	C:\WINDOWS\system32\mswsock.dll
0x00007ffc23c60000 - 0x00007ffc23c72000 	C:\Program Files\AdoptOpenJDK\jdk-11.0.4.11-hotspot\bin\nio.dll
0x000001b473390000 - 0x000001b473393000 	C:\Users\Jake Yeo\.openjfx\cache\17.0.2-ea\api-ms-win-core-console-l1-1-0.dll
0x000001b4733a0000 - 0x000001b4733a3000 	C:\Users\Jake Yeo\.openjfx\cache\17.0.2-ea\api-ms-win-core-console-l1-2-0.dll
0x000001b4733b0000 - 0x000001b4733b3000 	C:\Users\Jake Yeo\.openjfx\cache\17.0.2-ea\api-ms-win-core-datetime-l1-1-0.dll
0x000001b4733c0000 - 0x000001b4733c3000 	C:\Users\Jake Yeo\.openjfx\cache\17.0.2-ea\api-ms-win-core-debug-l1-1-0.dll
0x000001b4733d0000 - 0x000001b4733d3000 	C:\Users\Jake Yeo\.openjfx\cache\17.0.2-ea\api-ms-win-core-errorhandling-l1-1-0.dll
0x000001b4733e0000 - 0x000001b4733e4000 	C:\Users\Jake Yeo\.openjfx\cache\17.0.2-ea\api-ms-win-core-file-l1-1-0.dll
0x000001b4733f0000 - 0x000001b4733f3000 	C:\Users\Jake Yeo\.openjfx\cache\17.0.2-ea\api-ms-win-core-file-l1-2-0.dll
0x000001b473400000 - 0x000001b473403000 	C:\Users\Jake Yeo\.openjfx\cache\17.0.2-ea\api-ms-win-core-file-l2-1-0.dll
0x000001b473410000 - 0x000001b473413000 	C:\Users\Jake Yeo\.openjfx\cache\17.0.2-ea\api-ms-win-core-handle-l1-1-0.dll
0x000001b473420000 - 0x000001b473423000 	C:\Users\Jake Yeo\.openjfx\cache\17.0.2-ea\api-ms-win-core-heap-l1-1-0.dll
0x000001b473430000 - 0x000001b473433000 	C:\Users\Jake Yeo\.openjfx\cache\17.0.2-ea\api-ms-win-core-interlocked-l1-1-0.dll
0x000001b473440000 - 0x000001b473443000 	C:\Users\Jake Yeo\.openjfx\cache\17.0.2-ea\api-ms-win-core-libraryloader-l1-1-0.dll
0x000001b473450000 - 0x000001b473453000 	C:\Users\Jake Yeo\.openjfx\cache\17.0.2-ea\api-ms-win-core-localization-l1-2-0.dll
0x000001b47ff60000 - 0x000001b47ff63000 	C:\Users\Jake Yeo\.openjfx\cache\17.0.2-ea\api-ms-win-core-memory-l1-1-0.dll
0x000001b47ff70000 - 0x000001b47ff73000 	C:\Users\Jake Yeo\.openjfx\cache\17.0.2-ea\api-ms-win-core-namedpipe-l1-1-0.dll
0x000001b47ff80000 - 0x000001b47ff83000 	C:\Users\Jake Yeo\.openjfx\cache\17.0.2-ea\api-ms-win-core-processenvironment-l1-1-0.dll
0x000001b47ff90000 - 0x000001b47ff93000 	C:\Users\Jake Yeo\.openjfx\cache\17.0.2-ea\api-ms-win-core-processthreads-l1-1-0.dll
0x000001b47ffa0000 - 0x000001b47ffa3000 	C:\Users\Jake Yeo\.openjfx\cache\17.0.2-ea\api-ms-win-core-processthreads-l1-1-1.dll
0x000001b47ffb0000 - 0x000001b47ffb3000 	C:\Users\Jake Yeo\.openjfx\cache\17.0.2-ea\api-ms-win-core-profile-l1-1-0.dll
0x000001b47ffc0000 - 0x000001b47ffc3000 	C:\Users\Jake Yeo\.openjfx\cache\17.0.2-ea\api-ms-win-core-rtlsupport-l1-1-0.dll
0x000001b47ffd0000 - 0x000001b47ffd3000 	C:\Users\Jake Yeo\.openjfx\cache\17.0.2-ea\api-ms-win-core-string-l1-1-0.dll
0x000001b47ffe0000 - 0x000001b47ffe3000 	C:\Users\Jake Yeo\.openjfx\cache\17.0.2-ea\api-ms-win-core-synch-l1-1-0.dll
0x000001b47fff0000 - 0x000001b47fff3000 	C:\Users\Jake Yeo\.openjfx\cache\17.0.2-ea\api-ms-win-core-synch-l1-2-0.dll
0x000001b4195f0000 - 0x000001b4195f3000 	C:\Users\Jake Yeo\.openjfx\cache\17.0.2-ea\api-ms-win-core-sysinfo-l1-1-0.dll
0x000001b419600000 - 0x000001b419603000 	C:\Users\Jake Yeo\.openjfx\cache\17.0.2-ea\api-ms-win-core-timezone-l1-1-0.dll
0x000001b419610000 - 0x000001b419613000 	C:\Users\Jake Yeo\.openjfx\cache\17.0.2-ea\api-ms-win-core-util-l1-1-0.dll
0x000001b419620000 - 0x000001b419623000 	C:\Users\Jake Yeo\.openjfx\cache\17.0.2-ea\api-ms-win-crt-conio-l1-1-0.dll
0x000001b419630000 - 0x000001b419634000 	C:\Users\Jake Yeo\.openjfx\cache\17.0.2-ea\api-ms-win-crt-convert-l1-1-0.dll
0x000001b419640000 - 0x000001b419643000 	C:\Users\Jake Yeo\.openjfx\cache\17.0.2-ea\api-ms-win-crt-environment-l1-1-0.dll
0x000001b419650000 - 0x000001b419653000 	C:\Users\Jake Yeo\.openjfx\cache\17.0.2-ea\api-ms-win-crt-filesystem-l1-1-0.dll
0x000001b419660000 - 0x000001b419663000 	C:\Users\Jake Yeo\.openjfx\cache\17.0.2-ea\api-ms-win-crt-heap-l1-1-0.dll
0x000001b419670000 - 0x000001b419673000 	C:\Users\Jake Yeo\.openjfx\cache\17.0.2-ea\api-ms-win-crt-locale-l1-1-0.dll
0x000001b419680000 - 0x000001b419685000 	C:\Users\Jake Yeo\.openjfx\cache\17.0.2-ea\api-ms-win-crt-math-l1-1-0.dll
0x000001b419690000 - 0x000001b419695000 	C:\Users\Jake Yeo\.openjfx\cache\17.0.2-ea\api-ms-win-crt-multibyte-l1-1-0.dll
0x000001b4196a0000 - 0x000001b4196b0000 	C:\Users\Jake Yeo\.openjfx\cache\17.0.2-ea\api-ms-win-crt-private-l1-1-0.dll
0x000001b4196b0000 - 0x000001b4196b3000 	C:\Users\Jake Yeo\.openjfx\cache\17.0.2-ea\api-ms-win-crt-process-l1-1-0.dll
0x000001b4196c0000 - 0x000001b4196c4000 	C:\Users\Jake Yeo\.openjfx\cache\17.0.2-ea\api-ms-win-crt-runtime-l1-1-0.dll
0x000001b4196d0000 - 0x000001b4196d4000 	C:\Users\Jake Yeo\.openjfx\cache\17.0.2-ea\api-ms-win-crt-stdio-l1-1-0.dll
0x000001b4196e0000 - 0x000001b4196e4000 	C:\Users\Jake Yeo\.openjfx\cache\17.0.2-ea\api-ms-win-crt-string-l1-1-0.dll
0x000001b4196f0000 - 0x000001b4196f3000 	C:\Users\Jake Yeo\.openjfx\cache\17.0.2-ea\api-ms-win-crt-time-l1-1-0.dll
0x000001b419700000 - 0x000001b419703000 	C:\Users\Jake Yeo\.openjfx\cache\17.0.2-ea\api-ms-win-crt-utility-l1-1-0.dll
0x00007ffc1ad20000 - 0x00007ffc1ae1c000 	C:\Users\Jake Yeo\.openjfx\cache\17.0.2-ea\ucrtbase.dll
0x00007ffc48350000 - 0x00007ffc4836a000 	C:\Users\Jake Yeo\.openjfx\cache\17.0.2-ea\vcruntime140.dll
0x00007ffc4ce50000 - 0x00007ffc4ce5c000 	C:\Users\Jake Yeo\.openjfx\cache\17.0.2-ea\vcruntime140_1.dll
0x00007ffc1ac90000 - 0x00007ffc1ad1d000 	C:\Users\Jake Yeo\.openjfx\cache\17.0.2-ea\msvcp140.dll
0x00007ffc3f590000 - 0x00007ffc3f5ba000 	C:\Users\Jake Yeo\.openjfx\cache\17.0.2-ea\prism_d3d.dll
0x00007ffc41c10000 - 0x00007ffc41ddf000 	C:\WINDOWS\system32\d3d9.dll
0x00007ffc4edd0000 - 0x00007ffc4edff000 	C:\WINDOWS\SYSTEM32\dwmapi.dll
0x00007ffc4ebe0000 - 0x00007ffc4ec7e000 	C:\WINDOWS\system32\uxtheme.dll
0x00007ffc169f0000 - 0x00007ffc16b82000 	C:\WINDOWS\System32\DriverStore\FileRepository\igdlh64.inf_amd64_ceba516baea4bed9\igdumdim64.dll
0x00007ffc44d20000 - 0x00007ffc44e73000 	C:\WINDOWS\System32\DriverStore\FileRepository\igdlh64.inf_amd64_ceba516baea4bed9\igdgmm64.dll
0x00007ffc38640000 - 0x00007ffc38682000 	C:\Users\Jake Yeo\.openjfx\cache\17.0.2-ea\glass.dll
0x00007ffc57410000 - 0x00007ffc574eb000 	C:\WINDOWS\System32\COMDLG32.dll
0x00007ffc575a0000 - 0x00007ffc576ca000 	C:\WINDOWS\System32\ole32.dll
0x00007ffc563c0000 - 0x00007ffc5648d000 	C:\WINDOWS\System32\OLEAUT32.dll
0x00007ffc57040000 - 0x00007ffc57156000 	C:\WINDOWS\System32\MSCTF.dll
0x00007ffbee100000 - 0x00007ffbf1d17000 	C:\WINDOWS\System32\DriverStore\FileRepository\igdlh64.inf_amd64_ceba516baea4bed9\igd9dxva64.dll
0x00007ffc2ef20000 - 0x00007ffc2ef42000 	C:\WINDOWS\System32\DriverStore\FileRepository\igdlh64.inf_amd64_ceba516baea4bed9\igdinfo64.dll
0x00007ffc429a0000 - 0x00007ffc44d1f000 	C:\WINDOWS\System32\DriverStore\FileRepository\igdlh64.inf_amd64_ceba516baea4bed9\igc64.dll
0x00007ffc4acd0000 - 0x00007ffc4ad0b000 	C:\WINDOWS\SYSTEM32\dxcore.dll
0x00007ffc55740000 - 0x00007ffc5578e000 	C:\WINDOWS\System32\cfgmgr32.dll
0x00007ffc405b0000 - 0x00007ffc405c4000 	C:\Users\Jake Yeo\.openjfx\cache\17.0.2-ea\javafx_font.dll
0x00007ffc3bec0000 - 0x00007ffc3c13f000 	C:\WINDOWS\SYSTEM32\dwrite.dll
0x00007ffbdb860000 - 0x00007ffbdf71d000 	C:\Users\Jake Yeo\.openjfx\cache\17.0.2-ea\jfxwebkit.dll
0x00007ffc54c60000 - 0x00007ffc54c78000 	C:\WINDOWS\SYSTEM32\CRYPTSP.dll
0x00007ffc539c0000 - 0x00007ffc539f4000 	C:\WINDOWS\system32\rsaenh.dll
0x00007ffc55320000 - 0x00007ffc55347000 	C:\WINDOWS\System32\bcrypt.dll
0x00007ffc54100000 - 0x00007ffc5410c000 	C:\WINDOWS\SYSTEM32\CRYPTBASE.dll
0x00007ffc3fd20000 - 0x00007ffc3fd2d000 	C:\Program Files\AdoptOpenJDK\jdk-11.0.4.11-hotspot\bin\sunmscapi.dll
0x00007ffc55790000 - 0x00007ffc558e6000 	C:\WINDOWS\System32\CRYPT32.dll
0x00007ffc54330000 - 0x00007ffc54357000 	C:\WINDOWS\SYSTEM32\ncrypt.dll
0x00007ffc542f0000 - 0x00007ffc5432b000 	C:\WINDOWS\SYSTEM32\NTASN1.dll
0x00007ffc384a0000 - 0x00007ffc384c6000 	C:\Program Files\AdoptOpenJDK\jdk-11.0.4.11-hotspot\bin\sunec.dll
0x00007ffc1aa10000 - 0x00007ffc1aaad000 	C:\Users\Jake Yeo\.openjfx\cache\17.0.2-ea\glib-lite.dll
0x00007ffc1a920000 - 0x00007ffc1aa0a000 	C:\Users\Jake Yeo\.openjfx\cache\17.0.2-ea\gstreamer-lite.dll
0x00007ffc2a8c0000 - 0x00007ffc2a95c000 	C:\WINDOWS\SYSTEM32\DSOUND.dll
0x00007ffc54e20000 - 0x00007ffc54e6b000 	C:\WINDOWS\SYSTEM32\powrprof.dll
0x00007ffc2dd00000 - 0x00007ffc2dd26000 	C:\WINDOWS\SYSTEM32\winmmbase.dll
0x00007ffc54e00000 - 0x00007ffc54e12000 	C:\WINDOWS\SYSTEM32\UMPDC.dll
0x00007ffc38470000 - 0x00007ffc38493000 	C:\Users\Jake Yeo\.openjfx\cache\17.0.2-ea\jfxmedia.dll
0x00007ffc54eb0000 - 0x00007ffc54ede000 	C:\WINDOWS\SYSTEM32\USERENV.dll

dbghelp: loaded successfully - version: 4.0.5 - missing functions: none
symbol engine: initialized successfully - sym options: 0x614 - pdb path: .;C:\Program Files\AdoptOpenJDK\jdk-11.0.4.11-hotspot\bin;C:\WINDOWS\SYSTEM32;C:\WINDOWS\WinSxS\amd64_microsoft.windows.common-controls_6595b64144ccf1df_6.0.19041.1110_none_60b5254171f9507e;C:\Program Files\AdoptOpenJDK\jdk-11.0.4.11-hotspot\bin\server;C:\Users\Jake Yeo\.openjfx\cache\17.0.2-ea;C:\WINDOWS\System32\DriverStore\FileRepository\igdlh64.inf_amd64_ceba516baea4bed9;C:\Program Files\Common Files\Microsoft Shared\Ink

VM Arguments:
jvm_args: --module-path=C:\Users\Jake Yeo\.m2\repository\org\openjfx\javafx-base\17.0.2\javafx-base-17.0.2-win.jar;C:\Users\Jake Yeo\.m2\repository\org\openjfx\javafx-base\17.0.2\javafx-base-17.0.2.jar;C:\Users\Jake Yeo\.m2\repository\org\openjfx\javafx-controls\17.0.2\javafx-controls-17.0.2-win.jar;C:\Users\Jake Yeo\.m2\repository\org\openjfx\javafx-controls\17.0.2\javafx-controls-17.0.2.jar;C:\Users\Jake Yeo\.m2\repository\org\openjfx\javafx-fxml\17.0.2\javafx-fxml-17.0.2-win.jar;C:\Users\Jake Yeo\.m2\repository\org\openjfx\javafx-fxml\17.0.2\javafx-fxml-17.0.2.jar;C:\Users\Jake Yeo\.m2\repository\org\openjfx\javafx-graphics\17.0.2\javafx-graphics-17.0.2-win.jar;C:\Users\Jake Yeo\.m2\repository\org\openjfx\javafx-graphics\17.0.2\javafx-graphics-17.0.2.jar;C:\Users\Jake Yeo\.m2\repository\org\openjfx\javafx-media\17.0.2\javafx-media-17.0.2-win.jar;C:\Users\Jake Yeo\.m2\repository\org\openjfx\javafx-media\17.0.2\javafx-media-17.0.2.jar;C:\Users\Jake Yeo\.m2\repository\org\openjfx\javafx-swing\17.0.2\javafx-swing-17.0.2-win.jar;C:\Users\Jake Yeo\.m2\repository\org\openjfx\javafx-swing\17.0.2\javafx-swing-17.0.2.jar;C:\Users\Jake Yeo\.m2\repository\org\openjfx\javafx-web\17.0.2\javafx-web-17.0.2-win.jar;C:\Users\Jake Yeo\.m2\repository\org\openjfx\javafx-web\17.0.2\javafx-web-17.0.2.jar --add-modules=javafx.base,javafx.controls,javafx.fxml,javafx.graphics,javafx.media,javafx.swing,javafx.web 
java_command: apprunner.AppRunner
java_class_path (initial): C:\Users\Jake Yeo\OneDrive\Documents\NetBeansProjects\MotisHarmonyMaven\target\classes;C:\Users\Jake Yeo\.m2\repository\com\beust\jcommander\1.81\jcommander-1.81.jar;C:\Users\Jake Yeo\.m2\repository\com\fasterxml\jackson\core\jackson-annotations\2.10.3\jackson-annotations-2.10.3.jar;C:\Users\Jake Yeo\.m2\repository\com\fasterxml\jackson\core\jackson-core\2.10.3\jackson-core-2.10.3.jar;C:\Users\Jake Yeo\.m2\repository\com\fasterxml\jackson\core\jackson-databind\2.10.3\jackson-databind-2.10.3.jar;C:\Users\Jake Yeo\.m2\repository\com\github\docker-java\docker-java\3.2.12\docker-java-3.2.12.jar;C:\Users\Jake Yeo\.m2\repository\com\github\docker-java\docker-java-api\3.2.12\docker-java-api-3.2.12.jar;C:\Users\Jake Yeo\.m2\repository\com\github\docker-java\docker-java-core\3.2.12\docker-java-core-3.2.12.jar;C:\Users\Jake Yeo\.m2\repository\com\github\docker-java\docker-java-transport\3.2.12\docker-java-transport-3.2.12.jar;C:\Users\Jake Yeo\.m2\repository\com\github\docker-java\docker-java-transport-httpclient5\3.2.12\docker-java-transport-httpclient5-3.2.12.jar;C:\Users\Jake Yeo\.m2\repository\com\google\auto\auto-common\1.2\auto-common-1.2.jar;C:\Users\Jake Yeo\.m2\repository\com\google\auto\service\auto-service\1.0.1\auto-service-1.0.1.jar;C:\Users\Jake Yeo\.m2\repository\com\google\auto\service\auto-service-annotations\1.0.1\auto-service-annotations-1.0.1.jar;C:\Users\Jake Yeo\.m2\repository\com\google\code\findbugs\jsr305\3.0.2\jsr305-3.0.2.jar;C:\Users\Jake Yeo\.m2\repository\com\google\code\gson\gson\2.8.8\gson-2.8.8.jar;C:\Users\Jake Yeo\.m2\repository\com\google\errorprone\error_prone_annotations\2.5.1\error_prone_annotations-2.5.1.jar;C:\Users\Jake Yeo\.m2\repository\com\google\guava\failureaccess\1.0.1\failureaccess-1.0.1.jar;C:\Users\Jake Yeo\.m2\repository\com\google\guava\guava\30.1.1-jre\guava-30.1.1-jre.jar;C:\Users\Jake Yeo\.m2\repository\com\google\guava\listenablefuture\9999.0-empty-to-avoid-conflict-with-guava\listenablefutu
Launcher Type: SUN_STANDARD

[Global flags]
     intx CICompilerCount                          = 4                                         {product} {ergonomic}
     uint ConcGCThreads                            = 2                                         {product} {ergonomic}
     uint G1ConcRefinementThreads                  = 8                                         {product} {ergonomic}
   size_t G1HeapRegionSize                         = 1048576                                   {product} {ergonomic}
    uintx GCDrainStackTargetSize                   = 64                                        {product} {ergonomic}
   size_t InitialHeapSize                          = 268435456                                 {product} {ergonomic}
   size_t MarkStackSize                            = 4194304                                   {product} {ergonomic}
   size_t MaxHeapSize                              = 4265607168                                {product} {ergonomic}
   size_t MaxNewSize                               = 2558525440                                {product} {ergonomic}
   size_t MinHeapDeltaBytes                        = 1048576                                   {product} {ergonomic}
    uintx NonNMethodCodeHeapSize                   = 5835340                                {pd product} {ergonomic}
    uintx NonProfiledCodeHeapSize                  = 122911450                              {pd product} {ergonomic}
    uintx ProfiledCodeHeapSize                     = 122911450                              {pd product} {ergonomic}
    uintx ReservedCodeCacheSize                    = 251658240                              {pd product} {ergonomic}
     bool SegmentedCodeCache                       = true                                      {product} {ergonomic}
     bool UseCompressedClassPointers               = true                                 {lp64_product} {ergonomic}
     bool UseCompressedOops                        = true                                 {lp64_product} {ergonomic}
     bool UseG1GC                                  = true                                      {product} {ergonomic}
     bool UseLargePagesIndividualAllocation        = false                                  {pd product} {ergonomic}

Logging:
Log output configuration:
 #0: stdout all=warning uptime,level,tags
 #1: stderr all=off uptime,level,tags

Environment Variables:
JAVA_HOME=C:\Program Files\AdoptOpenJDK\jdk-11.0.4.11-hotspot
PATH=C:\Program Files (x86)\NVIDIA Corporation\PhysX\Common;C:\Program Files\AdoptOpenJDK\jdk-11.0.4.11-hotspot\bin;C:Program FilesJavajdk1.7.0_72bin;C:\Program Files (x86)\Common Files\Oracle\Java\javapath;C:\Program Files (x86)\Intel\iCLS Client\;C:\Program Files\Intel\iCLS Client\;C:\Windows\system32;C:\Windows;C:\Windows\System32\Wbem;C:\Windows\System32\WindowsPowerShell\v1.0\;C:\Program Files\Intel\WiFi\bin\;C:\Program Files\Common Files\Intel\WirelessCommon\;C:\Program Files (x86)\Intel\Intel(R) Management Engine Components\DAL;C:\Program Files\Intel\Intel(R) Management Engine Components\DAL;C:\Program Files (x86)\Intel\Intel(R) Management Engine Components\IPT;C:\Program Files\Intel\Intel(R) Management Engine Components\IPT;C:\WINDOWS\system32;C:\WINDOWS;C:\WINDOWS\System32\Wbem;C:\WINDOWS\System32\WindowsPowerShell\v1.0\;C:\WINDOWS\System32\OpenSSH\;C:\Program Files (x86)\Java\jre1.8.0_211\bin;C:\Program Files\dotnet\;C:\Program Files\Microsoft SQL Server\130\Tools\Binn\;C:\Program Files\Microsoft SQL Server\Client SDK\ODBC\170\Tools\Binn\;C:\Program Files\Git\cmd;C:\Gradle\gradle-7.4.2\bin;C:\Users\Jake Yeo\AppData\Local\Programs\Python\Python38\Scripts\;C:\Users\Jake Yeo\AppData\Local\Programs\Python\Python38\;C:\Users\Jake Yeo\AppData\Local\Microsoft\WindowsApps;C:\Users\Jake Yeo\Dropbox(Old)\My PC (DESKTOP-P6JNU2B)\Desktop\gradle-6.8.3\bin;C:\Users\Jake Yeo\anaconda3;C:\Users\Jake Yeo\anaconda3\Scripts;C:\Users\Jake Yeo\anaconda3\python.exe;
USERNAME=Jake Yeo
OS=Windows_NT
PROCESSOR_IDENTIFIER=Intel64 Family 6 Model 158 Stepping 9, GenuineIntel



---------------  S Y S T E M  ---------------

OS: Windows 10 , 64 bit Build 19041 (10.0.19041.1566)

CPU:total 8 (initial active 8) (4 cores per cpu, 2 threads per core) family 6 model 158 stepping 9, cmov, cx8, fxsr, mmx, sse, sse2, sse3, ssse3, sse4.1, sse4.2, popcnt, avx, avx2, aes, clmul, erms, 3dnowpref, lzcnt, ht, tsc, tscinvbit, bmi1, bmi2, adx, fma

Memory: 4k page, system-wide physical 16268M (8012M free)
TotalPageFile size 23436M (AvailPageFile size 11813M)
current process WorkingSet (physical memory assigned to process): 545M, peak: 573M
current process commit charge ("private bytes"): 684M, peak: 726M

vm_info: OpenJDK 64-Bit Server VM (11.0.4+11) for windows-amd64 JRE (11.0.4+11), built on Jul 18 2019 06:43:34 by "" with MS VC++ 15.8 (VS2017)

END.
