#
# A fatal error has been detected by the Java Runtime Environment:
#
#  EXCEPTION_ACCESS_VIOLATION (0xc0000005) at pc=0x0000025f83240008, pid=9036, tid=9332
#
# JRE version: OpenJDK Runtime Environment (11.0.4+11) (build 11.0.4+11)
# Java VM: OpenJDK 64-Bit Server VM (11.0.4+11, mixed mode, tiered, compressed oops, g1 gc, windows-amd64)
# Problematic frame:
# C  0x0000025f83240008
#
# No core dump will be written. Minidumps are not enabled by default on client versions of Windows
#
# If you would like to submit a bug report, please visit:
#   https://github.com/AdoptOpenJDK/openjdk-build/issues
# The crash happened outside the Java Virtual Machine in native code.
# See problematic frame for where to report the bug.
#

---------------  S U M M A R Y ------------

Command Line: --module-path=C:\Users\Jake Yeo\.m2\repository\org\openjfx\javafx-base\17.0.2\javafx-base-17.0.2-win.jar;C:\Users\Jake Yeo\.m2\repository\org\openjfx\javafx-base\17.0.2\javafx-base-17.0.2.jar;C:\Users\Jake Yeo\.m2\repository\org\openjfx\javafx-controls\17.0.2\javafx-controls-17.0.2-win.jar;C:\Users\Jake Yeo\.m2\repository\org\openjfx\javafx-controls\17.0.2\javafx-controls-17.0.2.jar;C:\Users\Jake Yeo\.m2\repository\org\openjfx\javafx-fxml\17.0.2\javafx-fxml-17.0.2-win.jar;C:\Users\Jake Yeo\.m2\repository\org\openjfx\javafx-fxml\17.0.2\javafx-fxml-17.0.2.jar;C:\Users\Jake Yeo\.m2\repository\org\openjfx\javafx-graphics\17.0.2\javafx-graphics-17.0.2-win.jar;C:\Users\Jake Yeo\.m2\repository\org\openjfx\javafx-graphics\17.0.2\javafx-graphics-17.0.2.jar;C:\Users\Jake Yeo\.m2\repository\org\openjfx\javafx-media\17.0.2\javafx-media-17.0.2-win.jar;C:\Users\Jake Yeo\.m2\repository\org\openjfx\javafx-media\17.0.2\javafx-media-17.0.2.jar;C:\Users\Jake Yeo\.m2\repository\org\openjfx\javafx-swing\17.0.2\javafx-swing-17.0.2-win.jar;C:\Users\Jake Yeo\.m2\repository\org\openjfx\javafx-swing\17.0.2\javafx-swing-17.0.2.jar;C:\Users\Jake Yeo\.m2\repository\org\openjfx\javafx-web\17.0.2\javafx-web-17.0.2-win.jar;C:\Users\Jake Yeo\.m2\repository\org\openjfx\javafx-web\17.0.2\javafx-web-17.0.2.jar --add-modules=javafx.base,javafx.controls,javafx.fxml,javafx.graphics,javafx.media,javafx.swing,javafx.web apprunner.AppRunner

Host: Intel(R) Core(TM) i7-7700HQ CPU @ 2.80GHz, 8 cores, 15G,  Windows 10 , 64 bit Build 19041 (10.0.19041.1566)
Time: Mon Apr 11 19:34:17 2022 Mountain Daylight Time elapsed time: 57 seconds (0d 0h 0m 57s)

---------------  T H R E A D  ---------------

Current thread (0x0000025ff96bf000):  JavaThread "JavaFX Application Thread" [_thread_in_native, id=9332, stack(0x000000a58a200000,0x000000a58a300000)]

Stack: [0x000000a58a200000,0x000000a58a300000],  sp=0x000000a58a2fc288,  free space=1008k
Native frames: (J=compiled Java code, j=interpreted, Vv=VM code, C=native code)
C  0x0000025f83240008

Java frames: (J=compiled Java code, j=interpreted, Vv=VM code)
J 6016  com.sun.media.jfxmediaimpl.platform.gstreamer.GSTMediaPlayer.gstGetPresentationTime(J[D)I javafx.media (0 bytes) @ 0x0000025fe45c061f [0x0000025fe45c05c0+0x000000000000005f]
J 5959 c1 com.sun.media.jfxmediaimpl.platform.gstreamer.GSTMediaPlayer.playerGetPresentationTime()D javafx.media (32 bytes) @ 0x0000025fdd9d1f34 [0x0000025fdd9d1de0+0x0000000000000154]
J 6084 c1 javafx.scene.media.MediaPlayer.getCurrentTime()Ljavafx/util/Duration; javafx.media (158 bytes) @ 0x0000025fdda15b8c [0x0000025fdda13ec0+0x0000000000001ccc]
J 6400 c1 controller.MusicPlayerViewController$9.invalidated(Ljavafx/beans/Observable;)V (69 bytes) @ 0x0000025fddaea604 [0x0000025fddaea520+0x00000000000000e4]
J 5275 c1 com.sun.javafx.binding.ExpressionHelper$SingleInvalidation.fireValueChangedEvent()V javafx.base (33 bytes) @ 0x0000025fdcf1421c [0x0000025fdcf14100+0x000000000000011c]
J 2510 c1 javafx.beans.property.ReadOnlyObjectWrapper.fireValueChangedEvent()V javafx.base (19 bytes) @ 0x0000025fdce1557c [0x0000025fdce15180+0x00000000000003fc]
J 1948 c1 javafx.beans.property.ObjectPropertyBase.set(Ljava/lang/Object;)V javafx.base (76 bytes) @ 0x0000025fdcdefc0c [0x0000025fdcdef3c0+0x000000000000084c]
J 6447 c1 javafx.scene.media.MediaPlayer.updateTime()V javafx.media (68 bytes) @ 0x0000025fddaff364 [0x0000025fddafee60+0x0000000000000504]
J 6383 c1 javafx.scene.media.MediaTimerTask$$Lambda$819.run()V javafx.media (8 bytes) @ 0x0000025fddae280c [0x0000025fddae2660+0x00000000000001ac]
J 4338 c1 com.sun.javafx.application.PlatformImpl$$Lambda$105.run()Ljava/lang/Object; javafx.graphics (8 bytes) @ 0x0000025fdd674024 [0x0000025fdd673ee0+0x0000000000000144]
v  ~StubRoutines::call_stub
J 3456  java.security.AccessController.doPrivileged(Ljava/security/PrivilegedAction;Ljava/security/AccessControlContext;)Ljava/lang/Object; java.base@11.0.4 (0 bytes) @ 0x0000025fe44a8336 [0x0000025fe44a82c0+0x0000000000000076]
J 4335 c1 com.sun.javafx.application.PlatformImpl.lambda$runLater$11(Ljava/lang/Runnable;Ljava/security/AccessControlContext;)V javafx.graphics (41 bytes) @ 0x0000025fdd672b04 [0x0000025fdd672760+0x00000000000003a4]
J 4334 c1 com.sun.javafx.application.PlatformImpl$$Lambda$104.run()V javafx.graphics (12 bytes) @ 0x0000025fdd672344 [0x0000025fdd6722c0+0x0000000000000084]
J 6259 c2 com.sun.glass.ui.InvokeLaterDispatcher$Future.run()V javafx.graphics (91 bytes) @ 0x0000025fe45ebdac [0x0000025fe45ebd60+0x000000000000004c]
v  ~StubRoutines::call_stub
j  com.sun.glass.ui.win.WinApplication._runLoop(Ljava/lang/Runnable;)V+0 javafx.graphics
j  com.sun.glass.ui.win.WinApplication.lambda$runLoop$3(ILjava/lang/Runnable;)V+8 javafx.graphics
j  com.sun.glass.ui.win.WinApplication$$Lambda$93.run()V+12 javafx.graphics
j  java.lang.Thread.run()V+11 java.base@11.0.4
v  ~StubRoutines::call_stub

siginfo: EXCEPTION_ACCESS_VIOLATION (0xc0000005), data execution prevention violation at address 0x0000025f83240008


Register to memory mapping:

RIP=0x0000025f83240008 points into unknown readable memory: 40 cb af 83 5f 02 00 00
RAX=0x0000025f83afcb00 points into unknown readable memory: 90 0d af 83 5f 02 00 00
RBX=0x0000025f83c71060 points into unknown readable memory: f0 a7 18 fa 5f 02 00 00
RCX=0x0000025f83afa3c0 points into unknown readable memory: 00 cb af 83 5f 02 00 00
RDX=0x000000a58a2fc2c8 is pointing into the stack for thread: 0x0000025ff96bf000
RSP=0x000000a58a2fc288 is pointing into the stack for thread: 0x0000025ff96bf000
RBP=0x000000a58a2fc419 is pointing into the stack for thread: 0x0000025ff96bf000
RSI=0x000000000000ac44 is an unknown value
RDI=0x0 is NULL
R8 =0x0000000000000001 is an unknown value
R9 =0x0 is NULL
R10=0x0000000000000001 is an unknown value
R11=0x000000a58a2fc560 is pointing into the stack for thread: 0x0000025ff96bf000
R12=0x0000000000000003 is an unknown value
R13=0x000000006422c400 is an unknown value
R14=0x0 is NULL
R15=0x000000a58a2fc508 is pointing into the stack for thread: 0x0000025ff96bf000


Registers:
RAX=0x0000025f83afcb00, RBX=0x0000025f83c71060, RCX=0x0000025f83afa3c0, RDX=0x000000a58a2fc2c8
RSP=0x000000a58a2fc288, RBP=0x000000a58a2fc419, RSI=0x000000000000ac44, RDI=0x0000000000000000
R8 =0x0000000000000001, R9 =0x0000000000000000, R10=0x0000000000000001, R11=0x000000a58a2fc560
R12=0x0000000000000003, R13=0x000000006422c400, R14=0x0000000000000000, R15=0x000000a58a2fc508
RIP=0x0000025f83240008, EFLAGS=0x0000000000010206

Top of Stack: (sp=0x000000a58a2fc288)
0x000000a58a2fc288:   00007ffc13be8dc6 0000025f83c71060
0x000000a58a2fc298:   000000000000ac44 fffe000000000000
0x000000a58a2fc2a8:   000000000000ac44 0000000000000000
0x000000a58a2fc2b8:   00007ffc13c08ab0 0000025f812d5df0
0x000000a58a2fc2c8:   000000000000ac44 0000000000000000
0x000000a58a2fc2d8:   0000000000000000 0000025f812d5df0
0x000000a58a2fc2e8:   00007ffc13c048c7 0000025f812d5df0
0x000000a58a2fc2f8:   00000000000000da 0000025fcaeee690
0x000000a58a2fc308:   000000a588894000 000000000017562c
0x000000a58a2fc318:   00007ffc13c06a10 0000026000000000
0x000000a58a2fc328:   0000025fd2087d40 0000000000000048
0x000000a58a2fc338:   00007ffc578bb86b 0000025f81b6f120
0x000000a58a2fc348:   00007ffc13c1f3de 0000025f81b6f120
0x000000a58a2fc358:   ffffffffffffffff 0000000000000000
0x000000a58a2fc368:   0000000000000000 0000025f83c71060
0x000000a58a2fc378:   00007ffc13bb9e06 0000000000000098 

Instructions: (pc=0x0000025f83240008)
0x0000025f8323ff08:   00 00 00 00 00 00 00 00 00 00 00 00 00 00 00 00
0x0000025f8323ff18:   00 00 00 00 00 00 00 00 00 00 00 00 00 00 00 00
0x0000025f8323ff28:   00 00 00 00 00 00 00 00 00 00 00 00 00 00 00 00
0x0000025f8323ff38:   00 00 00 00 00 00 00 00 00 00 00 00 00 00 00 00
0x0000025f8323ff48:   00 00 00 00 00 00 00 00 00 00 00 00 00 00 00 00
0x0000025f8323ff58:   00 00 00 00 00 00 00 00 00 00 00 00 00 00 00 00
0x0000025f8323ff68:   00 00 00 00 00 00 00 00 00 00 00 00 00 00 00 00
0x0000025f8323ff78:   00 00 00 00 00 00 00 00 00 00 00 00 00 00 00 00
0x0000025f8323ff88:   00 00 00 00 00 00 00 00 00 00 00 00 00 00 00 00
0x0000025f8323ff98:   00 00 00 00 00 00 00 00 00 00 00 00 00 00 00 00
0x0000025f8323ffa8:   00 00 00 00 00 00 00 00 00 00 00 00 00 00 00 00
0x0000025f8323ffb8:   00 00 00 00 00 00 00 00 00 00 00 00 00 00 00 00
0x0000025f8323ffc8:   00 00 00 00 00 00 00 00 00 00 00 00 00 00 00 00
0x0000025f8323ffd8:   00 00 00 00 00 00 00 00 00 00 00 00 00 00 00 00
0x0000025f8323ffe8:   00 00 00 00 00 00 00 00 b0 e5 8f 8b a5 00 00 00
0x0000025f8323fff8:   00 00 00 00 00 00 00 00 00 00 00 00 00 00 00 00
0x0000025f83240008:   40 cb af 83 5f 02 00 00 40 cb af 83 5f 02 00 00
0x0000025f83240018:   00 00 af 83 5f 02 00 00 40 11 24 83 5f 02 00 00
0x0000025f83240028:   00 20 24 83 5f 02 00 00 00 20 27 83 5f 02 00 00
0x0000025f83240038:   05 00 00 00 01 00 00 00 00 00 00 00 00 00 00 00
0x0000025f83240048:   00 08 00 00 00 00 00 00 02 00 00 00 01 00 00 00
0x0000025f83240058:   00 00 00 00 00 00 00 00 00 00 00 00 00 00 00 00
0x0000025f83240068:   00 00 00 00 00 00 00 00 00 00 00 00 00 00 00 00
0x0000025f83240078:   06 00 00 00 00 00 00 00 00 00 00 00 00 00 00 00
0x0000025f83240088:   00 00 00 00 00 00 00 00 00 00 00 00 00 00 00 00
0x0000025f83240098:   00 00 00 00 00 00 00 00 00 00 00 00 00 00 00 00
0x0000025f832400a8:   06 00 00 00 00 00 00 00 00 00 00 00 00 00 00 00
0x0000025f832400b8:   00 00 00 00 00 00 00 00 00 00 00 00 00 00 00 00
0x0000025f832400c8:   00 00 00 00 00 00 00 00 01 00 00 00 00 00 00 00
0x0000025f832400d8:   06 00 00 00 01 00 00 00 00 00 00 00 00 00 00 00
0x0000025f832400e8:   00 00 00 00 00 00 00 00 00 00 00 00 00 00 00 00
0x0000025f832400f8:   00 00 00 00 00 00 00 00 02 00 00 00 00 00 00 00 


Stack slot to memory mapping:
stack at sp + 0 slots: 0x00007ffc13be8dc6 gstreamer-lite.dll
stack at sp + 1 slots: 0x0000025f83c71060 points into unknown readable memory: f0 a7 18 fa 5f 02 00 00
stack at sp + 2 slots: 0x000000000000ac44 is an unknown value
stack at sp + 3 slots: 0xfffe000000000000 is an unknown value
stack at sp + 4 slots: 0x000000000000ac44 is an unknown value
stack at sp + 5 slots: 0x0 is NULL
stack at sp + 6 slots: 0x00007ffc13c08ab0 gstreamer-lite.dll
stack at sp + 7 slots: 0x0000025f812d5df0 points into unknown readable memory: 60 94 1c 81 5f 02 00 00


---------------  P R O C E S S  ---------------

Threads class SMR info:
_java_thread_list=0x0000025f84420700, length=23, elements={
0x0000025fd4228000, 0x0000025ff7dfe000, 0x0000025ff7e07800, 0x0000025ff86c8000,
0x0000025ff86ca000, 0x0000025ff86cc000, 0x0000025ff86cf800, 0x0000025ff871e000,
0x0000025ff86a0800, 0x0000025ff8d5e000, 0x0000025ff92b3800, 0x0000025ff930f000,
0x0000025ff9618000, 0x0000025ff96bf000, 0x0000025ff97fa800, 0x0000025f810d7800,
0x0000025f812ed000, 0x0000025f812ec000, 0x0000025f812ed800, 0x0000025f812ee800,
0x0000025f82974000, 0x0000025f82978000, 0x0000025f82978800
}

Java Threads: ( => current thread )
  0x0000025fd4228000 JavaThread "main" [_thread_blocked, id=13232, stack(0x000000a588d00000,0x000000a588e00000)]
  0x0000025ff7dfe000 JavaThread "Reference Handler" daemon [_thread_blocked, id=11808, stack(0x000000a589400000,0x000000a589500000)]
  0x0000025ff7e07800 JavaThread "Finalizer" daemon [_thread_blocked, id=10744, stack(0x000000a589500000,0x000000a589600000)]
  0x0000025ff86c8000 JavaThread "Signal Dispatcher" daemon [_thread_blocked, id=880, stack(0x000000a589600000,0x000000a589700000)]
  0x0000025ff86ca000 JavaThread "Attach Listener" daemon [_thread_blocked, id=11272, stack(0x000000a589700000,0x000000a589800000)]
  0x0000025ff86cc000 JavaThread "C2 CompilerThread0" daemon [_thread_blocked, id=3408, stack(0x000000a589800000,0x000000a589900000)]
  0x0000025ff86cf800 JavaThread "C1 CompilerThread0" daemon [_thread_blocked, id=4780, stack(0x000000a589900000,0x000000a589a00000)]
  0x0000025ff871e000 JavaThread "Sweeper thread" daemon [_thread_blocked, id=10812, stack(0x000000a589a00000,0x000000a589b00000)]
  0x0000025ff86a0800 JavaThread "Common-Cleaner" daemon [_thread_blocked, id=9164, stack(0x000000a589b00000,0x000000a589c00000)]
  0x0000025ff8d5e000 JavaThread "Service Thread" daemon [_thread_blocked, id=13516, stack(0x000000a589e00000,0x000000a589f00000)]
  0x0000025ff92b3800 JavaThread "JavaFX-Launcher" [_thread_blocked, id=8456, stack(0x000000a58a000000,0x000000a58a100000)]
  0x0000025ff930f000 JavaThread "QuantumRenderer-0" daemon [_thread_blocked, id=9348, stack(0x000000a589d00000,0x000000a589e00000)]
  0x0000025ff9618000 JavaThread "InvokeLaterDispatcher" daemon [_thread_blocked, id=12688, stack(0x000000a58a100000,0x000000a58a200000)]
=>0x0000025ff96bf000 JavaThread "JavaFX Application Thread" [_thread_in_native, id=9332, stack(0x000000a58a200000,0x000000a58a300000)]
  0x0000025ff97fa800 JavaThread "Thread-3" daemon [_thread_in_native, id=11984, stack(0x000000a58a600000,0x000000a58a700000)]
  0x0000025f810d7800 JavaThread "Prism Font Disposer" daemon [_thread_blocked, id=9852, stack(0x000000a58ac00000,0x000000a58ad00000)]
  0x0000025f812ed000 JavaThread "Disposer" daemon [_thread_blocked, id=8720, stack(0x000000a58b000000,0x000000a58b100000)]
  0x0000025f812ec000 JavaThread "JFXMedia Player EventQueueThread" daemon [_thread_blocked, id=13748, stack(0x000000a58b500000,0x000000a58b600000)]
  0x0000025f812ed800 JavaThread "Media Resource Disposer" daemon [_thread_blocked, id=6112, stack(0x000000a58bf00000,0x000000a58c000000)]
  0x0000025f812ee800 JavaThread "Cleaner-0" daemon [_thread_blocked, id=4356, stack(0x000000a58c700000,0x000000a58c800000)]
  0x0000025f82974000 JavaThread "Timer-0" daemon [_thread_blocked, id=13832, stack(0x000000a58c000000,0x000000a58c100000)]
  0x0000025f82978000 JavaThread "URL-Loader-24" daemon [_thread_blocked, id=4128, stack(0x000000a58c100000,0x000000a58c200000)]
  0x0000025f82978800 JavaThread "Keep-Alive-Timer" daemon [_thread_blocked, id=3788, stack(0x000000a58c200000,0x000000a58c300000)]

Other Threads:
  0x0000025ff7dfb000 VMThread "VM Thread" [stack: 0x000000a589300000,0x000000a589400000] [id=13628]
  0x0000025ff8fee800 WatcherThread [stack: 0x000000a589f00000,0x000000a58a000000] [id=284]
  0x0000025fd4240800 GCTaskThread "GC Thread#0" [stack: 0x000000a588e00000,0x000000a588f00000] [id=10660]
  0x0000025ff97b8800 GCTaskThread "GC Thread#1" [stack: 0x000000a58a700000,0x000000a58a800000] [id=11456]
  0x0000025ff97b9000 GCTaskThread "GC Thread#2" [stack: 0x000000a58a800000,0x000000a58a900000] [id=15076]
  0x0000025ff97ba000 GCTaskThread "GC Thread#3" [stack: 0x000000a58a900000,0x000000a58aa00000] [id=11004]
  0x0000025ff97ba800 GCTaskThread "GC Thread#4" [stack: 0x000000a58aa00000,0x000000a58ab00000] [id=13000]
  0x0000025ff97bc000 GCTaskThread "GC Thread#5" [stack: 0x000000a58ab00000,0x000000a58ac00000] [id=3584]
  0x0000025fd429c800 ConcurrentGCThread "G1 Main Marker" [stack: 0x000000a588f00000,0x000000a589000000] [id=4800]
  0x0000025fd429f000 ConcurrentGCThread "G1 Conc#0" [stack: 0x000000a589000000,0x000000a589100000] [id=10720]
  0x0000025f82d13800 ConcurrentGCThread "G1 Conc#1" [stack: 0x000000a58ae00000,0x000000a58af00000] [id=14136]
  0x0000025ff7ce7800 ConcurrentGCThread "G1 Refine#0" [stack: 0x000000a589100000,0x000000a589200000] [id=9052]
  0x0000025ff7ce8800 ConcurrentGCThread "G1 Young RemSet Sampling" [stack: 0x000000a589200000,0x000000a589300000] [id=6324]

Threads with active compile tasks:

VM state:not at safepoint (normal execution)

VM Mutex/Monitor currently owned by a thread: None

Heap address: 0x0000000701c00000, size: 4068 MB, Compressed Oops mode: Zero based, Oop shift amount: 3
Narrow klass base: 0x0000000800000000, Narrow klass shift: 0
Compressed class space size: 1073741824 Address: 0x0000000800000000

Heap:
 garbage-first heap   total 262144K, used 184737K [0x0000000701c00000, 0x0000000800000000)
  region size 1024K, 153 young (156672K), 12 survivors (12288K)
 Metaspace       used 39731K, capacity 41508K, committed 41600K, reserved 1085440K
  class space    used 4952K, capacity 5722K, committed 5760K, reserved 1048576K
Heap Regions: E=young(eden), S=young(survivor), O=old, HS=humongous(starts), HC=humongous(continues), CS=collection set, F=free, A=archive, TAMS=top-at-mark-start (previous, next)
|   0|0x0000000701c00000, 0x0000000701d00000, 0x0000000701d00000|100%| O|  |TAMS 0x0000000701d00000, 0x0000000701c00000| Untracked 
|   1|0x0000000701d00000, 0x0000000701e00000, 0x0000000701e00000|100%|HS|  |TAMS 0x0000000701e00000, 0x0000000701d00000| Complete 
|   2|0x0000000701e00000, 0x0000000701f00000, 0x0000000701f00000|100%|HC|  |TAMS 0x0000000701f00000, 0x0000000701e00000| Complete 
|   3|0x0000000701f00000, 0x0000000702000000, 0x0000000702000000|100%|HC|  |TAMS 0x0000000702000000, 0x0000000701f00000| Complete 
|   4|0x0000000702000000, 0x0000000702100000, 0x0000000702100000|100%|HS|  |TAMS 0x0000000702100000, 0x0000000702000000| Complete 
|   5|0x0000000702100000, 0x0000000702200000, 0x0000000702200000|100%|HC|  |TAMS 0x0000000702200000, 0x0000000702100000| Complete 
|   6|0x0000000702200000, 0x0000000702300000, 0x0000000702300000|100%|HS|  |TAMS 0x0000000702300000, 0x0000000702200000| Complete 
|   7|0x0000000702300000, 0x0000000702400000, 0x0000000702400000|100%|HC|  |TAMS 0x0000000702400000, 0x0000000702300000| Complete 
|   8|0x0000000702400000, 0x0000000702500000, 0x0000000702500000|100%|HS|  |TAMS 0x0000000702500000, 0x0000000702400000| Complete 
|   9|0x0000000702500000, 0x0000000702600000, 0x0000000702600000|100%|HC|  |TAMS 0x0000000702600000, 0x0000000702500000| Complete 
|  10|0x0000000702600000, 0x0000000702700000, 0x0000000702700000|100%|HC|  |TAMS 0x0000000702700000, 0x0000000702600000| Complete 
|  11|0x0000000702700000, 0x0000000702800000, 0x0000000702800000|100%| O|  |TAMS 0x0000000702800000, 0x0000000702700000| Untracked 
|  12|0x0000000702800000, 0x0000000702900000, 0x0000000702900000|100%| O|  |TAMS 0x0000000702900000, 0x0000000702800000| Untracked 
|  13|0x0000000702900000, 0x0000000702a00000, 0x0000000702a00000|100%|HS|  |TAMS 0x0000000702a00000, 0x0000000702900000| Complete 
|  14|0x0000000702a00000, 0x0000000702b00000, 0x0000000702b00000|100%|HC|  |TAMS 0x0000000702b00000, 0x0000000702a00000| Complete 
|  15|0x0000000702b00000, 0x0000000702c00000, 0x0000000702c00000|100%|HS|  |TAMS 0x0000000702c00000, 0x0000000702b00000| Complete 
|  16|0x0000000702c00000, 0x0000000702d00000, 0x0000000702d00000|100%|HC|  |TAMS 0x0000000702d00000, 0x0000000702c00000| Complete 
|  17|0x0000000702d00000, 0x0000000702e00000, 0x0000000702e00000|100%|HC|  |TAMS 0x0000000702e00000, 0x0000000702d00000| Complete 
|  18|0x0000000702e00000, 0x0000000702f00000, 0x0000000702f00000|100%|HC|  |TAMS 0x0000000702f00000, 0x0000000702e00000| Complete 
|  19|0x0000000702f00000, 0x0000000703000000, 0x0000000703000000|100%|HS|  |TAMS 0x0000000703000000, 0x0000000702f00000| Complete 
|  20|0x0000000703000000, 0x0000000703100000, 0x0000000703100000|100%|HC|  |TAMS 0x0000000703100000, 0x0000000703000000| Complete 
|  21|0x0000000703100000, 0x0000000703200000, 0x0000000703200000|100%|HC|  |TAMS 0x0000000703200000, 0x0000000703100000| Complete 
|  22|0x0000000703200000, 0x0000000703300000, 0x0000000703300000|100%| O|  |TAMS 0x0000000703300000, 0x0000000703200000| Untracked 
|  23|0x0000000703300000, 0x0000000703400000, 0x0000000703400000|100%| O|  |TAMS 0x0000000703400000, 0x0000000703300000| Untracked 
|  24|0x0000000703400000, 0x0000000703500000, 0x0000000703500000|100%| O|  |TAMS 0x0000000703500000, 0x0000000703400000| Untracked 
|  25|0x0000000703500000, 0x0000000703600000, 0x0000000703600000|100%| O|  |TAMS 0x0000000703600000, 0x0000000703500000| Untracked 
|  26|0x0000000703600000, 0x0000000703700000, 0x0000000703700000|100%| O|  |TAMS 0x0000000703700000, 0x0000000703600000| Untracked 
|  27|0x0000000703700000, 0x0000000703800000, 0x0000000703800000|100%| O|  |TAMS 0x0000000703800000, 0x0000000703700000| Untracked 
|  28|0x0000000703800000, 0x000000070386d400, 0x0000000703900000| 42%| O|  |TAMS 0x000000070386d400, 0x0000000703800000| Untracked 
|  29|0x0000000703900000, 0x0000000703900000, 0x0000000703a00000|  0%| F|  |TAMS 0x0000000703900000, 0x0000000703900000| Untracked 
|  30|0x0000000703a00000, 0x0000000703a00000, 0x0000000703b00000|  0%| F|  |TAMS 0x0000000703a00000, 0x0000000703a00000| Untracked 
|  31|0x0000000703b00000, 0x0000000703b00000, 0x0000000703c00000|  0%| F|  |TAMS 0x0000000703b00000, 0x0000000703b00000| Untracked 
|  32|0x0000000703c00000, 0x0000000703c00000, 0x0000000703d00000|  0%| F|  |TAMS 0x0000000703c00000, 0x0000000703c00000| Untracked 
|  33|0x0000000703d00000, 0x0000000703d00000, 0x0000000703e00000|  0%| F|  |TAMS 0x0000000703d00000, 0x0000000703d00000| Untracked 
|  34|0x0000000703e00000, 0x0000000703e00000, 0x0000000703f00000|  0%| F|  |TAMS 0x0000000703e00000, 0x0000000703e00000| Untracked 
|  35|0x0000000703f00000, 0x0000000703f00000, 0x0000000704000000|  0%| F|  |TAMS 0x0000000703f00000, 0x0000000703f00000| Untracked 
|  36|0x0000000704000000, 0x0000000704000000, 0x0000000704100000|  0%| F|  |TAMS 0x0000000704000000, 0x0000000704000000| Untracked 
|  37|0x0000000704100000, 0x0000000704100000, 0x0000000704200000|  0%| F|  |TAMS 0x0000000704100000, 0x0000000704100000| Untracked 
|  38|0x0000000704200000, 0x0000000704200000, 0x0000000704300000|  0%| F|  |TAMS 0x0000000704200000, 0x0000000704200000| Untracked 
|  39|0x0000000704300000, 0x0000000704300000, 0x0000000704400000|  0%| F|  |TAMS 0x0000000704300000, 0x0000000704300000| Untracked 
|  40|0x0000000704400000, 0x0000000704400000, 0x0000000704500000|  0%| F|  |TAMS 0x0000000704400000, 0x0000000704400000| Untracked 
|  41|0x0000000704500000, 0x0000000704500000, 0x0000000704600000|  0%| F|  |TAMS 0x0000000704500000, 0x0000000704500000| Untracked 
|  42|0x0000000704600000, 0x0000000704600000, 0x0000000704700000|  0%| F|  |TAMS 0x0000000704600000, 0x0000000704600000| Untracked 
|  43|0x0000000704700000, 0x0000000704700000, 0x0000000704800000|  0%| F|  |TAMS 0x0000000704700000, 0x0000000704700000| Untracked 
|  44|0x0000000704800000, 0x0000000704800000, 0x0000000704900000|  0%| F|  |TAMS 0x0000000704800000, 0x0000000704800000| Untracked 
|  45|0x0000000704900000, 0x0000000704900000, 0x0000000704a00000|  0%| F|  |TAMS 0x0000000704900000, 0x0000000704900000| Untracked 
|  46|0x0000000704a00000, 0x0000000704a00000, 0x0000000704b00000|  0%| F|  |TAMS 0x0000000704a00000, 0x0000000704a00000| Untracked 
|  47|0x0000000704b00000, 0x0000000704b00000, 0x0000000704c00000|  0%| F|  |TAMS 0x0000000704b00000, 0x0000000704b00000| Untracked 
|  48|0x0000000704c00000, 0x0000000704c00000, 0x0000000704d00000|  0%| F|  |TAMS 0x0000000704c00000, 0x0000000704c00000| Untracked 
|  49|0x0000000704d00000, 0x0000000704d00000, 0x0000000704e00000|  0%| F|  |TAMS 0x0000000704d00000, 0x0000000704d00000| Untracked 
|  50|0x0000000704e00000, 0x0000000704e00000, 0x0000000704f00000|  0%| F|  |TAMS 0x0000000704e00000, 0x0000000704e00000| Untracked 
|  51|0x0000000704f00000, 0x0000000704f00000, 0x0000000705000000|  0%| F|  |TAMS 0x0000000704f00000, 0x0000000704f00000| Untracked 
|  52|0x0000000705000000, 0x0000000705000000, 0x0000000705100000|  0%| F|  |TAMS 0x0000000705000000, 0x0000000705000000| Untracked 
|  53|0x0000000705100000, 0x0000000705100000, 0x0000000705200000|  0%| F|  |TAMS 0x0000000705100000, 0x0000000705100000| Untracked 
|  54|0x0000000705200000, 0x0000000705200000, 0x0000000705300000|  0%| F|  |TAMS 0x0000000705200000, 0x0000000705200000| Untracked 
|  55|0x0000000705300000, 0x0000000705300000, 0x0000000705400000|  0%| F|  |TAMS 0x0000000705300000, 0x0000000705300000| Untracked 
|  56|0x0000000705400000, 0x0000000705400000, 0x0000000705500000|  0%| F|  |TAMS 0x0000000705400000, 0x0000000705400000| Untracked 
|  57|0x0000000705500000, 0x0000000705500000, 0x0000000705600000|  0%| F|  |TAMS 0x0000000705500000, 0x0000000705500000| Untracked 
|  58|0x0000000705600000, 0x0000000705600000, 0x0000000705700000|  0%| F|  |TAMS 0x0000000705600000, 0x0000000705600000| Untracked 
|  59|0x0000000705700000, 0x0000000705700000, 0x0000000705800000|  0%| F|  |TAMS 0x0000000705700000, 0x0000000705700000| Untracked 
|  60|0x0000000705800000, 0x0000000705800000, 0x0000000705900000|  0%| F|  |TAMS 0x0000000705800000, 0x0000000705800000| Untracked 
|  61|0x0000000705900000, 0x0000000705900000, 0x0000000705a00000|  0%| F|  |TAMS 0x0000000705900000, 0x0000000705900000| Untracked 
|  62|0x0000000705a00000, 0x0000000705a00000, 0x0000000705b00000|  0%| F|  |TAMS 0x0000000705a00000, 0x0000000705a00000| Untracked 
|  63|0x0000000705b00000, 0x0000000705b00000, 0x0000000705c00000|  0%| F|  |TAMS 0x0000000705b00000, 0x0000000705b00000| Untracked 
|  64|0x0000000705c00000, 0x0000000705c00000, 0x0000000705d00000|  0%| F|  |TAMS 0x0000000705c00000, 0x0000000705c00000| Untracked 
|  65|0x0000000705d00000, 0x0000000705d00000, 0x0000000705e00000|  0%| F|  |TAMS 0x0000000705d00000, 0x0000000705d00000| Untracked 
|  66|0x0000000705e00000, 0x0000000705e00000, 0x0000000705f00000|  0%| F|  |TAMS 0x0000000705e00000, 0x0000000705e00000| Untracked 
|  67|0x0000000705f00000, 0x0000000705f00000, 0x0000000706000000|  0%| F|  |TAMS 0x0000000705f00000, 0x0000000705f00000| Untracked 
|  68|0x0000000706000000, 0x0000000706000000, 0x0000000706100000|  0%| F|  |TAMS 0x0000000706000000, 0x0000000706000000| Untracked 
|  69|0x0000000706100000, 0x0000000706100000, 0x0000000706200000|  0%| F|  |TAMS 0x0000000706100000, 0x0000000706100000| Untracked 
|  70|0x0000000706200000, 0x0000000706200000, 0x0000000706300000|  0%| F|  |TAMS 0x0000000706200000, 0x0000000706200000| Untracked 
|  71|0x0000000706300000, 0x0000000706300000, 0x0000000706400000|  0%| F|  |TAMS 0x0000000706300000, 0x0000000706300000| Untracked 
|  72|0x0000000706400000, 0x0000000706400000, 0x0000000706500000|  0%| F|  |TAMS 0x0000000706400000, 0x0000000706400000| Untracked 
|  73|0x0000000706500000, 0x0000000706500000, 0x0000000706600000|  0%| F|  |TAMS 0x0000000706500000, 0x0000000706500000| Untracked 
|  74|0x0000000706600000, 0x0000000706600000, 0x0000000706700000|  0%| F|  |TAMS 0x0000000706600000, 0x0000000706600000| Untracked 
|  75|0x0000000706700000, 0x0000000706700000, 0x0000000706800000|  0%| F|  |TAMS 0x0000000706700000, 0x0000000706700000| Untracked 
|  76|0x0000000706800000, 0x0000000706800000, 0x0000000706900000|  0%| F|  |TAMS 0x0000000706800000, 0x0000000706800000| Untracked 
|  77|0x0000000706900000, 0x0000000706900000, 0x0000000706a00000|  0%| F|  |TAMS 0x0000000706900000, 0x0000000706900000| Untracked 
|  78|0x0000000706a00000, 0x0000000706a00000, 0x0000000706b00000|  0%| F|  |TAMS 0x0000000706a00000, 0x0000000706a00000| Untracked 
|  79|0x0000000706b00000, 0x0000000706b00000, 0x0000000706c00000|  0%| F|  |TAMS 0x0000000706b00000, 0x0000000706b00000| Untracked 
|  80|0x0000000706c00000, 0x0000000706c00000, 0x0000000706d00000|  0%| F|  |TAMS 0x0000000706c00000, 0x0000000706c00000| Untracked 
|  81|0x0000000706d00000, 0x0000000706d00000, 0x0000000706e00000|  0%| F|  |TAMS 0x0000000706d00000, 0x0000000706d00000| Untracked 
|  82|0x0000000706e00000, 0x0000000706e00000, 0x0000000706f00000|  0%| F|  |TAMS 0x0000000706e00000, 0x0000000706e00000| Untracked 
|  83|0x0000000706f00000, 0x0000000706f00000, 0x0000000707000000|  0%| F|  |TAMS 0x0000000706f00000, 0x0000000706f00000| Untracked 
|  84|0x0000000707000000, 0x0000000707000000, 0x0000000707100000|  0%| F|  |TAMS 0x0000000707000000, 0x0000000707000000| Untracked 
|  85|0x0000000707100000, 0x0000000707100000, 0x0000000707200000|  0%| F|  |TAMS 0x0000000707100000, 0x0000000707100000| Untracked 
|  86|0x0000000707200000, 0x0000000707200000, 0x0000000707300000|  0%| F|  |TAMS 0x0000000707200000, 0x0000000707200000| Untracked 
|  87|0x0000000707300000, 0x0000000707300000, 0x0000000707400000|  0%| F|  |TAMS 0x0000000707300000, 0x0000000707300000| Untracked 
|  88|0x0000000707400000, 0x0000000707400000, 0x0000000707500000|  0%| F|  |TAMS 0x0000000707400000, 0x0000000707400000| Untracked 
|  89|0x0000000707500000, 0x0000000707500000, 0x0000000707600000|  0%| F|  |TAMS 0x0000000707500000, 0x0000000707500000| Untracked 
|  90|0x0000000707600000, 0x0000000707600000, 0x0000000707700000|  0%| F|  |TAMS 0x0000000707600000, 0x0000000707600000| Untracked 
|  91|0x0000000707700000, 0x00000007077fb220, 0x0000000707800000| 98%| S|CS|TAMS 0x0000000707700000, 0x0000000707700000| Complete 
|  92|0x0000000707800000, 0x0000000707900000, 0x0000000707900000|100%| S|CS|TAMS 0x0000000707800000, 0x0000000707800000| Complete 
|  93|0x0000000707900000, 0x0000000707a00000, 0x0000000707a00000|100%| S|CS|TAMS 0x0000000707900000, 0x0000000707900000| Complete 
|  94|0x0000000707a00000, 0x0000000707b00000, 0x0000000707b00000|100%| S|CS|TAMS 0x0000000707a00000, 0x0000000707a00000| Complete 
|  95|0x0000000707b00000, 0x0000000707c00000, 0x0000000707c00000|100%| S|CS|TAMS 0x0000000707b00000, 0x0000000707b00000| Complete 
|  96|0x0000000707c00000, 0x0000000707d00000, 0x0000000707d00000|100%| S|CS|TAMS 0x0000000707c00000, 0x0000000707c00000| Complete 
|  97|0x0000000707d00000, 0x0000000707e00000, 0x0000000707e00000|100%| S|CS|TAMS 0x0000000707d00000, 0x0000000707d00000| Complete 
|  98|0x0000000707e00000, 0x0000000707f00000, 0x0000000707f00000|100%| S|CS|TAMS 0x0000000707e00000, 0x0000000707e00000| Complete 
|  99|0x0000000707f00000, 0x0000000708000000, 0x0000000708000000|100%| S|CS|TAMS 0x0000000707f00000, 0x0000000707f00000| Complete 
| 100|0x0000000708000000, 0x0000000708100000, 0x0000000708100000|100%| S|CS|TAMS 0x0000000708000000, 0x0000000708000000| Complete 
| 101|0x0000000708100000, 0x0000000708200000, 0x0000000708200000|100%| S|CS|TAMS 0x0000000708100000, 0x0000000708100000| Complete 
| 102|0x0000000708200000, 0x0000000708300000, 0x0000000708300000|100%| S|CS|TAMS 0x0000000708200000, 0x0000000708200000| Complete 
| 103|0x0000000708300000, 0x0000000708300000, 0x0000000708400000|  0%| F|  |TAMS 0x0000000708300000, 0x0000000708300000| Untracked 
| 104|0x0000000708400000, 0x0000000708400000, 0x0000000708500000|  0%| F|  |TAMS 0x0000000708400000, 0x0000000708400000| Untracked 
| 105|0x0000000708500000, 0x0000000708500000, 0x0000000708600000|  0%| F|  |TAMS 0x0000000708500000, 0x0000000708500000| Untracked 
| 106|0x0000000708600000, 0x0000000708600000, 0x0000000708700000|  0%| F|  |TAMS 0x0000000708600000, 0x0000000708600000| Untracked 
| 107|0x0000000708700000, 0x0000000708700000, 0x0000000708800000|  0%| F|  |TAMS 0x0000000708700000, 0x0000000708700000| Untracked 
| 108|0x0000000708800000, 0x0000000708800000, 0x0000000708900000|  0%| F|  |TAMS 0x0000000708800000, 0x0000000708800000| Untracked 
| 109|0x0000000708900000, 0x0000000708900000, 0x0000000708a00000|  0%| F|  |TAMS 0x0000000708900000, 0x0000000708900000| Untracked 
| 110|0x0000000708a00000, 0x0000000708a00000, 0x0000000708b00000|  0%| F|  |TAMS 0x0000000708a00000, 0x0000000708a00000| Untracked 
| 111|0x0000000708b00000, 0x0000000708b00000, 0x0000000708c00000|  0%| F|  |TAMS 0x0000000708b00000, 0x0000000708b00000| Untracked 
| 112|0x0000000708c00000, 0x0000000708c00000, 0x0000000708d00000|  0%| F|  |TAMS 0x0000000708c00000, 0x0000000708c00000| Untracked 
| 113|0x0000000708d00000, 0x0000000708d00000, 0x0000000708e00000|  0%| F|  |TAMS 0x0000000708d00000, 0x0000000708d00000| Untracked 
| 114|0x0000000708e00000, 0x0000000708e00000, 0x0000000708f00000|  0%| F|  |TAMS 0x0000000708e00000, 0x0000000708e00000| Untracked 
| 115|0x0000000708f00000, 0x0000000708f80800, 0x0000000709000000| 50%| E|  |TAMS 0x0000000708f00000, 0x0000000708f00000| Complete 
| 116|0x0000000709000000, 0x0000000709100000, 0x0000000709100000|100%| E|CS|TAMS 0x0000000709000000, 0x0000000709000000| Complete 
| 117|0x0000000709100000, 0x0000000709200000, 0x0000000709200000|100%| E|CS|TAMS 0x0000000709100000, 0x0000000709100000| Complete 
| 118|0x0000000709200000, 0x0000000709300000, 0x0000000709300000|100%| E|CS|TAMS 0x0000000709200000, 0x0000000709200000| Complete 
| 119|0x0000000709300000, 0x0000000709400000, 0x0000000709400000|100%| E|CS|TAMS 0x0000000709300000, 0x0000000709300000| Complete 
| 120|0x0000000709400000, 0x0000000709500000, 0x0000000709500000|100%| E|CS|TAMS 0x0000000709400000, 0x0000000709400000| Complete 
| 121|0x0000000709500000, 0x0000000709600000, 0x0000000709600000|100%| E|CS|TAMS 0x0000000709500000, 0x0000000709500000| Complete 
| 122|0x0000000709600000, 0x0000000709700000, 0x0000000709700000|100%| E|CS|TAMS 0x0000000709600000, 0x0000000709600000| Complete 
| 123|0x0000000709700000, 0x0000000709800000, 0x0000000709800000|100%| E|CS|TAMS 0x0000000709700000, 0x0000000709700000| Complete 
| 124|0x0000000709800000, 0x0000000709900000, 0x0000000709900000|100%| E|CS|TAMS 0x0000000709800000, 0x0000000709800000| Complete 
| 125|0x0000000709900000, 0x0000000709a00000, 0x0000000709a00000|100%| E|CS|TAMS 0x0000000709900000, 0x0000000709900000| Complete 
| 126|0x0000000709a00000, 0x0000000709b00000, 0x0000000709b00000|100%| E|CS|TAMS 0x0000000709a00000, 0x0000000709a00000| Complete 
| 127|0x0000000709b00000, 0x0000000709c00000, 0x0000000709c00000|100%| E|CS|TAMS 0x0000000709b00000, 0x0000000709b00000| Complete 
| 128|0x0000000709c00000, 0x0000000709d00000, 0x0000000709d00000|100%| E|CS|TAMS 0x0000000709c00000, 0x0000000709c00000| Complete 
| 129|0x0000000709d00000, 0x0000000709e00000, 0x0000000709e00000|100%| E|CS|TAMS 0x0000000709d00000, 0x0000000709d00000| Complete 
| 130|0x0000000709e00000, 0x0000000709f00000, 0x0000000709f00000|100%| E|CS|TAMS 0x0000000709e00000, 0x0000000709e00000| Complete 
| 131|0x0000000709f00000, 0x000000070a000000, 0x000000070a000000|100%| E|CS|TAMS 0x0000000709f00000, 0x0000000709f00000| Complete 
| 132|0x000000070a000000, 0x000000070a100000, 0x000000070a100000|100%| E|CS|TAMS 0x000000070a000000, 0x000000070a000000| Complete 
| 133|0x000000070a100000, 0x000000070a200000, 0x000000070a200000|100%| E|CS|TAMS 0x000000070a100000, 0x000000070a100000| Complete 
| 134|0x000000070a200000, 0x000000070a300000, 0x000000070a300000|100%| E|CS|TAMS 0x000000070a200000, 0x000000070a200000| Complete 
| 135|0x000000070a300000, 0x000000070a400000, 0x000000070a400000|100%| E|CS|TAMS 0x000000070a300000, 0x000000070a300000| Complete 
| 136|0x000000070a400000, 0x000000070a500000, 0x000000070a500000|100%| E|CS|TAMS 0x000000070a400000, 0x000000070a400000| Complete 
| 137|0x000000070a500000, 0x000000070a600000, 0x000000070a600000|100%| E|CS|TAMS 0x000000070a500000, 0x000000070a500000| Complete 
| 138|0x000000070a600000, 0x000000070a700000, 0x000000070a700000|100%| E|CS|TAMS 0x000000070a600000, 0x000000070a600000| Complete 
| 139|0x000000070a700000, 0x000000070a800000, 0x000000070a800000|100%| E|CS|TAMS 0x000000070a700000, 0x000000070a700000| Complete 
| 140|0x000000070a800000, 0x000000070a900000, 0x000000070a900000|100%| E|CS|TAMS 0x000000070a800000, 0x000000070a800000| Complete 
| 141|0x000000070a900000, 0x000000070aa00000, 0x000000070aa00000|100%| E|CS|TAMS 0x000000070a900000, 0x000000070a900000| Complete 
| 142|0x000000070aa00000, 0x000000070ab00000, 0x000000070ab00000|100%| E|CS|TAMS 0x000000070aa00000, 0x000000070aa00000| Complete 
| 143|0x000000070ab00000, 0x000000070ac00000, 0x000000070ac00000|100%| E|CS|TAMS 0x000000070ab00000, 0x000000070ab00000| Complete 
| 144|0x000000070ac00000, 0x000000070ad00000, 0x000000070ad00000|100%| E|CS|TAMS 0x000000070ac00000, 0x000000070ac00000| Complete 
| 145|0x000000070ad00000, 0x000000070ae00000, 0x000000070ae00000|100%| E|CS|TAMS 0x000000070ad00000, 0x000000070ad00000| Complete 
| 146|0x000000070ae00000, 0x000000070af00000, 0x000000070af00000|100%| E|CS|TAMS 0x000000070ae00000, 0x000000070ae00000| Complete 
| 147|0x000000070af00000, 0x000000070b000000, 0x000000070b000000|100%| E|CS|TAMS 0x000000070af00000, 0x000000070af00000| Complete 
| 148|0x000000070b000000, 0x000000070b100000, 0x000000070b100000|100%| E|CS|TAMS 0x000000070b000000, 0x000000070b000000| Complete 
| 149|0x000000070b100000, 0x000000070b200000, 0x000000070b200000|100%| E|CS|TAMS 0x000000070b100000, 0x000000070b100000| Complete 
| 150|0x000000070b200000, 0x000000070b300000, 0x000000070b300000|100%| E|CS|TAMS 0x000000070b200000, 0x000000070b200000| Complete 
| 151|0x000000070b300000, 0x000000070b400000, 0x000000070b400000|100%| E|CS|TAMS 0x000000070b300000, 0x000000070b300000| Complete 
| 152|0x000000070b400000, 0x000000070b500000, 0x000000070b500000|100%| E|CS|TAMS 0x000000070b400000, 0x000000070b400000| Complete 
| 153|0x000000070b500000, 0x000000070b600000, 0x000000070b600000|100%| E|CS|TAMS 0x000000070b500000, 0x000000070b500000| Complete 
| 154|0x000000070b600000, 0x000000070b700000, 0x000000070b700000|100%| E|CS|TAMS 0x000000070b600000, 0x000000070b600000| Complete 
| 155|0x000000070b700000, 0x000000070b800000, 0x000000070b800000|100%| E|CS|TAMS 0x000000070b700000, 0x000000070b700000| Complete 
| 156|0x000000070b800000, 0x000000070b900000, 0x000000070b900000|100%| E|CS|TAMS 0x000000070b800000, 0x000000070b800000| Complete 
| 157|0x000000070b900000, 0x000000070ba00000, 0x000000070ba00000|100%| E|CS|TAMS 0x000000070b900000, 0x000000070b900000| Complete 
| 158|0x000000070ba00000, 0x000000070bb00000, 0x000000070bb00000|100%| E|CS|TAMS 0x000000070ba00000, 0x000000070ba00000| Complete 
| 159|0x000000070bb00000, 0x000000070bc00000, 0x000000070bc00000|100%| E|CS|TAMS 0x000000070bb00000, 0x000000070bb00000| Complete 
| 160|0x000000070bc00000, 0x000000070bd00000, 0x000000070bd00000|100%| E|CS|TAMS 0x000000070bc00000, 0x000000070bc00000| Complete 
| 161|0x000000070bd00000, 0x000000070be00000, 0x000000070be00000|100%| E|CS|TAMS 0x000000070bd00000, 0x000000070bd00000| Complete 
| 162|0x000000070be00000, 0x000000070bf00000, 0x000000070bf00000|100%| E|CS|TAMS 0x000000070be00000, 0x000000070be00000| Complete 
| 163|0x000000070bf00000, 0x000000070c000000, 0x000000070c000000|100%| E|CS|TAMS 0x000000070bf00000, 0x000000070bf00000| Complete 
| 164|0x000000070c000000, 0x000000070c100000, 0x000000070c100000|100%| E|CS|TAMS 0x000000070c000000, 0x000000070c000000| Complete 
| 165|0x000000070c100000, 0x000000070c200000, 0x000000070c200000|100%| E|CS|TAMS 0x000000070c100000, 0x000000070c100000| Complete 
| 166|0x000000070c200000, 0x000000070c300000, 0x000000070c300000|100%| E|CS|TAMS 0x000000070c200000, 0x000000070c200000| Complete 
| 167|0x000000070c300000, 0x000000070c400000, 0x000000070c400000|100%| E|CS|TAMS 0x000000070c300000, 0x000000070c300000| Complete 
| 168|0x000000070c400000, 0x000000070c500000, 0x000000070c500000|100%| E|CS|TAMS 0x000000070c400000, 0x000000070c400000| Complete 
| 169|0x000000070c500000, 0x000000070c600000, 0x000000070c600000|100%| E|CS|TAMS 0x000000070c500000, 0x000000070c500000| Complete 
| 170|0x000000070c600000, 0x000000070c700000, 0x000000070c700000|100%| E|CS|TAMS 0x000000070c600000, 0x000000070c600000| Complete 
| 171|0x000000070c700000, 0x000000070c800000, 0x000000070c800000|100%| E|CS|TAMS 0x000000070c700000, 0x000000070c700000| Complete 
| 172|0x000000070c800000, 0x000000070c900000, 0x000000070c900000|100%| E|CS|TAMS 0x000000070c800000, 0x000000070c800000| Complete 
| 173|0x000000070c900000, 0x000000070ca00000, 0x000000070ca00000|100%| E|CS|TAMS 0x000000070c900000, 0x000000070c900000| Complete 
| 174|0x000000070ca00000, 0x000000070cb00000, 0x000000070cb00000|100%| E|CS|TAMS 0x000000070ca00000, 0x000000070ca00000| Complete 
| 175|0x000000070cb00000, 0x000000070cc00000, 0x000000070cc00000|100%| E|CS|TAMS 0x000000070cb00000, 0x000000070cb00000| Complete 
| 176|0x000000070cc00000, 0x000000070cd00000, 0x000000070cd00000|100%| E|CS|TAMS 0x000000070cc00000, 0x000000070cc00000| Complete 
| 177|0x000000070cd00000, 0x000000070ce00000, 0x000000070ce00000|100%| E|CS|TAMS 0x000000070cd00000, 0x000000070cd00000| Complete 
| 178|0x000000070ce00000, 0x000000070cf00000, 0x000000070cf00000|100%| E|CS|TAMS 0x000000070ce00000, 0x000000070ce00000| Complete 
| 179|0x000000070cf00000, 0x000000070d000000, 0x000000070d000000|100%| E|CS|TAMS 0x000000070cf00000, 0x000000070cf00000| Complete 
| 180|0x000000070d000000, 0x000000070d100000, 0x000000070d100000|100%| E|CS|TAMS 0x000000070d000000, 0x000000070d000000| Complete 
| 181|0x000000070d100000, 0x000000070d200000, 0x000000070d200000|100%| E|CS|TAMS 0x000000070d100000, 0x000000070d100000| Complete 
| 182|0x000000070d200000, 0x000000070d300000, 0x000000070d300000|100%| E|CS|TAMS 0x000000070d200000, 0x000000070d200000| Complete 
| 183|0x000000070d300000, 0x000000070d400000, 0x000000070d400000|100%| E|CS|TAMS 0x000000070d300000, 0x000000070d300000| Complete 
| 184|0x000000070d400000, 0x000000070d500000, 0x000000070d500000|100%| E|CS|TAMS 0x000000070d400000, 0x000000070d400000| Complete 
| 185|0x000000070d500000, 0x000000070d600000, 0x000000070d600000|100%| E|CS|TAMS 0x000000070d500000, 0x000000070d500000| Complete 
| 186|0x000000070d600000, 0x000000070d700000, 0x000000070d700000|100%| E|CS|TAMS 0x000000070d600000, 0x000000070d600000| Complete 
| 187|0x000000070d700000, 0x000000070d800000, 0x000000070d800000|100%| E|CS|TAMS 0x000000070d700000, 0x000000070d700000| Complete 
| 188|0x000000070d800000, 0x000000070d900000, 0x000000070d900000|100%| E|CS|TAMS 0x000000070d800000, 0x000000070d800000| Complete 
| 189|0x000000070d900000, 0x000000070da00000, 0x000000070da00000|100%| E|CS|TAMS 0x000000070d900000, 0x000000070d900000| Complete 
| 190|0x000000070da00000, 0x000000070db00000, 0x000000070db00000|100%| E|CS|TAMS 0x000000070da00000, 0x000000070da00000| Complete 
| 191|0x000000070db00000, 0x000000070dc00000, 0x000000070dc00000|100%| E|CS|TAMS 0x000000070db00000, 0x000000070db00000| Complete 
| 192|0x000000070dc00000, 0x000000070dd00000, 0x000000070dd00000|100%| E|CS|TAMS 0x000000070dc00000, 0x000000070dc00000| Complete 
| 193|0x000000070dd00000, 0x000000070de00000, 0x000000070de00000|100%| E|CS|TAMS 0x000000070dd00000, 0x000000070dd00000| Complete 
| 194|0x000000070de00000, 0x000000070df00000, 0x000000070df00000|100%| E|CS|TAMS 0x000000070de00000, 0x000000070de00000| Complete 
| 195|0x000000070df00000, 0x000000070e000000, 0x000000070e000000|100%| E|CS|TAMS 0x000000070df00000, 0x000000070df00000| Complete 
| 196|0x000000070e000000, 0x000000070e100000, 0x000000070e100000|100%| E|CS|TAMS 0x000000070e000000, 0x000000070e000000| Complete 
| 197|0x000000070e100000, 0x000000070e200000, 0x000000070e200000|100%| E|CS|TAMS 0x000000070e100000, 0x000000070e100000| Complete 
| 198|0x000000070e200000, 0x000000070e300000, 0x000000070e300000|100%| E|CS|TAMS 0x000000070e200000, 0x000000070e200000| Complete 
| 199|0x000000070e300000, 0x000000070e400000, 0x000000070e400000|100%| E|CS|TAMS 0x000000070e300000, 0x000000070e300000| Complete 
| 200|0x000000070e400000, 0x000000070e500000, 0x000000070e500000|100%| E|CS|TAMS 0x000000070e400000, 0x000000070e400000| Complete 
| 201|0x000000070e500000, 0x000000070e600000, 0x000000070e600000|100%| E|CS|TAMS 0x000000070e500000, 0x000000070e500000| Complete 
| 202|0x000000070e600000, 0x000000070e700000, 0x000000070e700000|100%| E|CS|TAMS 0x000000070e600000, 0x000000070e600000| Complete 
| 203|0x000000070e700000, 0x000000070e800000, 0x000000070e800000|100%| E|CS|TAMS 0x000000070e700000, 0x000000070e700000| Complete 
| 204|0x000000070e800000, 0x000000070e900000, 0x000000070e900000|100%| E|CS|TAMS 0x000000070e800000, 0x000000070e800000| Complete 
| 205|0x000000070e900000, 0x000000070ea00000, 0x000000070ea00000|100%| E|CS|TAMS 0x000000070e900000, 0x000000070e900000| Complete 
| 206|0x000000070ea00000, 0x000000070eb00000, 0x000000070eb00000|100%| E|CS|TAMS 0x000000070ea00000, 0x000000070ea00000| Complete 
| 207|0x000000070eb00000, 0x000000070ec00000, 0x000000070ec00000|100%| E|CS|TAMS 0x000000070eb00000, 0x000000070eb00000| Complete 
| 208|0x000000070ec00000, 0x000000070ed00000, 0x000000070ed00000|100%| E|CS|TAMS 0x000000070ec00000, 0x000000070ec00000| Complete 
| 209|0x000000070ed00000, 0x000000070ee00000, 0x000000070ee00000|100%| E|CS|TAMS 0x000000070ed00000, 0x000000070ed00000| Complete 
| 210|0x000000070ee00000, 0x000000070ef00000, 0x000000070ef00000|100%| E|CS|TAMS 0x000000070ee00000, 0x000000070ee00000| Complete 
| 211|0x000000070ef00000, 0x000000070f000000, 0x000000070f000000|100%| E|CS|TAMS 0x000000070ef00000, 0x000000070ef00000| Complete 
| 212|0x000000070f000000, 0x000000070f100000, 0x000000070f100000|100%| E|CS|TAMS 0x000000070f000000, 0x000000070f000000| Complete 
| 213|0x000000070f100000, 0x000000070f200000, 0x000000070f200000|100%| E|CS|TAMS 0x000000070f100000, 0x000000070f100000| Complete 
| 214|0x000000070f200000, 0x000000070f300000, 0x000000070f300000|100%| E|CS|TAMS 0x000000070f200000, 0x000000070f200000| Complete 
| 215|0x000000070f300000, 0x000000070f400000, 0x000000070f400000|100%| E|CS|TAMS 0x000000070f300000, 0x000000070f300000| Complete 
| 216|0x000000070f400000, 0x000000070f500000, 0x000000070f500000|100%| E|CS|TAMS 0x000000070f400000, 0x000000070f400000| Complete 
| 217|0x000000070f500000, 0x000000070f600000, 0x000000070f600000|100%| E|CS|TAMS 0x000000070f500000, 0x000000070f500000| Complete 
| 218|0x000000070f600000, 0x000000070f700000, 0x000000070f700000|100%| E|CS|TAMS 0x000000070f600000, 0x000000070f600000| Complete 
| 219|0x000000070f700000, 0x000000070f800000, 0x000000070f800000|100%| E|CS|TAMS 0x000000070f700000, 0x000000070f700000| Complete 
| 220|0x000000070f800000, 0x000000070f900000, 0x000000070f900000|100%| E|CS|TAMS 0x000000070f800000, 0x000000070f800000| Complete 
| 221|0x000000070f900000, 0x000000070fa00000, 0x000000070fa00000|100%| E|CS|TAMS 0x000000070f900000, 0x000000070f900000| Complete 
| 222|0x000000070fa00000, 0x000000070fb00000, 0x000000070fb00000|100%| E|CS|TAMS 0x000000070fa00000, 0x000000070fa00000| Complete 
| 223|0x000000070fb00000, 0x000000070fc00000, 0x000000070fc00000|100%| E|CS|TAMS 0x000000070fb00000, 0x000000070fb00000| Complete 
| 224|0x000000070fc00000, 0x000000070fd00000, 0x000000070fd00000|100%| E|CS|TAMS 0x000000070fc00000, 0x000000070fc00000| Complete 
| 225|0x000000070fd00000, 0x000000070fe00000, 0x000000070fe00000|100%| E|CS|TAMS 0x000000070fd00000, 0x000000070fd00000| Complete 
| 226|0x000000070fe00000, 0x000000070ff00000, 0x000000070ff00000|100%| E|CS|TAMS 0x000000070fe00000, 0x000000070fe00000| Complete 
| 227|0x000000070ff00000, 0x0000000710000000, 0x0000000710000000|100%| E|CS|TAMS 0x000000070ff00000, 0x000000070ff00000| Complete 
| 228|0x0000000710000000, 0x0000000710100000, 0x0000000710100000|100%| E|CS|TAMS 0x0000000710000000, 0x0000000710000000| Complete 
| 229|0x0000000710100000, 0x0000000710200000, 0x0000000710200000|100%| E|CS|TAMS 0x0000000710100000, 0x0000000710100000| Complete 
| 230|0x0000000710200000, 0x0000000710300000, 0x0000000710300000|100%| E|CS|TAMS 0x0000000710200000, 0x0000000710200000| Complete 
| 231|0x0000000710300000, 0x0000000710400000, 0x0000000710400000|100%| E|CS|TAMS 0x0000000710300000, 0x0000000710300000| Complete 
| 232|0x0000000710400000, 0x0000000710500000, 0x0000000710500000|100%| E|CS|TAMS 0x0000000710400000, 0x0000000710400000| Complete 
| 233|0x0000000710500000, 0x0000000710600000, 0x0000000710600000|100%| E|CS|TAMS 0x0000000710500000, 0x0000000710500000| Complete 
| 234|0x0000000710600000, 0x0000000710700000, 0x0000000710700000|100%| E|CS|TAMS 0x0000000710600000, 0x0000000710600000| Complete 
| 235|0x0000000710700000, 0x0000000710800000, 0x0000000710800000|100%| E|CS|TAMS 0x0000000710700000, 0x0000000710700000| Complete 
| 236|0x0000000710800000, 0x0000000710900000, 0x0000000710900000|100%| E|CS|TAMS 0x0000000710800000, 0x0000000710800000| Complete 
| 237|0x0000000710900000, 0x0000000710a00000, 0x0000000710a00000|100%| E|CS|TAMS 0x0000000710900000, 0x0000000710900000| Complete 
| 238|0x0000000710a00000, 0x0000000710b00000, 0x0000000710b00000|100%| E|CS|TAMS 0x0000000710a00000, 0x0000000710a00000| Complete 
| 239|0x0000000710b00000, 0x0000000710c00000, 0x0000000710c00000|100%| E|CS|TAMS 0x0000000710b00000, 0x0000000710b00000| Complete 
| 240|0x0000000710c00000, 0x0000000710d00000, 0x0000000710d00000|100%| E|CS|TAMS 0x0000000710c00000, 0x0000000710c00000| Complete 
| 241|0x0000000710d00000, 0x0000000710e00000, 0x0000000710e00000|100%| E|CS|TAMS 0x0000000710d00000, 0x0000000710d00000| Complete 
| 242|0x0000000710e00000, 0x0000000710f00000, 0x0000000710f00000|100%| E|CS|TAMS 0x0000000710e00000, 0x0000000710e00000| Complete 
| 243|0x0000000710f00000, 0x0000000711000000, 0x0000000711000000|100%| E|CS|TAMS 0x0000000710f00000, 0x0000000710f00000| Complete 
| 244|0x0000000711000000, 0x0000000711100000, 0x0000000711100000|100%| E|CS|TAMS 0x0000000711000000, 0x0000000711000000| Complete 
| 245|0x0000000711100000, 0x0000000711200000, 0x0000000711200000|100%| E|CS|TAMS 0x0000000711100000, 0x0000000711100000| Complete 
| 246|0x0000000711200000, 0x0000000711300000, 0x0000000711300000|100%| E|CS|TAMS 0x0000000711200000, 0x0000000711200000| Complete 
| 247|0x0000000711300000, 0x0000000711400000, 0x0000000711400000|100%| E|CS|TAMS 0x0000000711300000, 0x0000000711300000| Complete 
| 248|0x0000000711400000, 0x0000000711500000, 0x0000000711500000|100%| E|CS|TAMS 0x0000000711400000, 0x0000000711400000| Complete 
| 249|0x0000000711500000, 0x0000000711600000, 0x0000000711600000|100%| E|CS|TAMS 0x0000000711500000, 0x0000000711500000| Complete 
| 250|0x0000000711600000, 0x0000000711700000, 0x0000000711700000|100%| E|CS|TAMS 0x0000000711600000, 0x0000000711600000| Complete 
| 251|0x0000000711700000, 0x0000000711800000, 0x0000000711800000|100%| E|CS|TAMS 0x0000000711700000, 0x0000000711700000| Complete 
| 252|0x0000000711800000, 0x0000000711900000, 0x0000000711900000|100%| E|CS|TAMS 0x0000000711800000, 0x0000000711800000| Complete 
| 253|0x0000000711900000, 0x0000000711a00000, 0x0000000711a00000|100%| E|CS|TAMS 0x0000000711900000, 0x0000000711900000| Complete 
| 254|0x0000000711a00000, 0x0000000711b00000, 0x0000000711b00000|100%| E|CS|TAMS 0x0000000711a00000, 0x0000000711a00000| Complete 
| 255|0x0000000711b00000, 0x0000000711c00000, 0x0000000711c00000|100%| E|CS|TAMS 0x0000000711b00000, 0x0000000711b00000| Complete 

Card table byte_map: [0x0000025fec370000,0x0000025fecb70000] _byte_map_base: 0x0000025fe8b62000

Marking Bits (Prev, Next): (CMBitMap*) 0x0000025fd428be38, (CMBitMap*) 0x0000025fd428be70
 Prev Bits: [0x0000025fed370000, 0x0000025ff1300000)
 Next Bits: [0x0000025ff1300000, 0x0000025ff5290000)

Polling page: 0x0000025fd3a00000

Metaspace:

Usage:
  Non-class:     34.95 MB capacity,    33.96 MB ( 97%) used,   805.17 KB (  2%) free+waste,   202.44 KB ( <1%) overhead. 
      Class:      5.59 MB capacity,     4.84 MB ( 87%) used,   668.84 KB ( 12%) free+waste,   100.38 KB (  2%) overhead. 
       Both:     40.54 MB capacity,    38.80 MB ( 96%) used,     1.44 MB (  4%) free+waste,   302.81 KB ( <1%) overhead. 

Virtual space:
  Non-class space:       36.00 MB reserved,      35.00 MB ( 97%) committed 
      Class space:        1.00 GB reserved,       5.63 MB ( <1%) committed 
             Both:        1.04 GB reserved,      40.63 MB (  4%) committed 

Chunk freelists:
   Non-Class:  54.00 KB
       Class:  0 bytes
        Both:  54.00 KB

CodeHeap 'non-profiled nmethods': size=120000Kb used=3128Kb max_used=3128Kb free=116872Kb
 bounds [0x0000025fe4310000, 0x0000025fe4620000, 0x0000025feb840000]
CodeHeap 'profiled nmethods': size=120000Kb used=13678Kb max_used=13678Kb free=106321Kb
 bounds [0x0000025fdcde0000, 0x0000025fddb50000, 0x0000025fe4310000]
CodeHeap 'non-nmethods': size=5760Kb used=1489Kb max_used=1513Kb free=4270Kb
 bounds [0x0000025fdc840000, 0x0000025fdcab0000, 0x0000025fdcde0000]
 total_blobs=9143 nmethods=5912 adapters=880
 compilation: enabled
              stopped_count=0, restarted_count=0
 full_count=0

Compilation events (10 events):
Event: 57.113 Thread 0x0000025ff86cf800 6521       3       com.sun.javafx.tk.quantum.ViewPainter::paintImpl (1449 bytes)
Event: 57.117 Thread 0x0000025ff86cf800 nmethod 6521 0x0000025fddb3bb90 code [0x0000025fddb3c2a0, 0x0000025fddb405c0]
Event: 57.117 Thread 0x0000025ff86cf800 6520       3       com.sun.javafx.tk.quantum.ViewPainter::validateStageGraphics (70 bytes)
Event: 57.117 Thread 0x0000025ff86cf800 nmethod 6520 0x0000025fddb41f10 code [0x0000025fddb420e0, 0x0000025fddb42610]
Event: 57.117 Thread 0x0000025ff86cf800 6522       3       com.sun.prism.impl.BaseGraphics::setPixelScaleFactors (11 bytes)
Event: 57.117 Thread 0x0000025ff86cf800 nmethod 6522 0x0000025fddb42710 code [0x0000025fddb428c0, 0x0000025fddb42a38]
Event: 57.117 Thread 0x0000025ff86cf800 6523       3       com.sun.prism.impl.BaseTexture::isLocked (8 bytes)
Event: 57.117 Thread 0x0000025ff86cf800 nmethod 6523 0x0000025fddb42b10 code [0x0000025fddb42cc0, 0x0000025fddb42ef8]
Event: 57.117 Thread 0x0000025ff86cf800 6524   !   3       javafx.scene.Scene$ScenePeerPaintListener::frameRendered (37 bytes)
Event: 57.118 Thread 0x0000025ff86cf800 nmethod 6524 0x0000025fddb43010 code [0x0000025fddb43220, 0x0000025fddb43a20]

GC Heap History (10 events):
Event: 0.734 GC heap before
{Heap before GC invocations=0 (full 0):
 garbage-first heap   total 262144K, used 23552K [0x0000000701c00000, 0x0000000800000000)
  region size 1024K, 24 young (24576K), 0 survivors (0K)
 Metaspace       used 11730K, capacity 12119K, committed 12160K, reserved 1060864K
  class space    used 1221K, capacity 1382K, committed 1408K, reserved 1048576K
}
Event: 0.737 GC heap after
{Heap after GC invocations=1 (full 0):
 garbage-first heap   total 262144K, used 3209K [0x0000000701c00000, 0x0000000800000000)
  region size 1024K, 3 young (3072K), 3 survivors (3072K)
 Metaspace       used 11730K, capacity 12119K, committed 12160K, reserved 1060864K
  class space    used 1221K, capacity 1382K, committed 1408K, reserved 1048576K
}
Event: 1.449 GC heap before
{Heap before GC invocations=1 (full 0):
 garbage-first heap   total 262144K, used 60553K [0x0000000701c00000, 0x0000000800000000)
  region size 1024K, 43 young (44032K), 3 survivors (3072K)
 Metaspace       used 20522K, capacity 21228K, committed 21248K, reserved 1067008K
  class space    used 2532K, capacity 2801K, committed 2816K, reserved 1048576K
}
Event: 1.457 GC heap after
{Heap after GC invocations=2 (full 0):
 garbage-first heap   total 262144K, used 24869K [0x0000000701c00000, 0x0000000800000000)
  region size 1024K, 11 young (11264K), 11 survivors (11264K)
 Metaspace       used 20522K, capacity 21228K, committed 21248K, reserved 1067008K
  class space    used 2532K, capacity 2801K, committed 2816K, reserved 1048576K
}
Event: 3.299 GC heap before
{Heap before GC invocations=3 (full 0):
 garbage-first heap   total 262144K, used 80165K [0x0000000701c00000, 0x0000000800000000)
  region size 1024K, 61 young (62464K), 11 survivors (11264K)
 Metaspace       used 33798K, capacity 35229K, committed 35456K, reserved 1079296K
  class space    used 4405K, capacity 4990K, committed 4992K, reserved 1048576K
}
Event: 3.312 GC heap after
{Heap after GC invocations=4 (full 0):
 garbage-first heap   total 262144K, used 36421K [0x0000000701c00000, 0x0000000800000000)
  region size 1024K, 8 young (8192K), 8 survivors (8192K)
 Metaspace       used 33798K, capacity 35229K, committed 35456K, reserved 1079296K
  class space    used 4405K, capacity 4990K, committed 4992K, reserved 1048576K
}
Event: 3.343 GC heap before
{Heap before GC invocations=4 (full 0):
 garbage-first heap   total 262144K, used 39493K [0x0000000701c00000, 0x0000000800000000)
  region size 1024K, 12 young (12288K), 8 survivors (8192K)
 Metaspace       used 34102K, capacity 35458K, committed 35584K, reserved 1079296K
  class space    used 4445K, capacity 5024K, committed 5120K, reserved 1048576K
}
Event: 3.349 GC heap after
{Heap after GC invocations=5 (full 0):
 garbage-first heap   total 262144K, used 36465K [0x0000000701c00000, 0x0000000800000000)
  region size 1024K, 8 young (8192K), 8 survivors (8192K)
 Metaspace       used 34102K, capacity 35458K, committed 35584K, reserved 1079296K
  class space    used 4445K, capacity 5024K, committed 5120K, reserved 1048576K
}
Event: 23.054 GC heap before
{Heap before GC invocations=6 (full 0):
 garbage-first heap   total 262144K, used 196209K [0x0000000701c00000, 0x0000000800000000)
  region size 1024K, 153 young (156672K), 8 survivors (8192K)
 Metaspace       used 39223K, capacity 41026K, committed 41088K, reserved 1085440K
  class space    used 4952K, capacity 5721K, committed 5760K, reserved 1048576K
}
Event: 23.062 GC heap after
{Heap after GC invocations=7 (full 0):
 garbage-first heap   total 262144K, used 41377K [0x0000000701c00000, 0x0000000800000000)
  region size 1024K, 12 young (12288K), 12 survivors (12288K)
 Metaspace       used 39223K, capacity 41026K, committed 41088K, reserved 1085440K
  class space    used 4952K, capacity 5721K, committed 5760K, reserved 1048576K
}

Deoptimization events (10 events):
Event: 53.305 Thread 0x0000025ff930f000 DEOPT PACKING pc=0x0000025fe45d11dc sp=0x000000a589dfd330
Event: 53.305 Thread 0x0000025ff930f000 DEOPT UNPACKING pc=0x0000025fdc8691af sp=0x000000a589dfd378 mode 2
Event: 53.306 Thread 0x0000025ff930f000 Uncommon trap: trap_request=0xffffffde fr.pc=0x0000025fe45d11dc relative=0x0000000000001bdc
Event: 53.306 Thread 0x0000025ff930f000 Uncommon trap: reason=class_check action=maybe_recompile pc=0x0000025fe45d11dc method=com.sun.prism.impl.ps.BaseShaderContext.checkState(Lcom/sun/prism/impl/ps/BaseShaderGraphics;ILcom/sun/javafx/geom/transform/BaseTransform;Lcom/sun/prism/ps/Shader;)V @ 
Event: 53.306 Thread 0x0000025ff930f000 DEOPT PACKING pc=0x0000025fe45d11dc sp=0x000000a589dfcfc0
Event: 53.306 Thread 0x0000025ff930f000 DEOPT UNPACKING pc=0x0000025fdc8691af sp=0x000000a589dfd008 mode 2
Event: 53.352 Thread 0x0000025ff930f000 Uncommon trap: trap_request=0xffffffbe fr.pc=0x0000025fe460337c relative=0x0000000000000c7c
Event: 53.352 Thread 0x0000025ff930f000 Uncommon trap: reason=profile_predicate action=maybe_recompile pc=0x0000025fe460337c method=com.sun.javafx.sg.prism.NGNode.markCullRegions(Lcom/sun/javafx/geom/DirtyRegionContainer;ILcom/sun/javafx/geom/transform/BaseTransform;Lcom/sun/javafx/geom/transfo
Event: 53.352 Thread 0x0000025ff930f000 DEOPT PACKING pc=0x0000025fe460337c sp=0x000000a589dfe600
Event: 53.352 Thread 0x0000025ff930f000 DEOPT UNPACKING pc=0x0000025fdc8691af sp=0x000000a589dfe490 mode 2

Classes redefined (0 events):
No events

Internal exceptions (10 events):
Event: 21.194 Thread 0x0000025ff96bf000 Exception <a 'java/io/FileNotFoundException'{0x000000070b996940}> (0x000000070b996940) thrown at [c:/cygwin64/tmp/openjdk-jdk11u-windows-x64-hotspot/workspace/build/src/src/hotspot/share/prims/jni.cpp, line 615]
Event: 21.294 Thread 0x0000025ff96bf000 Exception <a 'java/lang/NoSuchMethodError'{0x000000070b9d8a28}: 'java.lang.Object java.lang.invoke.DirectMethodHandle$Holder.invokeStatic(java.lang.Object, java.lang.Object, java.lang.Object, java.lang.Object, java.lang.Object, java.lang.Object, java.lang
Event: 21.295 Thread 0x0000025ff96bf000 Exception <a 'java/lang/NoSuchMethodError'{0x000000070b9f2968}: 'java.lang.Object java.lang.invoke.DirectMethodHandle$Holder.invokeStatic(java.lang.Object, java.lang.Object, java.lang.Object, java.lang.Object, java.lang.Object, java.lang.Object, java.lang
Event: 21.297 Thread 0x0000025ff96bf000 Exception <a 'java/lang/NoSuchMethodError'{0x000000070b723f40}: 'java.lang.Object java.lang.invoke.DirectMethodHandle$Holder.invokeSpecial(java.lang.Object, java.lang.Object, int, int, int, java.lang.Object, java.lang.Object)'> (0x000000070b723f40) thrown
Event: 21.297 Thread 0x0000025ff96bf000 Exception <a 'java/lang/NoSuchMethodError'{0x000000070b7273d0}: 'java.lang.Object java.lang.invoke.DelegatingMethodHandle$Holder.reinvoke_L(java.lang.Object, int, int, int, java.lang.Object, java.lang.Object)'> (0x000000070b7273d0) thrown at [c:/cygwin64/
Event: 21.298 Thread 0x0000025ff96bf000 Exception <a 'java/lang/NoSuchMethodError'{0x000000070b737c18}: 'java.lang.Object java.lang.invoke.DirectMethodHandle$Holder.invokeSpecial(java.lang.Object, java.lang.Object, int, java.lang.Object, java.lang.Object)'> (0x000000070b737c18) thrown at [c:/cy
Event: 22.719 Thread 0x0000025ff96bf000 Exception <a 'java/lang/NoSuchMethodError'{0x000000070b615100}: 'java.lang.Object java.lang.invoke.DirectMethodHandle$Holder.invokeStatic(java.lang.Object, java.lang.Object, int, int, int, int, int, java.lang.Object)'> (0x000000070b615100) thrown at [c:/c
Event: 22.719 Thread 0x0000025ff96bf000 Exception <a 'java/lang/NoSuchMethodError'{0x000000070b61ba70}: 'java.lang.Object java.lang.invoke.Invokers$Holder.linkToTargetMethod(java.lang.Object, int, int, int, int, int, java.lang.Object, java.lang.Object)'> (0x000000070b61ba70) thrown at [c:/cygwi
Event: 22.720 Thread 0x0000025ff96bf000 Exception <a 'java/lang/NoSuchMethodError'{0x000000070b625b48}: 'java.lang.Object java.lang.invoke.DirectMethodHandle$Holder.invokeStatic(java.lang.Object, java.lang.Object, java.lang.Object, int, int, int, int, int)'> (0x000000070b625b48) thrown at [c:/c
Event: 22.720 Thread 0x0000025ff96bf000 Exception <a 'java/lang/NoSuchMethodError'{0x000000070b62c3b8}: 'java.lang.Object java.lang.invoke.Invokers$Holder.linkToTargetMethod(java.lang.Object, java.lang.Object, int, int, int, int, int, java.lang.Object)'> (0x000000070b62c3b8) thrown at [c:/cygwi

Events (10 events):
Event: 55.728 Executing VM operation: RevokeBias done
Event: 55.728 Thread 0x0000025f82975800 Thread exited: 0x0000025f82975800
Event: 55.993 Thread 0x0000025f82978000 Thread added: 0x0000025f82978000
Event: 56.033 Executing VM operation: RevokeBias
Event: 56.033 Executing VM operation: RevokeBias done
Event: 56.078 Thread 0x0000025f82974800 Thread added: 0x0000025f82974800
Event: 56.078 Executing VM operation: RevokeBias
Event: 56.078 Executing VM operation: RevokeBias done
Event: 56.078 Thread 0x0000025f82974800 Thread exited: 0x0000025f82974800
Event: 56.122 Thread 0x0000025f82978800 Thread added: 0x0000025f82978800


Dynamic libraries:
0x00007ff7f39b0000 - 0x00007ff7f39fa000 	C:\Program Files\AdoptOpenJDK\jdk-11.0.4.11-hotspot\bin\java.exe
0x00007ffc57890000 - 0x00007ffc57a85000 	C:\WINDOWS\SYSTEM32\ntdll.dll
0x00007ffc55fa0000 - 0x00007ffc5605e000 	C:\WINDOWS\System32\KERNEL32.DLL
0x00007ffc553c0000 - 0x00007ffc55688000 	C:\WINDOWS\System32\KERNELBASE.dll
0x00007ffc56490000 - 0x00007ffc56630000 	C:\WINDOWS\System32\USER32.dll
0x00007ffc54fb0000 - 0x00007ffc54fd2000 	C:\WINDOWS\System32\win32u.dll
0x00007ffc57010000 - 0x00007ffc5703b000 	C:\WINDOWS\System32\GDI32.dll
0x00007ffc55210000 - 0x00007ffc5531b000 	C:\WINDOWS\System32\gdi32full.dll
0x00007ffc55170000 - 0x00007ffc5520d000 	C:\WINDOWS\System32\msvcp_win.dll
0x00007ffc55070000 - 0x00007ffc55170000 	C:\WINDOWS\System32\ucrtbase.dll
0x00007ffc54360000 - 0x00007ffc545fa000 	C:\WINDOWS\WinSxS\amd64_microsoft.windows.common-controls_6595b64144ccf1df_6.0.19041.1110_none_60b5254171f9507e\COMCTL32.dll
0x00007ffc576d0000 - 0x00007ffc5776e000 	C:\WINDOWS\System32\msvcrt.dll
0x00007ffc55aa0000 - 0x00007ffc55ad0000 	C:\WINDOWS\System32\IMM32.DLL
0x00007ffc38530000 - 0x00007ffc38546000 	C:\Program Files\AdoptOpenJDK\jdk-11.0.4.11-hotspot\bin\vcruntime140.dll
0x00007ffc13e20000 - 0x00007ffc13ebb000 	C:\Program Files\AdoptOpenJDK\jdk-11.0.4.11-hotspot\bin\msvcp140.dll
0x00007ffbea9f0000 - 0x00007ffbeb4a6000 	C:\Program Files\AdoptOpenJDK\jdk-11.0.4.11-hotspot\bin\server\jvm.dll
0x00007ffc572f0000 - 0x00007ffc5739e000 	C:\WINDOWS\System32\ADVAPI32.dll
0x00007ffc57250000 - 0x00007ffc572ec000 	C:\WINDOWS\System32\sechost.dll
0x00007ffc56ec0000 - 0x00007ffc56fe5000 	C:\WINDOWS\System32\RPCRT4.dll
0x00007ffc566e0000 - 0x00007ffc566e8000 	C:\WINDOWS\System32\PSAPI.DLL
0x00007ffc397f0000 - 0x00007ffc397f9000 	C:\WINDOWS\SYSTEM32\WSOCK32.dll
0x00007ffc40f90000 - 0x00007ffc40fb7000 	C:\WINDOWS\SYSTEM32\WINMM.dll
0x00007ffc4a120000 - 0x00007ffc4a12a000 	C:\WINDOWS\SYSTEM32\VERSION.dll
0x00007ffc56e40000 - 0x00007ffc56eab000 	C:\WINDOWS\System32\WS2_32.dll
0x00007ffc534a0000 - 0x00007ffc534b2000 	C:\WINDOWS\SYSTEM32\kernel.appcore.dll
0x00007ffc362f0000 - 0x00007ffc36300000 	C:\Program Files\AdoptOpenJDK\jdk-11.0.4.11-hotspot\bin\verify.dll
0x00007ffc54a30000 - 0x00007ffc54c14000 	C:\WINDOWS\SYSTEM32\DBGHELP.DLL
0x00007ffc548a0000 - 0x00007ffc548cc000 	C:\WINDOWS\SYSTEM32\dbgcore.DLL
0x00007ffc54fe0000 - 0x00007ffc55062000 	C:\WINDOWS\System32\bcryptPrimitives.dll
0x00007ffc1bc20000 - 0x00007ffc1bc48000 	C:\Program Files\AdoptOpenJDK\jdk-11.0.4.11-hotspot\bin\java.dll
0x00007ffc1ac80000 - 0x00007ffc1ac96000 	C:\Program Files\AdoptOpenJDK\jdk-11.0.4.11-hotspot\bin\zip.dll
0x00007ffc362c0000 - 0x00007ffc362ca000 	C:\Program Files\AdoptOpenJDK\jdk-11.0.4.11-hotspot\bin\jimage.dll
0x00007ffc566f0000 - 0x00007ffc56e34000 	C:\WINDOWS\System32\SHELL32.dll
0x00007ffc4f850000 - 0x00007ffc4ffe4000 	C:\WINDOWS\SYSTEM32\windows.storage.dll
0x00007ffc56060000 - 0x00007ffc563b4000 	C:\WINDOWS\System32\combase.dll
0x00007ffc542c0000 - 0x00007ffc542ec000 	C:\WINDOWS\SYSTEM32\Wldp.dll
0x00007ffc574f0000 - 0x00007ffc5759d000 	C:\WINDOWS\System32\SHCORE.dll
0x00007ffc57160000 - 0x00007ffc571b5000 	C:\WINDOWS\System32\shlwapi.dll
0x00007ffc54ef0000 - 0x00007ffc54f0f000 	C:\WINDOWS\SYSTEM32\profapi.dll
0x00007ffc19c80000 - 0x00007ffc19c99000 	C:\Program Files\AdoptOpenJDK\jdk-11.0.4.11-hotspot\bin\net.dll
0x00007ffc3d330000 - 0x00007ffc3d51c000 	C:\WINDOWS\SYSTEM32\urlmon.dll
0x00007ffc492f0000 - 0x00007ffc493f9000 	C:\WINDOWS\SYSTEM32\WINHTTP.dll
0x00007ffc3d730000 - 0x00007ffc3d9e1000 	C:\WINDOWS\SYSTEM32\iertutil.dll
0x00007ffc53e70000 - 0x00007ffc53e7c000 	C:\WINDOWS\SYSTEM32\netutils.dll
0x00007ffc3d200000 - 0x00007ffc3d228000 	C:\WINDOWS\SYSTEM32\srvcli.dll
0x00007ffc54010000 - 0x00007ffc5407a000 	C:\WINDOWS\system32\mswsock.dll
0x00007ffc19a20000 - 0x00007ffc19a32000 	C:\Program Files\AdoptOpenJDK\jdk-11.0.4.11-hotspot\bin\nio.dll
0x0000025fd4170000 - 0x0000025fd4173000 	C:\Users\Jake Yeo\.openjfx\cache\17.0.2-ea\api-ms-win-core-console-l1-1-0.dll
0x0000025fd4180000 - 0x0000025fd4183000 	C:\Users\Jake Yeo\.openjfx\cache\17.0.2-ea\api-ms-win-core-console-l1-2-0.dll
0x0000025fd4190000 - 0x0000025fd4193000 	C:\Users\Jake Yeo\.openjfx\cache\17.0.2-ea\api-ms-win-core-datetime-l1-1-0.dll
0x0000025fd41a0000 - 0x0000025fd41a3000 	C:\Users\Jake Yeo\.openjfx\cache\17.0.2-ea\api-ms-win-core-debug-l1-1-0.dll
0x0000025fd41b0000 - 0x0000025fd41b3000 	C:\Users\Jake Yeo\.openjfx\cache\17.0.2-ea\api-ms-win-core-errorhandling-l1-1-0.dll
0x0000025fd41c0000 - 0x0000025fd41c4000 	C:\Users\Jake Yeo\.openjfx\cache\17.0.2-ea\api-ms-win-core-file-l1-1-0.dll
0x0000025fd41d0000 - 0x0000025fd41d3000 	C:\Users\Jake Yeo\.openjfx\cache\17.0.2-ea\api-ms-win-core-file-l1-2-0.dll
0x0000025fd41e0000 - 0x0000025fd41e3000 	C:\Users\Jake Yeo\.openjfx\cache\17.0.2-ea\api-ms-win-core-file-l2-1-0.dll
0x0000025fd41f0000 - 0x0000025fd41f3000 	C:\Users\Jake Yeo\.openjfx\cache\17.0.2-ea\api-ms-win-core-handle-l1-1-0.dll
0x0000025ffa2f0000 - 0x0000025ffa2f3000 	C:\Users\Jake Yeo\.openjfx\cache\17.0.2-ea\api-ms-win-core-heap-l1-1-0.dll
0x0000025ffa300000 - 0x0000025ffa303000 	C:\Users\Jake Yeo\.openjfx\cache\17.0.2-ea\api-ms-win-core-interlocked-l1-1-0.dll
0x0000025ffa310000 - 0x0000025ffa313000 	C:\Users\Jake Yeo\.openjfx\cache\17.0.2-ea\api-ms-win-core-libraryloader-l1-1-0.dll
0x0000025ffa320000 - 0x0000025ffa323000 	C:\Users\Jake Yeo\.openjfx\cache\17.0.2-ea\api-ms-win-core-localization-l1-2-0.dll
0x0000025ffa330000 - 0x0000025ffa333000 	C:\Users\Jake Yeo\.openjfx\cache\17.0.2-ea\api-ms-win-core-memory-l1-1-0.dll
0x0000025ffa340000 - 0x0000025ffa343000 	C:\Users\Jake Yeo\.openjfx\cache\17.0.2-ea\api-ms-win-core-namedpipe-l1-1-0.dll
0x0000025ffa350000 - 0x0000025ffa353000 	C:\Users\Jake Yeo\.openjfx\cache\17.0.2-ea\api-ms-win-core-processenvironment-l1-1-0.dll
0x0000025ffa360000 - 0x0000025ffa363000 	C:\Users\Jake Yeo\.openjfx\cache\17.0.2-ea\api-ms-win-core-processthreads-l1-1-0.dll
0x0000025ffa370000 - 0x0000025ffa373000 	C:\Users\Jake Yeo\.openjfx\cache\17.0.2-ea\api-ms-win-core-processthreads-l1-1-1.dll
0x0000025ffa380000 - 0x0000025ffa383000 	C:\Users\Jake Yeo\.openjfx\cache\17.0.2-ea\api-ms-win-core-profile-l1-1-0.dll
0x0000025ffa390000 - 0x0000025ffa393000 	C:\Users\Jake Yeo\.openjfx\cache\17.0.2-ea\api-ms-win-core-rtlsupport-l1-1-0.dll
0x0000025ffa3a0000 - 0x0000025ffa3a3000 	C:\Users\Jake Yeo\.openjfx\cache\17.0.2-ea\api-ms-win-core-string-l1-1-0.dll
0x0000025ffa3b0000 - 0x0000025ffa3b3000 	C:\Users\Jake Yeo\.openjfx\cache\17.0.2-ea\api-ms-win-core-synch-l1-1-0.dll
0x0000025ffa3c0000 - 0x0000025ffa3c3000 	C:\Users\Jake Yeo\.openjfx\cache\17.0.2-ea\api-ms-win-core-synch-l1-2-0.dll
0x0000025ffa3d0000 - 0x0000025ffa3d3000 	C:\Users\Jake Yeo\.openjfx\cache\17.0.2-ea\api-ms-win-core-sysinfo-l1-1-0.dll
0x0000025ffa3e0000 - 0x0000025ffa3e3000 	C:\Users\Jake Yeo\.openjfx\cache\17.0.2-ea\api-ms-win-core-timezone-l1-1-0.dll
0x0000025ffa3f0000 - 0x0000025ffa3f3000 	C:\Users\Jake Yeo\.openjfx\cache\17.0.2-ea\api-ms-win-core-util-l1-1-0.dll
0x0000025ffa400000 - 0x0000025ffa403000 	C:\Users\Jake Yeo\.openjfx\cache\17.0.2-ea\api-ms-win-crt-conio-l1-1-0.dll
0x0000025ffa410000 - 0x0000025ffa414000 	C:\Users\Jake Yeo\.openjfx\cache\17.0.2-ea\api-ms-win-crt-convert-l1-1-0.dll
0x0000025ffa420000 - 0x0000025ffa423000 	C:\Users\Jake Yeo\.openjfx\cache\17.0.2-ea\api-ms-win-crt-environment-l1-1-0.dll
0x0000025ffa430000 - 0x0000025ffa433000 	C:\Users\Jake Yeo\.openjfx\cache\17.0.2-ea\api-ms-win-crt-filesystem-l1-1-0.dll
0x0000025ffa440000 - 0x0000025ffa443000 	C:\Users\Jake Yeo\.openjfx\cache\17.0.2-ea\api-ms-win-crt-heap-l1-1-0.dll
0x0000025ffa450000 - 0x0000025ffa453000 	C:\Users\Jake Yeo\.openjfx\cache\17.0.2-ea\api-ms-win-crt-locale-l1-1-0.dll
0x0000025ffa460000 - 0x0000025ffa465000 	C:\Users\Jake Yeo\.openjfx\cache\17.0.2-ea\api-ms-win-crt-math-l1-1-0.dll
0x0000025ffa470000 - 0x0000025ffa475000 	C:\Users\Jake Yeo\.openjfx\cache\17.0.2-ea\api-ms-win-crt-multibyte-l1-1-0.dll
0x0000025ffa480000 - 0x0000025ffa490000 	C:\Users\Jake Yeo\.openjfx\cache\17.0.2-ea\api-ms-win-crt-private-l1-1-0.dll
0x0000025ffa490000 - 0x0000025ffa493000 	C:\Users\Jake Yeo\.openjfx\cache\17.0.2-ea\api-ms-win-crt-process-l1-1-0.dll
0x0000025ffa4a0000 - 0x0000025ffa4a4000 	C:\Users\Jake Yeo\.openjfx\cache\17.0.2-ea\api-ms-win-crt-runtime-l1-1-0.dll
0x0000025ffa4b0000 - 0x0000025ffa4b4000 	C:\Users\Jake Yeo\.openjfx\cache\17.0.2-ea\api-ms-win-crt-stdio-l1-1-0.dll
0x0000025ffa4c0000 - 0x0000025ffa4c4000 	C:\Users\Jake Yeo\.openjfx\cache\17.0.2-ea\api-ms-win-crt-string-l1-1-0.dll
0x0000025ffa4d0000 - 0x0000025ffa4d3000 	C:\Users\Jake Yeo\.openjfx\cache\17.0.2-ea\api-ms-win-crt-time-l1-1-0.dll
0x0000025ffa4e0000 - 0x0000025ffa4e3000 	C:\Users\Jake Yeo\.openjfx\cache\17.0.2-ea\api-ms-win-crt-utility-l1-1-0.dll
0x00007ffc16690000 - 0x00007ffc1678c000 	C:\Users\Jake Yeo\.openjfx\cache\17.0.2-ea\ucrtbase.dll
0x00007ffc2fa20000 - 0x00007ffc2fa3a000 	C:\Users\Jake Yeo\.openjfx\cache\17.0.2-ea\vcruntime140.dll
0x00007ffc47ee0000 - 0x00007ffc47eec000 	C:\Users\Jake Yeo\.openjfx\cache\17.0.2-ea\vcruntime140_1.dll
0x00007ffc2f460000 - 0x00007ffc2f4ed000 	C:\Users\Jake Yeo\.openjfx\cache\17.0.2-ea\msvcp140.dll
0x00007ffc2f7b0000 - 0x00007ffc2f7da000 	C:\Users\Jake Yeo\.openjfx\cache\17.0.2-ea\prism_d3d.dll
0x00007ffc41c10000 - 0x00007ffc41ddf000 	C:\WINDOWS\system32\d3d9.dll
0x00007ffc4edd0000 - 0x00007ffc4edff000 	C:\WINDOWS\SYSTEM32\dwmapi.dll
0x00007ffc4ebe0000 - 0x00007ffc4ec7e000 	C:\WINDOWS\system32\uxtheme.dll
0x00007ffc169f0000 - 0x00007ffc16b82000 	C:\WINDOWS\System32\DriverStore\FileRepository\igdlh64.inf_amd64_ceba516baea4bed9\igdumdim64.dll
0x00007ffc44d20000 - 0x00007ffc44e73000 	C:\WINDOWS\System32\DriverStore\FileRepository\igdlh64.inf_amd64_ceba516baea4bed9\igdgmm64.dll
0x00007ffc2f370000 - 0x00007ffc2f3b2000 	C:\Users\Jake Yeo\.openjfx\cache\17.0.2-ea\glass.dll
0x00007ffc57410000 - 0x00007ffc574eb000 	C:\WINDOWS\System32\COMDLG32.dll
0x00007ffc575a0000 - 0x00007ffc576ca000 	C:\WINDOWS\System32\ole32.dll
0x00007ffc563c0000 - 0x00007ffc5648d000 	C:\WINDOWS\System32\OLEAUT32.dll
0x00007ffc57040000 - 0x00007ffc57156000 	C:\WINDOWS\System32\MSCTF.dll
0x00007ffbee100000 - 0x00007ffbf1d17000 	C:\WINDOWS\System32\DriverStore\FileRepository\igdlh64.inf_amd64_ceba516baea4bed9\igd9dxva64.dll
0x00007ffc2ef20000 - 0x00007ffc2ef42000 	C:\WINDOWS\System32\DriverStore\FileRepository\igdlh64.inf_amd64_ceba516baea4bed9\igdinfo64.dll
0x00007ffc429a0000 - 0x00007ffc44d1f000 	C:\WINDOWS\System32\DriverStore\FileRepository\igdlh64.inf_amd64_ceba516baea4bed9\igc64.dll
0x00007ffc4acd0000 - 0x00007ffc4ad0b000 	C:\WINDOWS\SYSTEM32\dxcore.dll
0x00007ffc55740000 - 0x00007ffc5578e000 	C:\WINDOWS\System32\cfgmgr32.dll
0x00007ffc2f790000 - 0x00007ffc2f7a4000 	C:\Users\Jake Yeo\.openjfx\cache\17.0.2-ea\javafx_font.dll
0x00007ffc3bec0000 - 0x00007ffc3c13f000 	C:\WINDOWS\SYSTEM32\dwrite.dll
0x00007ffbdb860000 - 0x00007ffbdf71d000 	C:\Users\Jake Yeo\.openjfx\cache\17.0.2-ea\jfxwebkit.dll
0x00007ffc54c60000 - 0x00007ffc54c78000 	C:\WINDOWS\SYSTEM32\CRYPTSP.dll
0x00007ffc539c0000 - 0x00007ffc539f4000 	C:\WINDOWS\system32\rsaenh.dll
0x00007ffc55320000 - 0x00007ffc55347000 	C:\WINDOWS\System32\bcrypt.dll
0x00007ffc54100000 - 0x00007ffc5410c000 	C:\WINDOWS\SYSTEM32\CRYPTBASE.dll
0x00007ffc3f580000 - 0x00007ffc3f58d000 	C:\Program Files\AdoptOpenJDK\jdk-11.0.4.11-hotspot\bin\sunmscapi.dll
0x00007ffc55790000 - 0x00007ffc558e6000 	C:\WINDOWS\System32\CRYPT32.dll
0x00007ffc54330000 - 0x00007ffc54357000 	C:\WINDOWS\SYSTEM32\ncrypt.dll
0x00007ffc542f0000 - 0x00007ffc5432b000 	C:\WINDOWS\SYSTEM32\NTASN1.dll
0x00007ffc2f580000 - 0x00007ffc2f5a6000 	C:\Program Files\AdoptOpenJDK\jdk-11.0.4.11-hotspot\bin\sunec.dll
0x00007ffc19330000 - 0x00007ffc193cd000 	C:\Users\Jake Yeo\.openjfx\cache\17.0.2-ea\glib-lite.dll
0x00007ffc13b80000 - 0x00007ffc13c6a000 	C:\Users\Jake Yeo\.openjfx\cache\17.0.2-ea\gstreamer-lite.dll
0x00007ffc2a8c0000 - 0x00007ffc2a95c000 	C:\WINDOWS\SYSTEM32\DSOUND.dll
0x00007ffc54e20000 - 0x00007ffc54e6b000 	C:\WINDOWS\SYSTEM32\powrprof.dll
0x00007ffc2dd00000 - 0x00007ffc2dd26000 	C:\WINDOWS\SYSTEM32\winmmbase.dll
0x00007ffc54e00000 - 0x00007ffc54e12000 	C:\WINDOWS\SYSTEM32\UMPDC.dll
0x00007ffc2f430000 - 0x00007ffc2f453000 	C:\Users\Jake Yeo\.openjfx\cache\17.0.2-ea\jfxmedia.dll
0x00007ffc54eb0000 - 0x00007ffc54ede000 	C:\WINDOWS\SYSTEM32\USERENV.dll

dbghelp: loaded successfully - version: 4.0.5 - missing functions: none
symbol engine: initialized successfully - sym options: 0x614 - pdb path: .;C:\Program Files\AdoptOpenJDK\jdk-11.0.4.11-hotspot\bin;C:\WINDOWS\SYSTEM32;C:\WINDOWS\WinSxS\amd64_microsoft.windows.common-controls_6595b64144ccf1df_6.0.19041.1110_none_60b5254171f9507e;C:\Program Files\AdoptOpenJDK\jdk-11.0.4.11-hotspot\bin\server;C:\Users\Jake Yeo\.openjfx\cache\17.0.2-ea;C:\WINDOWS\System32\DriverStore\FileRepository\igdlh64.inf_amd64_ceba516baea4bed9;C:\Program Files\Common Files\Microsoft Shared\Ink

VM Arguments:
jvm_args: --module-path=C:\Users\Jake Yeo\.m2\repository\org\openjfx\javafx-base\17.0.2\javafx-base-17.0.2-win.jar;C:\Users\Jake Yeo\.m2\repository\org\openjfx\javafx-base\17.0.2\javafx-base-17.0.2.jar;C:\Users\Jake Yeo\.m2\repository\org\openjfx\javafx-controls\17.0.2\javafx-controls-17.0.2-win.jar;C:\Users\Jake Yeo\.m2\repository\org\openjfx\javafx-controls\17.0.2\javafx-controls-17.0.2.jar;C:\Users\Jake Yeo\.m2\repository\org\openjfx\javafx-fxml\17.0.2\javafx-fxml-17.0.2-win.jar;C:\Users\Jake Yeo\.m2\repository\org\openjfx\javafx-fxml\17.0.2\javafx-fxml-17.0.2.jar;C:\Users\Jake Yeo\.m2\repository\org\openjfx\javafx-graphics\17.0.2\javafx-graphics-17.0.2-win.jar;C:\Users\Jake Yeo\.m2\repository\org\openjfx\javafx-graphics\17.0.2\javafx-graphics-17.0.2.jar;C:\Users\Jake Yeo\.m2\repository\org\openjfx\javafx-media\17.0.2\javafx-media-17.0.2-win.jar;C:\Users\Jake Yeo\.m2\repository\org\openjfx\javafx-media\17.0.2\javafx-media-17.0.2.jar;C:\Users\Jake Yeo\.m2\repository\org\openjfx\javafx-swing\17.0.2\javafx-swing-17.0.2-win.jar;C:\Users\Jake Yeo\.m2\repository\org\openjfx\javafx-swing\17.0.2\javafx-swing-17.0.2.jar;C:\Users\Jake Yeo\.m2\repository\org\openjfx\javafx-web\17.0.2\javafx-web-17.0.2-win.jar;C:\Users\Jake Yeo\.m2\repository\org\openjfx\javafx-web\17.0.2\javafx-web-17.0.2.jar --add-modules=javafx.base,javafx.controls,javafx.fxml,javafx.graphics,javafx.media,javafx.swing,javafx.web 
java_command: apprunner.AppRunner
java_class_path (initial): C:\Users\Jake Yeo\OneDrive\Documents\NetBeansProjects\MotisHarmonyMaven\target\classes;C:\Users\Jake Yeo\.m2\repository\com\beust\jcommander\1.81\jcommander-1.81.jar;C:\Users\Jake Yeo\.m2\repository\com\fasterxml\jackson\core\jackson-annotations\2.10.3\jackson-annotations-2.10.3.jar;C:\Users\Jake Yeo\.m2\repository\com\fasterxml\jackson\core\jackson-core\2.10.3\jackson-core-2.10.3.jar;C:\Users\Jake Yeo\.m2\repository\com\fasterxml\jackson\core\jackson-databind\2.10.3\jackson-databind-2.10.3.jar;C:\Users\Jake Yeo\.m2\repository\com\github\docker-java\docker-java\3.2.12\docker-java-3.2.12.jar;C:\Users\Jake Yeo\.m2\repository\com\github\docker-java\docker-java-api\3.2.12\docker-java-api-3.2.12.jar;C:\Users\Jake Yeo\.m2\repository\com\github\docker-java\docker-java-core\3.2.12\docker-java-core-3.2.12.jar;C:\Users\Jake Yeo\.m2\repository\com\github\docker-java\docker-java-transport\3.2.12\docker-java-transport-3.2.12.jar;C:\Users\Jake Yeo\.m2\repository\com\github\docker-java\docker-java-transport-httpclient5\3.2.12\docker-java-transport-httpclient5-3.2.12.jar;C:\Users\Jake Yeo\.m2\repository\com\google\auto\auto-common\1.2\auto-common-1.2.jar;C:\Users\Jake Yeo\.m2\repository\com\google\auto\service\auto-service\1.0.1\auto-service-1.0.1.jar;C:\Users\Jake Yeo\.m2\repository\com\google\auto\service\auto-service-annotations\1.0.1\auto-service-annotations-1.0.1.jar;C:\Users\Jake Yeo\.m2\repository\com\google\code\findbugs\jsr305\3.0.2\jsr305-3.0.2.jar;C:\Users\Jake Yeo\.m2\repository\com\google\code\gson\gson\2.8.8\gson-2.8.8.jar;C:\Users\Jake Yeo\.m2\repository\com\google\errorprone\error_prone_annotations\2.5.1\error_prone_annotations-2.5.1.jar;C:\Users\Jake Yeo\.m2\repository\com\google\guava\failureaccess\1.0.1\failureaccess-1.0.1.jar;C:\Users\Jake Yeo\.m2\repository\com\google\guava\guava\30.1.1-jre\guava-30.1.1-jre.jar;C:\Users\Jake Yeo\.m2\repository\com\google\guava\listenablefuture\9999.0-empty-to-avoid-conflict-with-guava\listenablefutu
Launcher Type: SUN_STANDARD

[Global flags]
     intx CICompilerCount                          = 4                                         {product} {ergonomic}
     uint ConcGCThreads                            = 2                                         {product} {ergonomic}
     uint G1ConcRefinementThreads                  = 8                                         {product} {ergonomic}
   size_t G1HeapRegionSize                         = 1048576                                   {product} {ergonomic}
    uintx GCDrainStackTargetSize                   = 64                                        {product} {ergonomic}
   size_t InitialHeapSize                          = 268435456                                 {product} {ergonomic}
   size_t MarkStackSize                            = 4194304                                   {product} {ergonomic}
   size_t MaxHeapSize                              = 4265607168                                {product} {ergonomic}
   size_t MaxNewSize                               = 2558525440                                {product} {ergonomic}
   size_t MinHeapDeltaBytes                        = 1048576                                   {product} {ergonomic}
    uintx NonNMethodCodeHeapSize                   = 5835340                                {pd product} {ergonomic}
    uintx NonProfiledCodeHeapSize                  = 122911450                              {pd product} {ergonomic}
    uintx ProfiledCodeHeapSize                     = 122911450                              {pd product} {ergonomic}
    uintx ReservedCodeCacheSize                    = 251658240                              {pd product} {ergonomic}
     bool SegmentedCodeCache                       = true                                      {product} {ergonomic}
     bool UseCompressedClassPointers               = true                                 {lp64_product} {ergonomic}
     bool UseCompressedOops                        = true                                 {lp64_product} {ergonomic}
     bool UseG1GC                                  = true                                      {product} {ergonomic}
     bool UseLargePagesIndividualAllocation        = false                                  {pd product} {ergonomic}

Logging:
Log output configuration:
 #0: stdout all=warning uptime,level,tags
 #1: stderr all=off uptime,level,tags

Environment Variables:
JAVA_HOME=C:\Program Files\AdoptOpenJDK\jdk-11.0.4.11-hotspot
PATH=C:\Program Files (x86)\NVIDIA Corporation\PhysX\Common;C:\Program Files\AdoptOpenJDK\jdk-11.0.4.11-hotspot\bin;C:Program FilesJavajdk1.7.0_72bin;C:\Program Files (x86)\Common Files\Oracle\Java\javapath;C:\Program Files (x86)\Intel\iCLS Client\;C:\Program Files\Intel\iCLS Client\;C:\Windows\system32;C:\Windows;C:\Windows\System32\Wbem;C:\Windows\System32\WindowsPowerShell\v1.0\;C:\Program Files\Intel\WiFi\bin\;C:\Program Files\Common Files\Intel\WirelessCommon\;C:\Program Files (x86)\Intel\Intel(R) Management Engine Components\DAL;C:\Program Files\Intel\Intel(R) Management Engine Components\DAL;C:\Program Files (x86)\Intel\Intel(R) Management Engine Components\IPT;C:\Program Files\Intel\Intel(R) Management Engine Components\IPT;C:\WINDOWS\system32;C:\WINDOWS;C:\WINDOWS\System32\Wbem;C:\WINDOWS\System32\WindowsPowerShell\v1.0\;C:\WINDOWS\System32\OpenSSH\;C:\Program Files (x86)\Java\jre1.8.0_211\bin;C:\Program Files\dotnet\;C:\Program Files\Microsoft SQL Server\130\Tools\Binn\;C:\Program Files\Microsoft SQL Server\Client SDK\ODBC\170\Tools\Binn\;C:\Program Files\Git\cmd;C:\Gradle\gradle-7.4.2\bin;C:\Users\Jake Yeo\AppData\Local\Programs\Python\Python38\Scripts\;C:\Users\Jake Yeo\AppData\Local\Programs\Python\Python38\;C:\Users\Jake Yeo\AppData\Local\Microsoft\WindowsApps;C:\Users\Jake Yeo\Dropbox(Old)\My PC (DESKTOP-P6JNU2B)\Desktop\gradle-6.8.3\bin;C:\Users\Jake Yeo\anaconda3;C:\Users\Jake Yeo\anaconda3\Scripts;C:\Users\Jake Yeo\anaconda3\python.exe;
USERNAME=Jake Yeo
OS=Windows_NT
PROCESSOR_IDENTIFIER=Intel64 Family 6 Model 158 Stepping 9, GenuineIntel



---------------  S Y S T E M  ---------------

OS: Windows 10 , 64 bit Build 19041 (10.0.19041.1566)

CPU:total 8 (initial active 8) (4 cores per cpu, 2 threads per core) family 6 model 158 stepping 9, cmov, cx8, fxsr, mmx, sse, sse2, sse3, ssse3, sse4.1, sse4.2, popcnt, avx, avx2, aes, clmul, erms, 3dnowpref, lzcnt, ht, tsc, tscinvbit, bmi1, bmi2, adx, fma

Memory: 4k page, system-wide physical 16268M (7807M free)
TotalPageFile size 23436M (AvailPageFile size 11962M)
current process WorkingSet (physical memory assigned to process): 584M, peak: 585M
current process commit charge ("private bytes"): 709M, peak: 731M

vm_info: OpenJDK 64-Bit Server VM (11.0.4+11) for windows-amd64 JRE (11.0.4+11), built on Jul 18 2019 06:43:34 by "" with MS VC++ 15.8 (VS2017)

END.
